2023-07-26 10:27:23,669 WARN com.zaxxer.hikari.pool.HikariPool$HouseKeeper [HikariPool-1 housekeeper] HikariPool-1 - Thread starvation or clock leap detected (housekeeper delta=11h1m52s147ms314µs300ns).
2023-07-26 11:18:08,034 INFO org.springframework.orm.jpa.AbstractEntityManagerFactoryBean [SpringApplicationShutdownHook] Closing JPA EntityManagerFactory for persistence unit 'default'
2023-07-26 11:18:08,042 INFO com.zaxxer.hikari.HikariDataSource [SpringApplicationShutdownHook] HikariPool-1 - Shutdown initiated...
2023-07-26 11:18:08,049 INFO com.zaxxer.hikari.HikariDataSource [SpringApplicationShutdownHook] HikariPool-1 - Shutdown completed.
2023-07-26 11:18:17,900 INFO org.hibernate.validator.internal.util.Version [background-preinit] HV000001: Hibernate Validator 6.2.5.Final
2023-07-26 11:18:17,918 INFO org.springframework.boot.StartupInfoLogger [restartedMain] Starting ApiWebsmsApplication using Java 11.0.17 on DESKTOP-7QP6LFN with PID 22192 (E:\KIWI\2SMOBILE\api-backend-websms\api-websms\target\classes started by User in E:\KIWI\2SMOBILE\api-backend-websms\api-websms)
2023-07-26 11:18:17,922 DEBUG org.springframework.boot.StartupInfoLogger [restartedMain] Running with Spring Boot v2.7.9, Spring v5.3.25
2023-07-26 11:18:17,925 INFO org.springframework.boot.SpringApplication [restartedMain] No active profile set, falling back to 1 default profile: "default"
2023-07-26 11:18:18,070 INFO org.springframework.boot.logging.DeferredLog [restartedMain] Devtools property defaults active! Set 'spring.devtools.add-properties' to 'false' to disable
2023-07-26 11:18:18,071 INFO org.springframework.boot.logging.DeferredLog [restartedMain] For additional web related logging consider setting the 'logging.level.web' property to 'DEBUG'
2023-07-26 11:18:19,774 INFO org.springframework.data.repository.config.RepositoryConfigurationDelegate [restartedMain] Bootstrapping Spring Data JPA repositories in DEFAULT mode.
2023-07-26 11:18:19,867 INFO org.springframework.data.repository.config.RepositoryConfigurationDelegate [restartedMain] Finished Spring Data repository scanning in 77 ms. Found 1 JPA repository interfaces.
2023-07-26 11:18:22,083 INFO org.springframework.boot.web.embedded.tomcat.TomcatWebServer [restartedMain] Tomcat initialized with port(s): 8400 (http)
2023-07-26 11:18:22,103 INFO org.apache.juli.logging.DirectJDKLog [restartedMain] Initializing ProtocolHandler ["http-nio-8400"]
2023-07-26 11:18:22,104 INFO org.apache.juli.logging.DirectJDKLog [restartedMain] Starting service [Tomcat]
2023-07-26 11:18:22,104 INFO org.apache.juli.logging.DirectJDKLog [restartedMain] Starting Servlet engine: [Apache Tomcat/9.0.71]
2023-07-26 11:18:22,305 INFO org.apache.juli.logging.DirectJDKLog [restartedMain] Initializing Spring embedded WebApplicationContext
2023-07-26 11:18:22,306 INFO org.springframework.boot.web.servlet.context.ServletWebServerApplicationContext [restartedMain] Root WebApplicationContext: initialization completed in 4234 ms
2023-07-26 11:18:22,836 INFO com.zaxxer.hikari.HikariDataSource [restartedMain] HikariPool-1 - Starting...
2023-07-26 11:18:23,197 INFO com.zaxxer.hikari.HikariDataSource [restartedMain] HikariPool-1 - Start completed.
2023-07-26 11:18:23,304 INFO org.hibernate.jpa.internal.util.LogHelper [restartedMain] HHH000204: Processing PersistenceUnitInfo [name: default]
2023-07-26 11:18:23,433 INFO org.hibernate.Version [restartedMain] HHH000412: Hibernate ORM core version 5.6.15.Final
2023-07-26 11:18:23,770 INFO org.hibernate.annotations.common.reflection.java.JavaReflectionManager [restartedMain] HCANN000001: Hibernate Commons Annotations {5.1.2.Final}
2023-07-26 11:18:24,010 INFO org.hibernate.dialect.Dialect [restartedMain] HHH000400: Using dialect: org.hibernate.dialect.MySQL5Dialect
2023-07-26 11:18:24,950 INFO org.hibernate.engine.transaction.jta.platform.internal.JtaPlatformInitiator [restartedMain] HHH000490: Using JtaPlatform implementation: [org.hibernate.engine.transaction.jta.platform.internal.NoJtaPlatform]
2023-07-26 11:18:24,966 INFO org.springframework.orm.jpa.AbstractEntityManagerFactoryBean [restartedMain] Initialized JPA EntityManagerFactory for persistence unit 'default'
2023-07-26 11:18:25,254 WARN org.springframework.boot.autoconfigure.orm.jpa.JpaBaseConfiguration$JpaWebConfiguration [restartedMain] spring.jpa.open-in-view is enabled by default. Therefore, database queries may be performed during view rendering. Explicitly configure spring.jpa.open-in-view to disable this warning
2023-07-26 11:18:26,285 WARN org.springframework.security.oauth2.provider.token.store.JwtAccessTokenConverter [restartedMain] Unable to create an RSA verifier from verifierKey (ignoreable if using MAC)
2023-07-26 11:18:27,214 INFO org.springframework.security.web.DefaultSecurityFilterChain [restartedMain] Will secure Or [Ant [pattern='/oauth/token'], Ant [pattern='/oauth/token_key'], Ant [pattern='/oauth/check_token']] with [org.springframework.security.web.session.DisableEncodeUrlFilter@143fc380, org.springframework.security.web.context.request.async.WebAsyncManagerIntegrationFilter@18b0ba7a, org.springframework.security.web.context.SecurityContextPersistenceFilter@5ddb45ea, org.springframework.security.web.header.HeaderWriterFilter@3f476ed9, org.springframework.security.web.authentication.logout.LogoutFilter@3f305b78, org.springframework.security.web.authentication.www.BasicAuthenticationFilter@22c1f0df, org.springframework.security.web.savedrequest.RequestCacheAwareFilter@2750dc88, org.springframework.security.web.servletapi.SecurityContextHolderAwareRequestFilter@626cb0fa, org.springframework.security.web.authentication.AnonymousAuthenticationFilter@60434109, org.springframework.security.web.session.SessionManagementFilter@3a420b38, org.springframework.security.web.access.ExceptionTranslationFilter@330dcf83, org.springframework.security.web.access.intercept.FilterSecurityInterceptor@5787bdb3]
2023-07-26 11:18:27,233 INFO org.springframework.security.web.DefaultSecurityFilterChain [restartedMain] Will secure org.springframework.security.oauth2.config.annotation.web.configuration.ResourceServerConfiguration$NotOAuthRequestMatcher@434ae046 with [org.springframework.security.web.session.DisableEncodeUrlFilter@149cda60, org.springframework.security.web.context.request.async.WebAsyncManagerIntegrationFilter@1184fc77, org.springframework.security.web.context.SecurityContextPersistenceFilter@582c1f29, org.springframework.security.web.header.HeaderWriterFilter@24e40fcf, org.springframework.security.web.authentication.logout.LogoutFilter@6956e66a, org.springframework.security.oauth2.provider.authentication.OAuth2AuthenticationProcessingFilter@769684a4, org.springframework.security.web.savedrequest.RequestCacheAwareFilter@31cc92d6, org.springframework.security.web.servletapi.SecurityContextHolderAwareRequestFilter@35d27957, org.springframework.security.web.authentication.AnonymousAuthenticationFilter@55d5e1f4, org.springframework.security.web.session.SessionManagementFilter@38eb9cd2, org.springframework.security.web.access.ExceptionTranslationFilter@7cb2b765, org.springframework.security.web.access.intercept.FilterSecurityInterceptor@4200c2b9]
2023-07-26 11:18:27,237 INFO org.springframework.security.web.DefaultSecurityFilterChain [restartedMain] Will secure any request with [org.springframework.security.web.session.DisableEncodeUrlFilter@450ff6c8, org.springframework.security.web.context.request.async.WebAsyncManagerIntegrationFilter@9a9519c, org.springframework.security.web.context.SecurityContextPersistenceFilter@1eab152c, org.springframework.security.web.header.HeaderWriterFilter@1f8c6bba, org.springframework.security.web.authentication.logout.LogoutFilter@74741c98, org.springframework.security.web.savedrequest.RequestCacheAwareFilter@30639f48, org.springframework.security.web.servletapi.SecurityContextHolderAwareRequestFilter@4c4ef345, org.springframework.security.web.authentication.AnonymousAuthenticationFilter@330dadf6, org.springframework.security.web.session.SessionManagementFilter@2d3a774c, org.springframework.security.web.access.ExceptionTranslationFilter@4a1c8f4e, org.springframework.security.web.access.intercept.FilterSecurityInterceptor@54b0ba31]
2023-07-26 11:18:30,190 INFO org.springframework.boot.devtools.autoconfigure.OptionalLiveReloadServer [restartedMain] LiveReload server is running on port 35729
2023-07-26 11:18:30,226 INFO org.apache.juli.logging.DirectJDKLog [restartedMain] Starting ProtocolHandler ["http-nio-8400"]
2023-07-26 11:18:30,259 INFO org.springframework.boot.web.embedded.tomcat.TomcatWebServer [restartedMain] Tomcat started on port(s): 8400 (http) with context path ''
2023-07-26 11:18:30,296 INFO org.springframework.boot.StartupInfoLogger [restartedMain] Started ApiWebsmsApplication in 13.585 seconds (JVM running for 14.86)
2023-07-26 11:25:03,143 INFO org.apache.juli.logging.DirectJDKLog [http-nio-8400-exec-1] Initializing Spring DispatcherServlet 'dispatcherServlet'
2023-07-26 11:25:03,144 INFO org.springframework.web.servlet.FrameworkServlet [http-nio-8400-exec-1] Initializing Servlet 'dispatcherServlet'
2023-07-26 11:25:03,149 INFO org.springframework.web.servlet.FrameworkServlet [http-nio-8400-exec-1] Completed initialization in 3 ms
2023-07-26 11:26:25,671 TRACE sn.kiwi.apiwebsms.controllers.ContactController [http-nio-8400-exec-6] ************************** Start to revoke contacts to tha group ************************************
2023-07-26 11:26:25,688 TRACE sn.kiwi.apiwebsms.controllers.ContactController [http-nio-8400-exec-6] file: ContactController.java, revokeContacts, userId:1, login: admin,costumerId: 1 clientId: orangesn, urlBackend: /contact/ContactController.php, ACTION: REVOKE
2023-07-26 11:26:32,830 TRACE sn.kiwi.apiwebsms.controllers.ContactController [http-nio-8400-exec-6] userId: 
2023-07-26 11:26:32,831 TRACE sn.kiwi.apiwebsms.controllers.ContactController [http-nio-8400-exec-6] groupId
2023-07-26 11:26:32,832 TRACE sn.kiwi.apiwebsms.controllers.ContactController [http-nio-8400-exec-6] contactIds
2023-07-26 11:26:33,585 TRACE sn.kiwi.apiwebsms.controllers.ContactController [http-nio-8400-exec-6] Result: Unable to revoke this contact to this group
2023-07-26 11:30:39,385 INFO org.springframework.orm.jpa.AbstractEntityManagerFactoryBean [SpringApplicationShutdownHook] Closing JPA EntityManagerFactory for persistence unit 'default'
2023-07-26 11:30:39,390 INFO com.zaxxer.hikari.HikariDataSource [SpringApplicationShutdownHook] HikariPool-1 - Shutdown initiated...
2023-07-26 11:30:39,410 INFO com.zaxxer.hikari.HikariDataSource [SpringApplicationShutdownHook] HikariPool-1 - Shutdown completed.
2023-07-26 11:30:50,372 INFO org.hibernate.validator.internal.util.Version [background-preinit] HV000001: Hibernate Validator 6.2.5.Final
2023-07-26 11:30:50,395 INFO org.springframework.boot.StartupInfoLogger [restartedMain] Starting ApiWebsmsApplication using Java 11.0.17 on DESKTOP-7QP6LFN with PID 15688 (E:\KIWI\2SMOBILE\api-backend-websms\api-websms\target\classes started by User in E:\KIWI\2SMOBILE\api-backend-websms\api-websms)
2023-07-26 11:30:50,397 DEBUG org.springframework.boot.StartupInfoLogger [restartedMain] Running with Spring Boot v2.7.9, Spring v5.3.25
2023-07-26 11:30:50,399 INFO org.springframework.boot.SpringApplication [restartedMain] No active profile set, falling back to 1 default profile: "default"
2023-07-26 11:30:50,572 INFO org.springframework.boot.logging.DeferredLog [restartedMain] Devtools property defaults active! Set 'spring.devtools.add-properties' to 'false' to disable
2023-07-26 11:30:50,573 INFO org.springframework.boot.logging.DeferredLog [restartedMain] For additional web related logging consider setting the 'logging.level.web' property to 'DEBUG'
2023-07-26 11:30:52,684 INFO org.springframework.data.repository.config.RepositoryConfigurationDelegate [restartedMain] Bootstrapping Spring Data JPA repositories in DEFAULT mode.
2023-07-26 11:30:52,775 INFO org.springframework.data.repository.config.RepositoryConfigurationDelegate [restartedMain] Finished Spring Data repository scanning in 72 ms. Found 1 JPA repository interfaces.
2023-07-26 11:30:55,537 INFO org.springframework.boot.web.embedded.tomcat.TomcatWebServer [restartedMain] Tomcat initialized with port(s): 8400 (http)
2023-07-26 11:30:55,571 INFO org.apache.juli.logging.DirectJDKLog [restartedMain] Initializing ProtocolHandler ["http-nio-8400"]
2023-07-26 11:30:55,573 INFO org.apache.juli.logging.DirectJDKLog [restartedMain] Starting service [Tomcat]
2023-07-26 11:30:55,574 INFO org.apache.juli.logging.DirectJDKLog [restartedMain] Starting Servlet engine: [Apache Tomcat/9.0.71]
2023-07-26 11:30:55,989 INFO org.apache.juli.logging.DirectJDKLog [restartedMain] Initializing Spring embedded WebApplicationContext
2023-07-26 11:30:55,989 INFO org.springframework.boot.web.servlet.context.ServletWebServerApplicationContext [restartedMain] Root WebApplicationContext: initialization completed in 5415 ms
2023-07-26 11:30:56,489 INFO com.zaxxer.hikari.HikariDataSource [restartedMain] HikariPool-1 - Starting...
2023-07-26 11:30:56,915 INFO com.zaxxer.hikari.HikariDataSource [restartedMain] HikariPool-1 - Start completed.
2023-07-26 11:30:57,042 INFO org.hibernate.jpa.internal.util.LogHelper [restartedMain] HHH000204: Processing PersistenceUnitInfo [name: default]
2023-07-26 11:30:57,168 INFO org.hibernate.Version [restartedMain] HHH000412: Hibernate ORM core version 5.6.15.Final
2023-07-26 11:30:57,642 INFO org.hibernate.annotations.common.reflection.java.JavaReflectionManager [restartedMain] HCANN000001: Hibernate Commons Annotations {5.1.2.Final}
2023-07-26 11:30:57,989 INFO org.hibernate.dialect.Dialect [restartedMain] HHH000400: Using dialect: org.hibernate.dialect.MySQL5Dialect
2023-07-26 11:30:59,513 INFO org.hibernate.engine.transaction.jta.platform.internal.JtaPlatformInitiator [restartedMain] HHH000490: Using JtaPlatform implementation: [org.hibernate.engine.transaction.jta.platform.internal.NoJtaPlatform]
2023-07-26 11:30:59,543 INFO org.springframework.orm.jpa.AbstractEntityManagerFactoryBean [restartedMain] Initialized JPA EntityManagerFactory for persistence unit 'default'
2023-07-26 11:31:00,194 WARN org.springframework.boot.autoconfigure.orm.jpa.JpaBaseConfiguration$JpaWebConfiguration [restartedMain] spring.jpa.open-in-view is enabled by default. Therefore, database queries may be performed during view rendering. Explicitly configure spring.jpa.open-in-view to disable this warning
2023-07-26 11:31:01,818 WARN org.springframework.security.oauth2.provider.token.store.JwtAccessTokenConverter [restartedMain] Unable to create an RSA verifier from verifierKey (ignoreable if using MAC)
2023-07-26 11:31:02,999 INFO org.springframework.security.web.DefaultSecurityFilterChain [restartedMain] Will secure Or [Ant [pattern='/oauth/token'], Ant [pattern='/oauth/token_key'], Ant [pattern='/oauth/check_token']] with [org.springframework.security.web.session.DisableEncodeUrlFilter@13d86d6, org.springframework.security.web.context.request.async.WebAsyncManagerIntegrationFilter@42fc448e, org.springframework.security.web.context.SecurityContextPersistenceFilter@3ff4b2b0, org.springframework.security.web.header.HeaderWriterFilter@190d854b, org.springframework.security.web.authentication.logout.LogoutFilter@2791ca32, org.springframework.security.web.authentication.www.BasicAuthenticationFilter@5e7f0b3, org.springframework.security.web.savedrequest.RequestCacheAwareFilter@48f6c03c, org.springframework.security.web.servletapi.SecurityContextHolderAwareRequestFilter@7d5226a1, org.springframework.security.web.authentication.AnonymousAuthenticationFilter@74ae8051, org.springframework.security.web.session.SessionManagementFilter@34219e8e, org.springframework.security.web.access.ExceptionTranslationFilter@6f409e00, org.springframework.security.web.access.intercept.FilterSecurityInterceptor@76128c07]
2023-07-26 11:31:03,018 INFO org.springframework.security.web.DefaultSecurityFilterChain [restartedMain] Will secure org.springframework.security.oauth2.config.annotation.web.configuration.ResourceServerConfiguration$NotOAuthRequestMatcher@4de09e18 with [org.springframework.security.web.session.DisableEncodeUrlFilter@1232f3dd, org.springframework.security.web.context.request.async.WebAsyncManagerIntegrationFilter@329f42f0, org.springframework.security.web.context.SecurityContextPersistenceFilter@2322af6a, org.springframework.security.web.header.HeaderWriterFilter@6e9dc97d, org.springframework.security.web.authentication.logout.LogoutFilter@20690172, org.springframework.security.oauth2.provider.authentication.OAuth2AuthenticationProcessingFilter@2d6aaaa7, org.springframework.security.web.savedrequest.RequestCacheAwareFilter@4bdf7652, org.springframework.security.web.servletapi.SecurityContextHolderAwareRequestFilter@4b098875, org.springframework.security.web.authentication.AnonymousAuthenticationFilter@32a84536, org.springframework.security.web.session.SessionManagementFilter@5fa05e45, org.springframework.security.web.access.ExceptionTranslationFilter@47d5e814, org.springframework.security.web.access.intercept.FilterSecurityInterceptor@31463e33]
2023-07-26 11:31:03,023 INFO org.springframework.security.web.DefaultSecurityFilterChain [restartedMain] Will secure any request with [org.springframework.security.web.session.DisableEncodeUrlFilter@701edaf9, org.springframework.security.web.context.request.async.WebAsyncManagerIntegrationFilter@20b8de9a, org.springframework.security.web.context.SecurityContextPersistenceFilter@37a11ada, org.springframework.security.web.header.HeaderWriterFilter@75d78596, org.springframework.security.web.authentication.logout.LogoutFilter@3708bb84, org.springframework.security.web.savedrequest.RequestCacheAwareFilter@72d2c8e8, org.springframework.security.web.servletapi.SecurityContextHolderAwareRequestFilter@3b601811, org.springframework.security.web.authentication.AnonymousAuthenticationFilter@30e0555b, org.springframework.security.web.session.SessionManagementFilter@514c4bea, org.springframework.security.web.access.ExceptionTranslationFilter@7fa75234, org.springframework.security.web.access.intercept.FilterSecurityInterceptor@c57bcca]
2023-07-26 11:31:06,077 INFO org.springframework.boot.devtools.autoconfigure.OptionalLiveReloadServer [restartedMain] LiveReload server is running on port 35729
2023-07-26 11:31:06,118 INFO org.apache.juli.logging.DirectJDKLog [restartedMain] Starting ProtocolHandler ["http-nio-8400"]
2023-07-26 11:31:06,155 INFO org.springframework.boot.web.embedded.tomcat.TomcatWebServer [restartedMain] Tomcat started on port(s): 8400 (http) with context path ''
2023-07-26 11:31:06,173 INFO org.springframework.boot.StartupInfoLogger [restartedMain] Started ApiWebsmsApplication in 17.139 seconds (JVM running for 18.463)
2023-07-26 11:31:14,109 INFO org.apache.juli.logging.DirectJDKLog [http-nio-8400-exec-2] Initializing Spring DispatcherServlet 'dispatcherServlet'
2023-07-26 11:31:14,110 INFO org.springframework.web.servlet.FrameworkServlet [http-nio-8400-exec-2] Initializing Servlet 'dispatcherServlet'
2023-07-26 11:31:14,113 INFO org.springframework.web.servlet.FrameworkServlet [http-nio-8400-exec-2] Completed initialization in 2 ms
2023-07-26 11:31:14,508 TRACE sn.kiwi.apiwebsms.controllers.ContactController [http-nio-8400-exec-2] ************************** Start to revoke contacts to tha group ************************************
2023-07-26 11:31:14,528 TRACE sn.kiwi.apiwebsms.controllers.ContactController [http-nio-8400-exec-2] file: ContactController.java, revokeContacts, userId:1, login: admin,costumerId: 1, clientId: orangesn, urlBackend: /contact/ContactController.php, ACTION: REVOKE
2023-07-26 11:31:15,131 TRACE sn.kiwi.apiwebsms.controllers.ContactController [http-nio-8400-exec-2] userId: 
2023-07-26 11:31:15,132 TRACE sn.kiwi.apiwebsms.controllers.ContactController [http-nio-8400-exec-2] groupId
2023-07-26 11:31:15,132 TRACE sn.kiwi.apiwebsms.controllers.ContactController [http-nio-8400-exec-2] contactIds
2023-07-26 11:31:15,299 TRACE sn.kiwi.apiwebsms.controllers.ContactController [http-nio-8400-exec-2] Result: Unable to revoke this contact to this group
2023-07-26 12:01:16,609 WARN com.zaxxer.hikari.pool.HikariPool$HouseKeeper [HikariPool-1 housekeeper] HikariPool-1 - Thread starvation or clock leap detected (housekeeper delta=4m59s175ms617µs100ns).
2023-07-26 12:11:56,976 INFO org.springframework.orm.jpa.AbstractEntityManagerFactoryBean [SpringApplicationShutdownHook] Closing JPA EntityManagerFactory for persistence unit 'default'
2023-07-26 12:11:56,980 INFO com.zaxxer.hikari.HikariDataSource [SpringApplicationShutdownHook] HikariPool-1 - Shutdown initiated...
2023-07-26 12:11:56,986 INFO com.zaxxer.hikari.HikariDataSource [SpringApplicationShutdownHook] HikariPool-1 - Shutdown completed.
2023-07-26 12:12:02,524 INFO org.hibernate.validator.internal.util.Version [background-preinit] HV000001: Hibernate Validator 6.2.5.Final
2023-07-26 12:12:02,540 INFO org.springframework.boot.StartupInfoLogger [restartedMain] Starting ApiWebsmsApplication using Java 11.0.17 on DESKTOP-7QP6LFN with PID 16008 (E:\KIWI\2SMOBILE\api-backend-websms\api-websms\target\classes started by User in E:\KIWI\2SMOBILE\api-backend-websms\api-websms)
2023-07-26 12:12:02,541 DEBUG org.springframework.boot.StartupInfoLogger [restartedMain] Running with Spring Boot v2.7.9, Spring v5.3.25
2023-07-26 12:12:02,542 INFO org.springframework.boot.SpringApplication [restartedMain] No active profile set, falling back to 1 default profile: "default"
2023-07-26 12:12:02,610 INFO org.springframework.boot.logging.DeferredLog [restartedMain] Devtools property defaults active! Set 'spring.devtools.add-properties' to 'false' to disable
2023-07-26 12:12:02,610 INFO org.springframework.boot.logging.DeferredLog [restartedMain] For additional web related logging consider setting the 'logging.level.web' property to 'DEBUG'
2023-07-26 12:12:03,613 INFO org.springframework.data.repository.config.RepositoryConfigurationDelegate [restartedMain] Bootstrapping Spring Data JPA repositories in DEFAULT mode.
2023-07-26 12:12:03,669 INFO org.springframework.data.repository.config.RepositoryConfigurationDelegate [restartedMain] Finished Spring Data repository scanning in 46 ms. Found 1 JPA repository interfaces.
2023-07-26 12:12:04,991 INFO org.springframework.boot.web.embedded.tomcat.TomcatWebServer [restartedMain] Tomcat initialized with port(s): 8400 (http)
2023-07-26 12:12:05,003 INFO org.apache.juli.logging.DirectJDKLog [restartedMain] Initializing ProtocolHandler ["http-nio-8400"]
2023-07-26 12:12:05,003 INFO org.apache.juli.logging.DirectJDKLog [restartedMain] Starting service [Tomcat]
2023-07-26 12:12:05,003 INFO org.apache.juli.logging.DirectJDKLog [restartedMain] Starting Servlet engine: [Apache Tomcat/9.0.71]
2023-07-26 12:12:05,139 INFO org.apache.juli.logging.DirectJDKLog [restartedMain] Initializing Spring embedded WebApplicationContext
2023-07-26 12:12:05,140 INFO org.springframework.boot.web.servlet.context.ServletWebServerApplicationContext [restartedMain] Root WebApplicationContext: initialization completed in 2529 ms
2023-07-26 12:12:05,397 INFO com.zaxxer.hikari.HikariDataSource [restartedMain] HikariPool-1 - Starting...
2023-07-26 12:12:05,582 INFO com.zaxxer.hikari.HikariDataSource [restartedMain] HikariPool-1 - Start completed.
2023-07-26 12:12:05,650 INFO org.hibernate.jpa.internal.util.LogHelper [restartedMain] HHH000204: Processing PersistenceUnitInfo [name: default]
2023-07-26 12:12:05,727 INFO org.hibernate.Version [restartedMain] HHH000412: Hibernate ORM core version 5.6.15.Final
2023-07-26 12:12:05,931 INFO org.hibernate.annotations.common.reflection.java.JavaReflectionManager [restartedMain] HCANN000001: Hibernate Commons Annotations {5.1.2.Final}
2023-07-26 12:12:06,141 INFO org.hibernate.dialect.Dialect [restartedMain] HHH000400: Using dialect: org.hibernate.dialect.MySQL5Dialect
2023-07-26 12:12:06,804 INFO org.hibernate.engine.transaction.jta.platform.internal.JtaPlatformInitiator [restartedMain] HHH000490: Using JtaPlatform implementation: [org.hibernate.engine.transaction.jta.platform.internal.NoJtaPlatform]
2023-07-26 12:12:06,815 INFO org.springframework.orm.jpa.AbstractEntityManagerFactoryBean [restartedMain] Initialized JPA EntityManagerFactory for persistence unit 'default'
2023-07-26 12:12:07,030 WARN org.springframework.boot.autoconfigure.orm.jpa.JpaBaseConfiguration$JpaWebConfiguration [restartedMain] spring.jpa.open-in-view is enabled by default. Therefore, database queries may be performed during view rendering. Explicitly configure spring.jpa.open-in-view to disable this warning
2023-07-26 12:12:07,836 WARN org.springframework.security.oauth2.provider.token.store.JwtAccessTokenConverter [restartedMain] Unable to create an RSA verifier from verifierKey (ignoreable if using MAC)
2023-07-26 12:12:08,560 INFO org.springframework.security.web.DefaultSecurityFilterChain [restartedMain] Will secure Or [Ant [pattern='/oauth/token'], Ant [pattern='/oauth/token_key'], Ant [pattern='/oauth/check_token']] with [org.springframework.security.web.session.DisableEncodeUrlFilter@68909c42, org.springframework.security.web.context.request.async.WebAsyncManagerIntegrationFilter@66c8d7c4, org.springframework.security.web.context.SecurityContextPersistenceFilter@49e9e97c, org.springframework.security.web.header.HeaderWriterFilter@10c8c11e, org.springframework.security.web.authentication.logout.LogoutFilter@24332f1e, org.springframework.security.web.authentication.www.BasicAuthenticationFilter@4fc91ea3, org.springframework.security.web.savedrequest.RequestCacheAwareFilter@57a5a983, org.springframework.security.web.servletapi.SecurityContextHolderAwareRequestFilter@28f3da95, org.springframework.security.web.authentication.AnonymousAuthenticationFilter@1da03338, org.springframework.security.web.session.SessionManagementFilter@19d3dc93, org.springframework.security.web.access.ExceptionTranslationFilter@78c309a5, org.springframework.security.web.access.intercept.FilterSecurityInterceptor@58895183]
2023-07-26 12:12:08,577 INFO org.springframework.security.web.DefaultSecurityFilterChain [restartedMain] Will secure org.springframework.security.oauth2.config.annotation.web.configuration.ResourceServerConfiguration$NotOAuthRequestMatcher@2a39e08f with [org.springframework.security.web.session.DisableEncodeUrlFilter@267f5e61, org.springframework.security.web.context.request.async.WebAsyncManagerIntegrationFilter@7fed0a70, org.springframework.security.web.context.SecurityContextPersistenceFilter@6420a213, org.springframework.security.web.header.HeaderWriterFilter@5e5d66b3, org.springframework.security.web.authentication.logout.LogoutFilter@371c6567, org.springframework.security.oauth2.provider.authentication.OAuth2AuthenticationProcessingFilter@19d6df3f, org.springframework.security.web.savedrequest.RequestCacheAwareFilter@77dcf57, org.springframework.security.web.servletapi.SecurityContextHolderAwareRequestFilter@322059f5, org.springframework.security.web.authentication.AnonymousAuthenticationFilter@5bbc21bd, org.springframework.security.web.session.SessionManagementFilter@4cd50b95, org.springframework.security.web.access.ExceptionTranslationFilter@7602a79f, org.springframework.security.web.access.intercept.FilterSecurityInterceptor@723ad9e1]
2023-07-26 12:12:08,581 INFO org.springframework.security.web.DefaultSecurityFilterChain [restartedMain] Will secure any request with [org.springframework.security.web.session.DisableEncodeUrlFilter@3f7ae7c7, org.springframework.security.web.context.request.async.WebAsyncManagerIntegrationFilter@fb54c42, org.springframework.security.web.context.SecurityContextPersistenceFilter@1e4b2aed, org.springframework.security.web.header.HeaderWriterFilter@74afc530, org.springframework.security.web.authentication.logout.LogoutFilter@12aab9ed, org.springframework.security.web.savedrequest.RequestCacheAwareFilter@37650265, org.springframework.security.web.servletapi.SecurityContextHolderAwareRequestFilter@3de9c7fc, org.springframework.security.web.authentication.AnonymousAuthenticationFilter@6d0fb606, org.springframework.security.web.session.SessionManagementFilter@129f5de0, org.springframework.security.web.access.ExceptionTranslationFilter@b24446d, org.springframework.security.web.access.intercept.FilterSecurityInterceptor@71ee94d9]
2023-07-26 12:12:10,722 INFO org.springframework.boot.devtools.autoconfigure.OptionalLiveReloadServer [restartedMain] LiveReload server is running on port 35729
2023-07-26 12:12:10,753 INFO org.apache.juli.logging.DirectJDKLog [restartedMain] Starting ProtocolHandler ["http-nio-8400"]
2023-07-26 12:12:10,781 INFO org.springframework.boot.web.embedded.tomcat.TomcatWebServer [restartedMain] Tomcat started on port(s): 8400 (http) with context path ''
2023-07-26 12:12:10,793 INFO org.springframework.boot.StartupInfoLogger [restartedMain] Started ApiWebsmsApplication in 8.878 seconds (JVM running for 9.574)
2023-07-26 12:12:15,711 INFO org.apache.juli.logging.DirectJDKLog [http-nio-8400-exec-2] Initializing Spring DispatcherServlet 'dispatcherServlet'
2023-07-26 12:12:15,711 INFO org.springframework.web.servlet.FrameworkServlet [http-nio-8400-exec-2] Initializing Servlet 'dispatcherServlet'
2023-07-26 12:12:15,713 INFO org.springframework.web.servlet.FrameworkServlet [http-nio-8400-exec-2] Completed initialization in 2 ms
2023-07-26 12:12:52,058 TRACE sn.kiwi.apiwebsms.controllers.ContactController [http-nio-8400-exec-4] ************************** Start to revoke contacts to tha group ************************************
2023-07-26 12:12:52,068 TRACE sn.kiwi.apiwebsms.controllers.ContactController [http-nio-8400-exec-4] file: ContactController.java, revokeContacts, userId:1, login: admin,costumerId: 1, groupId:2 contactIds: null, clientId: orangesn, urlBackend: /contact/ContactController.php, ACTION: REVOKE
2023-07-26 12:12:52,514 TRACE sn.kiwi.apiwebsms.controllers.ContactController [http-nio-8400-exec-4] requestHeaderssn.kiwi.apiwebsms.config.PathsProperties@77c138ad
2023-07-26 12:12:52,515 TRACE sn.kiwi.apiwebsms.controllers.ContactController [http-nio-8400-exec-4] userId: 
2023-07-26 12:12:52,515 TRACE sn.kiwi.apiwebsms.controllers.ContactController [http-nio-8400-exec-4] groupId
2023-07-26 12:12:52,516 TRACE sn.kiwi.apiwebsms.controllers.ContactController [http-nio-8400-exec-4] contactIds
2023-07-26 12:12:52,606 TRACE sn.kiwi.apiwebsms.controllers.ContactController [http-nio-8400-exec-4] Result: Unable to revoke this contact to this group
2023-07-26 12:13:53,670 TRACE sn.kiwi.apiwebsms.controllers.ContactController [http-nio-8400-exec-6] ************************** Start to revoke contacts to tha group ************************************
2023-07-26 12:13:53,670 TRACE sn.kiwi.apiwebsms.controllers.ContactController [http-nio-8400-exec-6] file: ContactController.java, revokeContacts, userId:1, login: admin,costumerId: 1, groupId:2 contactIds: null, clientId: orangesn, urlBackend: /contact/ContactController.php, ACTION: REVOKE
2023-07-26 12:13:53,926 TRACE sn.kiwi.apiwebsms.controllers.ContactController [http-nio-8400-exec-6] requestHeaderssn.kiwi.apiwebsms.config.PathsProperties@77c138ad
2023-07-26 12:13:53,926 TRACE sn.kiwi.apiwebsms.controllers.ContactController [http-nio-8400-exec-6] userId: 
2023-07-26 12:13:53,927 TRACE sn.kiwi.apiwebsms.controllers.ContactController [http-nio-8400-exec-6] groupId
2023-07-26 12:13:53,927 TRACE sn.kiwi.apiwebsms.controllers.ContactController [http-nio-8400-exec-6] contactIds
2023-07-26 12:13:54,011 TRACE sn.kiwi.apiwebsms.controllers.ContactController [http-nio-8400-exec-6] Result: Unable to revoke this contact to this group
2023-07-26 12:14:44,252 INFO org.springframework.orm.jpa.AbstractEntityManagerFactoryBean [SpringApplicationShutdownHook] Closing JPA EntityManagerFactory for persistence unit 'default'
2023-07-26 12:14:44,255 INFO com.zaxxer.hikari.HikariDataSource [SpringApplicationShutdownHook] HikariPool-1 - Shutdown initiated...
2023-07-26 12:14:44,265 INFO com.zaxxer.hikari.HikariDataSource [SpringApplicationShutdownHook] HikariPool-1 - Shutdown completed.
2023-07-26 12:14:47,668 INFO org.hibernate.validator.internal.util.Version [background-preinit] HV000001: Hibernate Validator 6.2.5.Final
2023-07-26 12:14:47,686 INFO org.springframework.boot.StartupInfoLogger [restartedMain] Starting ApiWebsmsApplication using Java 11.0.17 on DESKTOP-7QP6LFN with PID 17836 (E:\KIWI\2SMOBILE\api-backend-websms\api-websms\target\classes started by User in E:\KIWI\2SMOBILE\api-backend-websms\api-websms)
2023-07-26 12:14:47,687 DEBUG org.springframework.boot.StartupInfoLogger [restartedMain] Running with Spring Boot v2.7.9, Spring v5.3.25
2023-07-26 12:14:47,688 INFO org.springframework.boot.SpringApplication [restartedMain] No active profile set, falling back to 1 default profile: "default"
2023-07-26 12:14:47,765 INFO org.springframework.boot.logging.DeferredLog [restartedMain] Devtools property defaults active! Set 'spring.devtools.add-properties' to 'false' to disable
2023-07-26 12:14:47,766 INFO org.springframework.boot.logging.DeferredLog [restartedMain] For additional web related logging consider setting the 'logging.level.web' property to 'DEBUG'
2023-07-26 12:14:48,850 INFO org.springframework.data.repository.config.RepositoryConfigurationDelegate [restartedMain] Bootstrapping Spring Data JPA repositories in DEFAULT mode.
2023-07-26 12:14:48,905 INFO org.springframework.data.repository.config.RepositoryConfigurationDelegate [restartedMain] Finished Spring Data repository scanning in 46 ms. Found 1 JPA repository interfaces.
2023-07-26 12:14:50,159 INFO org.springframework.boot.web.embedded.tomcat.TomcatWebServer [restartedMain] Tomcat initialized with port(s): 8400 (http)
2023-07-26 12:14:50,170 INFO org.apache.juli.logging.DirectJDKLog [restartedMain] Initializing ProtocolHandler ["http-nio-8400"]
2023-07-26 12:14:50,171 INFO org.apache.juli.logging.DirectJDKLog [restartedMain] Starting service [Tomcat]
2023-07-26 12:14:50,171 INFO org.apache.juli.logging.DirectJDKLog [restartedMain] Starting Servlet engine: [Apache Tomcat/9.0.71]
2023-07-26 12:14:50,295 INFO org.apache.juli.logging.DirectJDKLog [restartedMain] Initializing Spring embedded WebApplicationContext
2023-07-26 12:14:50,296 INFO org.springframework.boot.web.servlet.context.ServletWebServerApplicationContext [restartedMain] Root WebApplicationContext: initialization completed in 2530 ms
2023-07-26 12:14:50,553 INFO com.zaxxer.hikari.HikariDataSource [restartedMain] HikariPool-1 - Starting...
2023-07-26 12:14:50,741 INFO com.zaxxer.hikari.HikariDataSource [restartedMain] HikariPool-1 - Start completed.
2023-07-26 12:14:50,813 INFO org.hibernate.jpa.internal.util.LogHelper [restartedMain] HHH000204: Processing PersistenceUnitInfo [name: default]
2023-07-26 12:14:50,878 INFO org.hibernate.Version [restartedMain] HHH000412: Hibernate ORM core version 5.6.15.Final
2023-07-26 12:14:51,072 INFO org.hibernate.annotations.common.reflection.java.JavaReflectionManager [restartedMain] HCANN000001: Hibernate Commons Annotations {5.1.2.Final}
2023-07-26 12:14:51,191 INFO org.hibernate.dialect.Dialect [restartedMain] HHH000400: Using dialect: org.hibernate.dialect.MySQL5Dialect
2023-07-26 12:14:51,806 INFO org.hibernate.engine.transaction.jta.platform.internal.JtaPlatformInitiator [restartedMain] HHH000490: Using JtaPlatform implementation: [org.hibernate.engine.transaction.jta.platform.internal.NoJtaPlatform]
2023-07-26 12:14:51,836 INFO org.springframework.orm.jpa.AbstractEntityManagerFactoryBean [restartedMain] Initialized JPA EntityManagerFactory for persistence unit 'default'
2023-07-26 12:14:52,028 WARN org.springframework.boot.autoconfigure.orm.jpa.JpaBaseConfiguration$JpaWebConfiguration [restartedMain] spring.jpa.open-in-view is enabled by default. Therefore, database queries may be performed during view rendering. Explicitly configure spring.jpa.open-in-view to disable this warning
2023-07-26 12:14:52,646 WARN org.springframework.security.oauth2.provider.token.store.JwtAccessTokenConverter [restartedMain] Unable to create an RSA verifier from verifierKey (ignoreable if using MAC)
2023-07-26 12:14:53,174 INFO org.springframework.security.web.DefaultSecurityFilterChain [restartedMain] Will secure Or [Ant [pattern='/oauth/token'], Ant [pattern='/oauth/token_key'], Ant [pattern='/oauth/check_token']] with [org.springframework.security.web.session.DisableEncodeUrlFilter@b317f6, org.springframework.security.web.context.request.async.WebAsyncManagerIntegrationFilter@1d84f31a, org.springframework.security.web.context.SecurityContextPersistenceFilter@662e7969, org.springframework.security.web.header.HeaderWriterFilter@75171edc, org.springframework.security.web.authentication.logout.LogoutFilter@2fc364a4, org.springframework.security.web.authentication.www.BasicAuthenticationFilter@2756ebab, org.springframework.security.web.savedrequest.RequestCacheAwareFilter@bd269be, org.springframework.security.web.servletapi.SecurityContextHolderAwareRequestFilter@6b526788, org.springframework.security.web.authentication.AnonymousAuthenticationFilter@301bcf81, org.springframework.security.web.session.SessionManagementFilter@67971dc5, org.springframework.security.web.access.ExceptionTranslationFilter@5d054eb1, org.springframework.security.web.access.intercept.FilterSecurityInterceptor@1420228c]
2023-07-26 12:14:53,188 INFO org.springframework.security.web.DefaultSecurityFilterChain [restartedMain] Will secure org.springframework.security.oauth2.config.annotation.web.configuration.ResourceServerConfiguration$NotOAuthRequestMatcher@2618b0c0 with [org.springframework.security.web.session.DisableEncodeUrlFilter@3a024732, org.springframework.security.web.context.request.async.WebAsyncManagerIntegrationFilter@7901031, org.springframework.security.web.context.SecurityContextPersistenceFilter@6b39f4a8, org.springframework.security.web.header.HeaderWriterFilter@d094ca5, org.springframework.security.web.authentication.logout.LogoutFilter@521b262d, org.springframework.security.oauth2.provider.authentication.OAuth2AuthenticationProcessingFilter@14e9624b, org.springframework.security.web.savedrequest.RequestCacheAwareFilter@76291e57, org.springframework.security.web.servletapi.SecurityContextHolderAwareRequestFilter@31021853, org.springframework.security.web.authentication.AnonymousAuthenticationFilter@c117b60, org.springframework.security.web.session.SessionManagementFilter@4b2188fe, org.springframework.security.web.access.ExceptionTranslationFilter@6ede7a72, org.springframework.security.web.access.intercept.FilterSecurityInterceptor@c00f142]
2023-07-26 12:14:53,191 INFO org.springframework.security.web.DefaultSecurityFilterChain [restartedMain] Will secure any request with [org.springframework.security.web.session.DisableEncodeUrlFilter@3713119f, org.springframework.security.web.context.request.async.WebAsyncManagerIntegrationFilter@7748564b, org.springframework.security.web.context.SecurityContextPersistenceFilter@69841425, org.springframework.security.web.header.HeaderWriterFilter@1a672bec, org.springframework.security.web.authentication.logout.LogoutFilter@29da986d, org.springframework.security.web.savedrequest.RequestCacheAwareFilter@65586ae4, org.springframework.security.web.servletapi.SecurityContextHolderAwareRequestFilter@464305e8, org.springframework.security.web.authentication.AnonymousAuthenticationFilter@6d64fde9, org.springframework.security.web.session.SessionManagementFilter@580fcb81, org.springframework.security.web.access.ExceptionTranslationFilter@79ceb3d2, org.springframework.security.web.access.intercept.FilterSecurityInterceptor@690970bd]
2023-07-26 12:14:54,832 INFO org.springframework.boot.devtools.autoconfigure.OptionalLiveReloadServer [restartedMain] LiveReload server is running on port 35729
2023-07-26 12:14:54,857 INFO org.apache.juli.logging.DirectJDKLog [restartedMain] Starting ProtocolHandler ["http-nio-8400"]
2023-07-26 12:14:54,880 INFO org.springframework.boot.web.embedded.tomcat.TomcatWebServer [restartedMain] Tomcat started on port(s): 8400 (http) with context path ''
2023-07-26 12:14:54,889 INFO org.springframework.boot.StartupInfoLogger [restartedMain] Started ApiWebsmsApplication in 7.8 seconds (JVM running for 8.465)
2023-07-26 12:16:12,718 INFO org.apache.juli.logging.DirectJDKLog [http-nio-8400-exec-2] Initializing Spring DispatcherServlet 'dispatcherServlet'
2023-07-26 12:16:12,718 INFO org.springframework.web.servlet.FrameworkServlet [http-nio-8400-exec-2] Initializing Servlet 'dispatcherServlet'
2023-07-26 12:16:12,721 INFO org.springframework.web.servlet.FrameworkServlet [http-nio-8400-exec-2] Completed initialization in 2 ms
2023-07-26 12:16:12,854 TRACE sn.kiwi.apiwebsms.controllers.ContactController [http-nio-8400-exec-2] ************************** Start to revoke contacts to tha group ************************************
2023-07-26 12:16:12,866 TRACE sn.kiwi.apiwebsms.controllers.ContactController [http-nio-8400-exec-2] file: ContactController.java, revokeContacts, userId:1, login: admin,costumerId: 1, groupId:2 contactIds: null, clientId: orangesn, urlBackend: /contact/ContactController.php, ACTION: REVOKE
2023-07-26 12:16:13,210 TRACE sn.kiwi.apiwebsms.controllers.ContactController [http-nio-8400-exec-2] requestHeaderssn.kiwi.apiwebsms.config.PathsProperties@5e173573
2023-07-26 12:16:13,211 TRACE sn.kiwi.apiwebsms.controllers.ContactController [http-nio-8400-exec-2] userId: 
2023-07-26 12:16:13,211 TRACE sn.kiwi.apiwebsms.controllers.ContactController [http-nio-8400-exec-2] groupId
2023-07-26 12:16:13,212 TRACE sn.kiwi.apiwebsms.controllers.ContactController [http-nio-8400-exec-2] contactIds
2023-07-26 12:16:13,306 TRACE sn.kiwi.apiwebsms.controllers.ContactController [http-nio-8400-exec-2] Result: Unable to revoke this contact to this group
2023-07-26 12:16:23,527 TRACE sn.kiwi.apiwebsms.controllers.ContactController [http-nio-8400-exec-4] ************************** Start to revoke contacts to tha group ************************************
2023-07-26 12:16:23,527 TRACE sn.kiwi.apiwebsms.controllers.ContactController [http-nio-8400-exec-4] file: ContactController.java, revokeContacts, userId:1, login: admin,costumerId: 1, groupId:2 contactIds: null, clientId: orangesn, urlBackend: /contact/ContactController.php, ACTION: REVOKE
2023-07-26 12:16:23,845 TRACE sn.kiwi.apiwebsms.controllers.ContactController [http-nio-8400-exec-4] requestHeaderssn.kiwi.apiwebsms.config.PathsProperties@5e173573
2023-07-26 12:16:23,845 TRACE sn.kiwi.apiwebsms.controllers.ContactController [http-nio-8400-exec-4] userId: 
2023-07-26 12:16:23,846 TRACE sn.kiwi.apiwebsms.controllers.ContactController [http-nio-8400-exec-4] groupId
2023-07-26 12:16:23,846 TRACE sn.kiwi.apiwebsms.controllers.ContactController [http-nio-8400-exec-4] contactIds
2023-07-26 12:16:23,927 TRACE sn.kiwi.apiwebsms.controllers.ContactController [http-nio-8400-exec-4] Result: Unable to revoke this contact to this group
2023-07-26 12:20:37,410 WARN org.springframework.web.servlet.handler.AbstractHandlerExceptionResolver [http-nio-8400-exec-6] Resolved [org.springframework.http.converter.HttpMessageNotReadableException: JSON parse error: Unexpected character ('Â' (code 194)): was expecting comma to separate Array entries; nested exception is com.fasterxml.jackson.databind.JsonMappingException: Unexpected character ('Â' (code 194)): was expecting comma to separate Array entries<EOL> at [Source: (org.springframework.util.StreamUtils$NonClosingInputStream); line: 12, column: 2] (through reference chain: sn.kiwi.apiwebsms.models.ContactListRevokeModel["contacts"])]
2023-07-26 12:23:40,446 INFO org.springframework.orm.jpa.AbstractEntityManagerFactoryBean [SpringApplicationShutdownHook] Closing JPA EntityManagerFactory for persistence unit 'default'
2023-07-26 12:23:40,449 INFO com.zaxxer.hikari.HikariDataSource [SpringApplicationShutdownHook] HikariPool-1 - Shutdown initiated...
2023-07-26 12:23:40,461 INFO com.zaxxer.hikari.HikariDataSource [SpringApplicationShutdownHook] HikariPool-1 - Shutdown completed.
2023-07-26 12:23:47,248 INFO org.hibernate.validator.internal.util.Version [background-preinit] HV000001: Hibernate Validator 6.2.5.Final
2023-07-26 12:23:47,257 INFO org.springframework.boot.StartupInfoLogger [restartedMain] Starting ApiWebsmsApplication using Java 11.0.17 on DESKTOP-7QP6LFN with PID 6592 (E:\KIWI\2SMOBILE\api-backend-websms\api-websms\target\classes started by User in E:\KIWI\2SMOBILE\api-backend-websms\api-websms)
2023-07-26 12:23:47,258 DEBUG org.springframework.boot.StartupInfoLogger [restartedMain] Running with Spring Boot v2.7.9, Spring v5.3.25
2023-07-26 12:23:47,259 INFO org.springframework.boot.SpringApplication [restartedMain] No active profile set, falling back to 1 default profile: "default"
2023-07-26 12:23:47,335 INFO org.springframework.boot.logging.DeferredLog [restartedMain] Devtools property defaults active! Set 'spring.devtools.add-properties' to 'false' to disable
2023-07-26 12:23:47,336 INFO org.springframework.boot.logging.DeferredLog [restartedMain] For additional web related logging consider setting the 'logging.level.web' property to 'DEBUG'
2023-07-26 12:23:48,387 INFO org.springframework.data.repository.config.RepositoryConfigurationDelegate [restartedMain] Bootstrapping Spring Data JPA repositories in DEFAULT mode.
2023-07-26 12:23:48,444 INFO org.springframework.data.repository.config.RepositoryConfigurationDelegate [restartedMain] Finished Spring Data repository scanning in 48 ms. Found 1 JPA repository interfaces.
2023-07-26 12:23:49,746 INFO org.springframework.boot.web.embedded.tomcat.TomcatWebServer [restartedMain] Tomcat initialized with port(s): 8400 (http)
2023-07-26 12:23:49,756 INFO org.apache.juli.logging.DirectJDKLog [restartedMain] Initializing ProtocolHandler ["http-nio-8400"]
2023-07-26 12:23:49,757 INFO org.apache.juli.logging.DirectJDKLog [restartedMain] Starting service [Tomcat]
2023-07-26 12:23:49,757 INFO org.apache.juli.logging.DirectJDKLog [restartedMain] Starting Servlet engine: [Apache Tomcat/9.0.71]
2023-07-26 12:23:49,868 INFO org.apache.juli.logging.DirectJDKLog [restartedMain] Initializing Spring embedded WebApplicationContext
2023-07-26 12:23:49,868 INFO org.springframework.boot.web.servlet.context.ServletWebServerApplicationContext [restartedMain] Root WebApplicationContext: initialization completed in 2532 ms
2023-07-26 12:23:50,129 INFO com.zaxxer.hikari.HikariDataSource [restartedMain] HikariPool-1 - Starting...
2023-07-26 12:23:50,305 INFO com.zaxxer.hikari.HikariDataSource [restartedMain] HikariPool-1 - Start completed.
2023-07-26 12:23:50,370 INFO org.hibernate.jpa.internal.util.LogHelper [restartedMain] HHH000204: Processing PersistenceUnitInfo [name: default]
2023-07-26 12:23:50,426 INFO org.hibernate.Version [restartedMain] HHH000412: Hibernate ORM core version 5.6.15.Final
2023-07-26 12:23:50,618 INFO org.hibernate.annotations.common.reflection.java.JavaReflectionManager [restartedMain] HCANN000001: Hibernate Commons Annotations {5.1.2.Final}
2023-07-26 12:23:50,744 INFO org.hibernate.dialect.Dialect [restartedMain] HHH000400: Using dialect: org.hibernate.dialect.MySQL5Dialect
2023-07-26 12:23:51,359 INFO org.hibernate.engine.transaction.jta.platform.internal.JtaPlatformInitiator [restartedMain] HHH000490: Using JtaPlatform implementation: [org.hibernate.engine.transaction.jta.platform.internal.NoJtaPlatform]
2023-07-26 12:23:51,372 INFO org.springframework.orm.jpa.AbstractEntityManagerFactoryBean [restartedMain] Initialized JPA EntityManagerFactory for persistence unit 'default'
2023-07-26 12:23:51,586 WARN org.springframework.boot.autoconfigure.orm.jpa.JpaBaseConfiguration$JpaWebConfiguration [restartedMain] spring.jpa.open-in-view is enabled by default. Therefore, database queries may be performed during view rendering. Explicitly configure spring.jpa.open-in-view to disable this warning
2023-07-26 12:23:52,583 WARN org.springframework.security.oauth2.provider.token.store.JwtAccessTokenConverter [restartedMain] Unable to create an RSA verifier from verifierKey (ignoreable if using MAC)
2023-07-26 12:23:53,176 INFO org.springframework.security.web.DefaultSecurityFilterChain [restartedMain] Will secure Or [Ant [pattern='/oauth/token'], Ant [pattern='/oauth/token_key'], Ant [pattern='/oauth/check_token']] with [org.springframework.security.web.session.DisableEncodeUrlFilter@72c73590, org.springframework.security.web.context.request.async.WebAsyncManagerIntegrationFilter@7dec8761, org.springframework.security.web.context.SecurityContextPersistenceFilter@5ffc7889, org.springframework.security.web.header.HeaderWriterFilter@18be440f, org.springframework.security.web.authentication.logout.LogoutFilter@4059cf0e, org.springframework.security.web.authentication.www.BasicAuthenticationFilter@7518774f, org.springframework.security.web.savedrequest.RequestCacheAwareFilter@2a3e29ef, org.springframework.security.web.servletapi.SecurityContextHolderAwareRequestFilter@30084be6, org.springframework.security.web.authentication.AnonymousAuthenticationFilter@4741d92c, org.springframework.security.web.session.SessionManagementFilter@1e431bdb, org.springframework.security.web.access.ExceptionTranslationFilter@170bfbd5, org.springframework.security.web.access.intercept.FilterSecurityInterceptor@29a83ab8]
2023-07-26 12:23:53,197 INFO org.springframework.security.web.DefaultSecurityFilterChain [restartedMain] Will secure org.springframework.security.oauth2.config.annotation.web.configuration.ResourceServerConfiguration$NotOAuthRequestMatcher@3adcce4b with [org.springframework.security.web.session.DisableEncodeUrlFilter@54c5fdd, org.springframework.security.web.context.request.async.WebAsyncManagerIntegrationFilter@59d356db, org.springframework.security.web.context.SecurityContextPersistenceFilter@12c255a7, org.springframework.security.web.header.HeaderWriterFilter@338bb206, org.springframework.security.web.authentication.logout.LogoutFilter@2eed25a, org.springframework.security.oauth2.provider.authentication.OAuth2AuthenticationProcessingFilter@572f08a, org.springframework.security.web.savedrequest.RequestCacheAwareFilter@eb3ae88, org.springframework.security.web.servletapi.SecurityContextHolderAwareRequestFilter@60c636da, org.springframework.security.web.authentication.AnonymousAuthenticationFilter@7071ba71, org.springframework.security.web.session.SessionManagementFilter@3f1ba7cd, org.springframework.security.web.access.ExceptionTranslationFilter@480a8ce3, org.springframework.security.web.access.intercept.FilterSecurityInterceptor@6de89c6c]
2023-07-26 12:23:53,201 INFO org.springframework.security.web.DefaultSecurityFilterChain [restartedMain] Will secure any request with [org.springframework.security.web.session.DisableEncodeUrlFilter@22a602db, org.springframework.security.web.context.request.async.WebAsyncManagerIntegrationFilter@1f36924b, org.springframework.security.web.context.SecurityContextPersistenceFilter@1b8c3569, org.springframework.security.web.header.HeaderWriterFilter@3b66d6cf, org.springframework.security.web.authentication.logout.LogoutFilter@452bb57b, org.springframework.security.web.savedrequest.RequestCacheAwareFilter@7b191224, org.springframework.security.web.servletapi.SecurityContextHolderAwareRequestFilter@76447326, org.springframework.security.web.authentication.AnonymousAuthenticationFilter@7da2a663, org.springframework.security.web.session.SessionManagementFilter@36cff681, org.springframework.security.web.access.ExceptionTranslationFilter@31ba29fd, org.springframework.security.web.access.intercept.FilterSecurityInterceptor@45e2d677]
2023-07-26 12:23:55,666 INFO org.springframework.boot.devtools.autoconfigure.OptionalLiveReloadServer [restartedMain] LiveReload server is running on port 35729
2023-07-26 12:23:55,702 INFO org.apache.juli.logging.DirectJDKLog [restartedMain] Starting ProtocolHandler ["http-nio-8400"]
2023-07-26 12:23:55,735 INFO org.springframework.boot.web.embedded.tomcat.TomcatWebServer [restartedMain] Tomcat started on port(s): 8400 (http) with context path ''
2023-07-26 12:23:55,752 INFO org.springframework.boot.StartupInfoLogger [restartedMain] Started ApiWebsmsApplication in 9.092 seconds (JVM running for 9.826)
2023-07-26 12:41:29,329 INFO org.apache.juli.logging.DirectJDKLog [http-nio-8400-exec-2] Initializing Spring DispatcherServlet 'dispatcherServlet'
2023-07-26 12:41:29,330 INFO org.springframework.web.servlet.FrameworkServlet [http-nio-8400-exec-2] Initializing Servlet 'dispatcherServlet'
2023-07-26 12:41:29,331 INFO org.springframework.web.servlet.FrameworkServlet [http-nio-8400-exec-2] Completed initialization in 1 ms
2023-07-26 12:42:17,755 TRACE sn.kiwi.apiwebsms.controllers.ContactController [http-nio-8400-exec-4] ************************** Start to revoke contacts to tha group ************************************
2023-07-26 12:42:17,765 TRACE sn.kiwi.apiwebsms.controllers.ContactController [http-nio-8400-exec-4] file: ContactController.java, revokeContacts, userId:1, login: admin,costumerId: 1, groupId:2 contactIds: 5, clientId: orangesn, urlBackend: /contact/ContactController.php, ACTION: REVOKE
2023-07-26 12:42:18,102 TRACE sn.kiwi.apiwebsms.controllers.ContactController [http-nio-8400-exec-4] requestHeaderssn.kiwi.apiwebsms.config.PathsProperties@19235c09
2023-07-26 12:42:18,103 TRACE sn.kiwi.apiwebsms.controllers.ContactController [http-nio-8400-exec-4] userId: 
2023-07-26 12:42:18,103 TRACE sn.kiwi.apiwebsms.controllers.ContactController [http-nio-8400-exec-4] groupId
2023-07-26 12:42:18,103 TRACE sn.kiwi.apiwebsms.controllers.ContactController [http-nio-8400-exec-4] contactIds
2023-07-26 12:42:18,229 TRACE sn.kiwi.apiwebsms.controllers.ContactController [http-nio-8400-exec-4] Group, contactId: 5 was successfully revoked to the contactId: 2
2023-07-26 12:42:18,230 TRACE sn.kiwi.apiwebsms.controllers.ContactController [http-nio-8400-exec-4] ************************** Start to revoke contact to the group ************************************
2023-07-26 14:12:59,838 INFO org.springframework.orm.jpa.AbstractEntityManagerFactoryBean [SpringApplicationShutdownHook] Closing JPA EntityManagerFactory for persistence unit 'default'
2023-07-26 14:12:59,880 INFO com.zaxxer.hikari.HikariDataSource [SpringApplicationShutdownHook] HikariPool-1 - Shutdown initiated...
2023-07-26 14:12:59,897 INFO com.zaxxer.hikari.HikariDataSource [SpringApplicationShutdownHook] HikariPool-1 - Shutdown completed.
