2023-03-10 10:11:17,744 INFO org.springframework.boot.StartupInfoLogger [main] Starting ApiWebsmsApplication using Java 11.0.16.1 on LAPTOP-SIN3MNHS with PID 39728 (C:\Users\MOI\Documents\spring-projects\api-websms\target\classes started by MOI in C:\Users\MOI\Documents\spring-projects\api-websms)
2023-03-10 10:11:17,751 DEBUG org.springframework.boot.StartupInfoLogger [main] Running with Spring Boot v2.7.9, Spring v5.3.25
2023-03-10 10:11:17,754 INFO org.springframework.boot.SpringApplication [main] No active profile set, falling back to 1 default profile: "default"
2023-03-10 10:11:21,286 INFO org.springframework.boot.web.embedded.tomcat.TomcatWebServer [main] Tomcat initialized with port(s): 8400 (http)
2023-03-10 10:11:21,311 INFO org.apache.juli.logging.DirectJDKLog [main] Initializing ProtocolHandler ["http-nio-8400"]
2023-03-10 10:11:21,313 INFO org.apache.juli.logging.DirectJDKLog [main] Starting service [Tomcat]
2023-03-10 10:11:21,313 INFO org.apache.juli.logging.DirectJDKLog [main] Starting Servlet engine: [Apache Tomcat/9.0.71]
2023-03-10 10:11:21,569 INFO org.apache.juli.logging.DirectJDKLog [main] Initializing Spring embedded WebApplicationContext
2023-03-10 10:11:21,569 INFO org.springframework.boot.web.servlet.context.ServletWebServerApplicationContext [main] Root WebApplicationContext: initialization completed in 3692 ms
2023-03-10 10:11:22,715 INFO org.springframework.security.web.DefaultSecurityFilterChain [main] Will secure any request with [org.springframework.security.web.session.DisableEncodeUrlFilter@55736cfe, org.springframework.security.web.context.request.async.WebAsyncManagerIntegrationFilter@5a566922, org.springframework.security.web.context.SecurityContextPersistenceFilter@198536f6, org.springframework.security.web.header.HeaderWriterFilter@2b44d6d0, org.springframework.security.web.authentication.logout.LogoutFilter@76f2dad9, org.springframework.security.oauth2.server.resource.web.BearerTokenAuthenticationFilter@15986dd5, org.springframework.security.web.authentication.www.BasicAuthenticationFilter@43da0955, org.springframework.security.web.savedrequest.RequestCacheAwareFilter@9b47400, org.springframework.security.web.servletapi.SecurityContextHolderAwareRequestFilter@747835f5, org.springframework.security.web.authentication.AnonymousAuthenticationFilter@6f7a2a5, org.springframework.security.web.session.SessionManagementFilter@21e45a6f, org.springframework.security.web.access.ExceptionTranslationFilter@2d7637e6, org.springframework.security.web.access.intercept.FilterSecurityInterceptor@353f472a]
2023-03-10 10:11:25,512 INFO org.apache.juli.logging.DirectJDKLog [main] Starting ProtocolHandler ["http-nio-8400"]
2023-03-10 10:11:25,554 INFO org.springframework.boot.web.embedded.tomcat.TomcatWebServer [main] Tomcat started on port(s): 8400 (http) with context path ''
2023-03-10 10:11:25,584 INFO org.springframework.boot.StartupInfoLogger [main] Started ApiWebsmsApplication in 8.658 seconds (JVM running for 9.546)
2023-03-10 16:19:10,636 INFO org.apache.juli.logging.DirectJDKLog [http-nio-8400-exec-1] Initializing Spring DispatcherServlet 'dispatcherServlet'
2023-03-10 16:19:10,652 INFO org.springframework.web.servlet.FrameworkServlet [http-nio-8400-exec-1] Initializing Servlet 'dispatcherServlet'
2023-03-10 16:19:10,859 INFO org.springframework.web.servlet.FrameworkServlet [http-nio-8400-exec-1] Completed initialization in 205 ms
2023-03-10 16:19:13,214 INFO org.springdoc.api.AbstractOpenApiResource [http-nio-8400-exec-10] Init duration for springdoc-openapi is: 1336 ms
2023-03-10 16:21:55,863 WARN org.springframework.web.servlet.handler.AbstractHandlerExceptionResolver [http-nio-8400-exec-9] Resolved [org.springframework.web.HttpRequestMethodNotSupportedException: Request method 'GET' not supported]
2023-03-10 20:54:35,382 INFO org.springframework.boot.StartupInfoLogger [main] Starting ApiWebsmsApplicationTests using Java 11.0.16.1 on LAPTOP-SIN3MNHS with PID 39112 (started by MOI in C:\Users\MOI\Documents\spring-projects\api-websms)
2023-03-10 20:54:35,386 DEBUG org.springframework.boot.StartupInfoLogger [main] Running with Spring Boot v2.7.9, Spring v5.3.25
2023-03-10 20:54:35,386 INFO org.springframework.boot.SpringApplication [main] No active profile set, falling back to 1 default profile: "default"
2023-03-10 20:54:40,825 INFO org.springframework.security.web.DefaultSecurityFilterChain [main] Will secure any request with [org.springframework.security.web.session.DisableEncodeUrlFilter@7634f2b, org.springframework.security.web.context.request.async.WebAsyncManagerIntegrationFilter@1d15c0a1, org.springframework.security.web.context.SecurityContextPersistenceFilter@100ad67e, org.springframework.security.web.header.HeaderWriterFilter@4bb1b96b, org.springframework.security.web.authentication.logout.LogoutFilter@3a1f2a1, org.springframework.security.oauth2.server.resource.web.BearerTokenAuthenticationFilter@2de6f1bc, org.springframework.security.web.authentication.www.BasicAuthenticationFilter@50b46e24, org.springframework.security.web.savedrequest.RequestCacheAwareFilter@11787b64, org.springframework.security.web.servletapi.SecurityContextHolderAwareRequestFilter@5707f613, org.springframework.security.web.authentication.AnonymousAuthenticationFilter@15639d09, org.springframework.security.web.session.SessionManagementFilter@432af457, org.springframework.security.web.access.ExceptionTranslationFilter@316cda31, org.springframework.security.web.access.intercept.FilterSecurityInterceptor@740fefc6]
2023-03-10 20:54:45,430 INFO org.springframework.boot.StartupInfoLogger [main] Started ApiWebsmsApplicationTests in 10.612 seconds (JVM running for 12.285)
