2023-03-09 10:13:10,192 INFO org.springframework.boot.StartupInfoLogger [main] Starting ApiWebsmsApplication using Java 11.0.16.1 on LAPTOP-SIN3MNHS with PID 26572 (C:\Users\MOI\Documents\spring-projects\api-websms\target\classes started by MOI in C:\Users\MOI\Documents\spring-projects\api-websms)
2023-03-09 10:13:10,205 DEBUG org.springframework.boot.StartupInfoLogger [main] Running with Spring Boot v2.7.9, Spring v5.3.25
2023-03-09 10:13:10,207 INFO org.springframework.boot.SpringApplication [main] No active profile set, falling back to 1 default profile: "default"
2023-03-09 10:13:16,734 INFO org.springframework.boot.web.embedded.tomcat.TomcatWebServer [main] Tomcat initialized with port(s): 8400 (http)
2023-03-09 10:13:16,767 INFO org.apache.juli.logging.DirectJDKLog [main] Initializing ProtocolHandler ["http-nio-8400"]
2023-03-09 10:13:16,768 INFO org.apache.juli.logging.DirectJDKLog [main] Starting service [Tomcat]
2023-03-09 10:13:16,769 INFO org.apache.juli.logging.DirectJDKLog [main] Starting Servlet engine: [Apache Tomcat/9.0.71]
2023-03-09 10:13:17,378 INFO org.apache.juli.logging.DirectJDKLog [main] Initializing Spring embedded WebApplicationContext
2023-03-09 10:13:17,378 INFO org.springframework.boot.web.servlet.context.ServletWebServerApplicationContext [main] Root WebApplicationContext: initialization completed in 6995 ms
2023-03-09 10:13:20,072 INFO org.springframework.security.web.DefaultSecurityFilterChain [main] Will secure any request with [org.springframework.security.web.session.DisableEncodeUrlFilter@25953be6, org.springframework.security.web.context.request.async.WebAsyncManagerIntegrationFilter@19dc0d32, org.springframework.security.web.context.SecurityContextPersistenceFilter@22825e1e, org.springframework.security.web.header.HeaderWriterFilter@7bbcf6f0, org.springframework.security.web.authentication.logout.LogoutFilter@5348d83c, org.springframework.security.oauth2.server.resource.web.BearerTokenAuthenticationFilter@55736cfe, org.springframework.security.web.authentication.www.BasicAuthenticationFilter@1df5c7e3, org.springframework.security.web.savedrequest.RequestCacheAwareFilter@1d6751e3, org.springframework.security.web.servletapi.SecurityContextHolderAwareRequestFilter@2d258eff, org.springframework.security.web.authentication.AnonymousAuthenticationFilter@70b2fa10, org.springframework.security.web.session.SessionManagementFilter@76f2dad9, org.springframework.security.web.access.ExceptionTranslationFilter@53aa2fc9, org.springframework.security.web.access.intercept.FilterSecurityInterceptor@4f820f42]
2023-03-09 10:13:26,884 INFO org.apache.juli.logging.DirectJDKLog [main] Starting ProtocolHandler ["http-nio-8400"]
2023-03-09 10:13:26,997 INFO org.springframework.boot.web.embedded.tomcat.TomcatWebServer [main] Tomcat started on port(s): 8400 (http) with context path ''
2023-03-09 10:13:27,087 INFO org.springframework.boot.StartupInfoLogger [main] Started ApiWebsmsApplication in 18.053 seconds (JVM running for 19.272)
2023-03-09 10:13:48,405 INFO org.apache.juli.logging.DirectJDKLog [http-nio-8400-exec-2] Initializing Spring DispatcherServlet 'dispatcherServlet'
2023-03-09 10:13:48,407 INFO org.springframework.web.servlet.FrameworkServlet [http-nio-8400-exec-2] Initializing Servlet 'dispatcherServlet'
2023-03-09 10:13:48,414 INFO org.springframework.web.servlet.FrameworkServlet [http-nio-8400-exec-2] Completed initialization in 5 ms
2023-03-09 10:13:50,200 INFO org.springdoc.api.AbstractOpenApiResource [http-nio-8400-exec-8] Init duration for springdoc-openapi is: 1096 ms
2023-03-09 10:14:38,642 INFO org.springframework.boot.StartupInfoLogger [main] Starting ApiWebsmsApplication using Java 11.0.16.1 on LAPTOP-SIN3MNHS with PID 22264 (C:\Users\MOI\Documents\spring-projects\api-websms\target\classes started by MOI in C:\Users\MOI\Documents\spring-projects\api-websms)
2023-03-09 10:14:38,647 DEBUG org.springframework.boot.StartupInfoLogger [main] Running with Spring Boot v2.7.9, Spring v5.3.25
2023-03-09 10:14:38,649 INFO org.springframework.boot.SpringApplication [main] No active profile set, falling back to 1 default profile: "default"
2023-03-09 10:14:43,135 INFO org.springframework.boot.web.embedded.tomcat.TomcatWebServer [main] Tomcat initialized with port(s): 8400 (http)
2023-03-09 10:14:43,150 INFO org.apache.juli.logging.DirectJDKLog [main] Initializing ProtocolHandler ["http-nio-8400"]
2023-03-09 10:14:43,151 INFO org.apache.juli.logging.DirectJDKLog [main] Starting service [Tomcat]
2023-03-09 10:14:43,152 INFO org.apache.juli.logging.DirectJDKLog [main] Starting Servlet engine: [Apache Tomcat/9.0.71]
2023-03-09 10:14:43,435 INFO org.apache.juli.logging.DirectJDKLog [main] Initializing Spring embedded WebApplicationContext
2023-03-09 10:14:43,436 INFO org.springframework.boot.web.servlet.context.ServletWebServerApplicationContext [main] Root WebApplicationContext: initialization completed in 4625 ms
2023-03-09 10:14:44,886 INFO org.springframework.security.web.DefaultSecurityFilterChain [main] Will secure any request with [org.springframework.security.web.session.DisableEncodeUrlFilter@644d1b61, org.springframework.security.web.context.request.async.WebAsyncManagerIntegrationFilter@2443135, org.springframework.security.web.context.SecurityContextPersistenceFilter@1283ca23, org.springframework.security.web.header.HeaderWriterFilter@43245559, org.springframework.security.web.authentication.logout.LogoutFilter@2de6f1bc, org.springframework.security.oauth2.server.resource.web.BearerTokenAuthenticationFilter@34d480b9, org.springframework.security.web.authentication.www.BasicAuthenticationFilter@15c6027d, org.springframework.security.web.savedrequest.RequestCacheAwareFilter@733e6df7, org.springframework.security.web.servletapi.SecurityContextHolderAwareRequestFilter@7fe07361, org.springframework.security.web.authentication.AnonymousAuthenticationFilter@184823ed, org.springframework.security.web.session.SessionManagementFilter@2d258eff, org.springframework.security.web.access.ExceptionTranslationFilter@36c7cbe1, org.springframework.security.web.access.intercept.FilterSecurityInterceptor@6c33da7a]
2023-03-09 10:14:48,590 INFO org.apache.juli.logging.DirectJDKLog [main] Starting ProtocolHandler ["http-nio-8400"]
2023-03-09 10:14:48,637 INFO org.springframework.boot.web.embedded.tomcat.TomcatWebServer [main] Tomcat started on port(s): 8400 (http) with context path ''
2023-03-09 10:14:48,663 INFO org.springframework.boot.StartupInfoLogger [main] Started ApiWebsmsApplication in 10.954 seconds (JVM running for 12.106)
2023-03-09 10:14:56,626 INFO org.apache.juli.logging.DirectJDKLog [http-nio-8400-exec-1] Initializing Spring DispatcherServlet 'dispatcherServlet'
2023-03-09 10:14:56,629 INFO org.springframework.web.servlet.FrameworkServlet [http-nio-8400-exec-1] Initializing Servlet 'dispatcherServlet'
2023-03-09 10:14:56,632 INFO org.springframework.web.servlet.FrameworkServlet [http-nio-8400-exec-1] Completed initialization in 3 ms
2023-03-09 10:14:58,120 INFO org.springdoc.api.AbstractOpenApiResource [http-nio-8400-exec-7] Init duration for springdoc-openapi is: 929 ms
2023-03-09 10:15:22,160 INFO org.springframework.boot.StartupInfoLogger [main] Starting ApiWebsmsApplication using Java 11.0.16.1 on LAPTOP-SIN3MNHS with PID 12644 (C:\Users\MOI\Documents\spring-projects\api-websms\target\classes started by MOI in C:\Users\MOI\Documents\spring-projects\api-websms)
2023-03-09 10:15:22,168 DEBUG org.springframework.boot.StartupInfoLogger [main] Running with Spring Boot v2.7.9, Spring v5.3.25
2023-03-09 10:15:22,169 INFO org.springframework.boot.SpringApplication [main] No active profile set, falling back to 1 default profile: "default"
2023-03-09 10:15:26,279 INFO org.springframework.boot.web.embedded.tomcat.TomcatWebServer [main] Tomcat initialized with port(s): 8400 (http)
2023-03-09 10:15:26,294 INFO org.apache.juli.logging.DirectJDKLog [main] Initializing ProtocolHandler ["http-nio-8400"]
2023-03-09 10:15:26,295 INFO org.apache.juli.logging.DirectJDKLog [main] Starting service [Tomcat]
2023-03-09 10:15:26,295 INFO org.apache.juli.logging.DirectJDKLog [main] Starting Servlet engine: [Apache Tomcat/9.0.71]
2023-03-09 10:15:26,622 INFO org.apache.juli.logging.DirectJDKLog [main] Initializing Spring embedded WebApplicationContext
2023-03-09 10:15:26,622 INFO org.springframework.boot.web.servlet.context.ServletWebServerApplicationContext [main] Root WebApplicationContext: initialization completed in 4314 ms
2023-03-09 10:15:27,785 INFO org.springframework.security.web.DefaultSecurityFilterChain [main] Will secure any request with [org.springframework.security.web.session.DisableEncodeUrlFilter@644d1b61, org.springframework.security.web.context.request.async.WebAsyncManagerIntegrationFilter@2443135, org.springframework.security.web.context.SecurityContextPersistenceFilter@1283ca23, org.springframework.security.web.header.HeaderWriterFilter@43245559, org.springframework.security.web.authentication.logout.LogoutFilter@2de6f1bc, org.springframework.security.oauth2.server.resource.web.BearerTokenAuthenticationFilter@34d480b9, org.springframework.security.web.authentication.www.BasicAuthenticationFilter@15c6027d, org.springframework.security.web.savedrequest.RequestCacheAwareFilter@733e6df7, org.springframework.security.web.servletapi.SecurityContextHolderAwareRequestFilter@7fe07361, org.springframework.security.web.authentication.AnonymousAuthenticationFilter@184823ed, org.springframework.security.web.session.SessionManagementFilter@2d258eff, org.springframework.security.web.access.ExceptionTranslationFilter@36c7cbe1, org.springframework.security.web.access.intercept.FilterSecurityInterceptor@6c33da7a]
2023-03-09 10:15:32,466 INFO org.apache.juli.logging.DirectJDKLog [main] Starting ProtocolHandler ["http-nio-8400"]
2023-03-09 10:15:32,547 INFO org.springframework.boot.web.embedded.tomcat.TomcatWebServer [main] Tomcat started on port(s): 8400 (http) with context path ''
2023-03-09 10:15:32,580 INFO org.springframework.boot.StartupInfoLogger [main] Started ApiWebsmsApplication in 11.406 seconds (JVM running for 12.384)
2023-03-09 10:17:02,589 INFO org.apache.juli.logging.DirectJDKLog [http-nio-8400-exec-4] Initializing Spring DispatcherServlet 'dispatcherServlet'
2023-03-09 10:17:02,592 INFO org.springframework.web.servlet.FrameworkServlet [http-nio-8400-exec-4] Initializing Servlet 'dispatcherServlet'
2023-03-09 10:17:02,597 INFO org.springframework.web.servlet.FrameworkServlet [http-nio-8400-exec-4] Completed initialization in 4 ms
2023-03-09 10:17:04,211 INFO org.springdoc.api.AbstractOpenApiResource [http-nio-8400-exec-9] Init duration for springdoc-openapi is: 1047 ms
2023-03-09 11:11:40,497 WARN org.springframework.web.servlet.handler.AbstractHandlerExceptionResolver [http-nio-8400-exec-5] Resolved [org.springframework.web.HttpRequestMethodNotSupportedException: Request method 'GET' not supported]
2023-03-09 18:00:46,983 INFO org.springframework.boot.StartupInfoLogger [main] Starting ApiWebsmsApplication using Java 11.0.16.1 on LAPTOP-SIN3MNHS with PID 23780 (C:\Users\MOI\Documents\spring-projects\api-websms\target\classes started by MOI in C:\Users\MOI\Documents\spring-projects\api-websms)
2023-03-09 18:00:46,988 DEBUG org.springframework.boot.StartupInfoLogger [main] Running with Spring Boot v2.7.9, Spring v5.3.25
2023-03-09 18:00:46,991 INFO org.springframework.boot.SpringApplication [main] No active profile set, falling back to 1 default profile: "default"
2023-03-09 18:00:50,617 INFO org.springframework.boot.web.embedded.tomcat.TomcatWebServer [main] Tomcat initialized with port(s): 8400 (http)
2023-03-09 18:00:50,652 INFO org.apache.juli.logging.DirectJDKLog [main] Initializing ProtocolHandler ["http-nio-8400"]
2023-03-09 18:00:50,654 INFO org.apache.juli.logging.DirectJDKLog [main] Starting service [Tomcat]
2023-03-09 18:00:50,655 INFO org.apache.juli.logging.DirectJDKLog [main] Starting Servlet engine: [Apache Tomcat/9.0.71]
2023-03-09 18:00:50,951 INFO org.apache.juli.logging.DirectJDKLog [main] Initializing Spring embedded WebApplicationContext
2023-03-09 18:00:50,952 INFO org.springframework.boot.web.servlet.context.ServletWebServerApplicationContext [main] Root WebApplicationContext: initialization completed in 3827 ms
2023-03-09 18:00:52,176 INFO org.springframework.security.web.DefaultSecurityFilterChain [main] Will secure any request with [org.springframework.security.web.session.DisableEncodeUrlFilter@5e0c4f21, org.springframework.security.web.context.request.async.WebAsyncManagerIntegrationFilter@2c18a3ea, org.springframework.security.web.context.SecurityContextPersistenceFilter@4cdba2ed, org.springframework.security.web.header.HeaderWriterFilter@ea00de, org.springframework.security.web.authentication.logout.LogoutFilter@bd3eff4, org.springframework.security.oauth2.server.resource.web.BearerTokenAuthenticationFilter@bc09d57, org.springframework.security.web.authentication.www.BasicAuthenticationFilter@617449dd, org.springframework.security.web.savedrequest.RequestCacheAwareFilter@22825e1e, org.springframework.security.web.servletapi.SecurityContextHolderAwareRequestFilter@335f5c69, org.springframework.security.web.authentication.AnonymousAuthenticationFilter@166c2c17, org.springframework.security.web.session.SessionManagementFilter@43245559, org.springframework.security.web.access.ExceptionTranslationFilter@64ae105d, org.springframework.security.web.access.intercept.FilterSecurityInterceptor@79afa369]
2023-03-09 18:00:55,391 INFO org.apache.juli.logging.DirectJDKLog [main] Starting ProtocolHandler ["http-nio-8400"]
2023-03-09 18:00:55,434 INFO org.springframework.boot.web.embedded.tomcat.TomcatWebServer [main] Tomcat started on port(s): 8400 (http) with context path ''
2023-03-09 18:00:55,460 INFO org.springframework.boot.StartupInfoLogger [main] Started ApiWebsmsApplication in 9.335 seconds (JVM running for 10.203)
2023-03-09 18:01:31,231 INFO org.apache.juli.logging.DirectJDKLog [http-nio-8400-exec-2] Initializing Spring DispatcherServlet 'dispatcherServlet'
2023-03-09 18:01:31,235 INFO org.springframework.web.servlet.FrameworkServlet [http-nio-8400-exec-2] Initializing Servlet 'dispatcherServlet'
2023-03-09 18:01:31,239 INFO org.springframework.web.servlet.FrameworkServlet [http-nio-8400-exec-2] Completed initialization in 4 ms
2023-03-09 18:02:20,200 ERROR org.apache.juli.logging.DirectJDKLog [http-nio-8400-exec-6] Servlet.service() for servlet [dispatcherServlet] in context with path [] threw exception
com.fasterxml.jackson.databind.exc.UnrecognizedPropertyException: Unrecognized field "groups" (class sn.kiwi.apiwebsms.dtos.GroupDto), not marked as ignorable (4 known properties: "id", "description", "name", "numberOfContacts"])
 at [Source: (String)"[
  {
    "id": 1,
    "groups": "TERANGA",
    "content": "Lorem Ipsum is simply dummy text of the printing and typesetting industry",
    "state": "INPROCESS",
    "createdDate": "09-03-2023"
  },
  {
    "id": 2,
    "groups": "Xarala",
    "content": "Lorem Ipsum is simply dummy text of the printing and typesetting industry",
    "state": "PENDING",
    "createdDate": "07-03-2023"
  },
  {
    "id": 3,
    "groups": "Avenir",
    "content": "Lorem Ipsum is simply dummy text of the printing a"[truncated 474 chars]; line: 4, column: 16] (through reference chain: java.util.ArrayList[0]->sn.kiwi.apiwebsms.dtos.GroupDto["groups"])
	at com.fasterxml.jackson.databind.exc.UnrecognizedPropertyException.from(UnrecognizedPropertyException.java:61)
	at com.fasterxml.jackson.databind.DeserializationContext.handleUnknownProperty(DeserializationContext.java:1127)
	at com.fasterxml.jackson.databind.deser.std.StdDeserializer.handleUnknownProperty(StdDeserializer.java:2036)
	at com.fasterxml.jackson.databind.deser.BeanDeserializerBase.handleUnknownProperty(BeanDeserializerBase.java:1700)
	at com.fasterxml.jackson.databind.deser.BeanDeserializerBase.handleUnknownVanilla(BeanDeserializerBase.java:1678)
	at com.fasterxml.jackson.databind.deser.BeanDeserializer.vanillaDeserialize(BeanDeserializer.java:320)
	at com.fasterxml.jackson.databind.deser.BeanDeserializer.deserialize(BeanDeserializer.java:177)
	at com.fasterxml.jackson.databind.deser.std.CollectionDeserializer._deserializeFromArray(CollectionDeserializer.java:355)
	at com.fasterxml.jackson.databind.deser.std.CollectionDeserializer.deserialize(CollectionDeserializer.java:244)
	at com.fasterxml.jackson.databind.deser.std.CollectionDeserializer.deserialize(CollectionDeserializer.java:28)
	at com.fasterxml.jackson.databind.deser.DefaultDeserializationContext.readRootValue(DefaultDeserializationContext.java:323)
	at com.fasterxml.jackson.databind.ObjectMapper._readMapAndClose(ObjectMapper.java:4674)
	at com.fasterxml.jackson.databind.ObjectMapper.readValue(ObjectMapper.java:3629)
	at com.fasterxml.jackson.databind.ObjectMapper.readValue(ObjectMapper.java:3612)
	at sn.kiwi.apiwebsms.controllers.MessageController.getAllMessages(MessageController.java:42)
	at java.base/jdk.internal.reflect.NativeMethodAccessorImpl.invoke0(Native Method)
	at java.base/jdk.internal.reflect.NativeMethodAccessorImpl.invoke(NativeMethodAccessorImpl.java:62)
	at java.base/jdk.internal.reflect.DelegatingMethodAccessorImpl.invoke(DelegatingMethodAccessorImpl.java:43)
	at java.base/java.lang.reflect.Method.invoke(Method.java:566)
	at org.springframework.web.method.support.InvocableHandlerMethod.doInvoke(InvocableHandlerMethod.java:205)
	at org.springframework.web.method.support.InvocableHandlerMethod.invokeForRequest(InvocableHandlerMethod.java:150)
	at org.springframework.web.servlet.mvc.method.annotation.ServletInvocableHandlerMethod.invokeAndHandle(ServletInvocableHandlerMethod.java:117)
	at org.springframework.web.servlet.mvc.method.annotation.RequestMappingHandlerAdapter.invokeHandlerMethod(RequestMappingHandlerAdapter.java:895)
	at org.springframework.web.servlet.mvc.method.annotation.RequestMappingHandlerAdapter.handleInternal(RequestMappingHandlerAdapter.java:808)
	at org.springframework.web.servlet.mvc.method.AbstractHandlerMethodAdapter.handle(AbstractHandlerMethodAdapter.java:87)
	at org.springframework.web.servlet.DispatcherServlet.doDispatch(DispatcherServlet.java:1071)
	at org.springframework.web.servlet.DispatcherServlet.doService(DispatcherServlet.java:964)
	at org.springframework.web.servlet.FrameworkServlet.processRequest(FrameworkServlet.java:1006)
	at org.springframework.web.servlet.FrameworkServlet.doGet(FrameworkServlet.java:898)
	at javax.servlet.http.HttpServlet.service(HttpServlet.java:670)
	at org.springframework.web.servlet.FrameworkServlet.service(FrameworkServlet.java:883)
	at javax.servlet.http.HttpServlet.service(HttpServlet.java:779)
	at org.apache.catalina.core.ApplicationFilterChain.internalDoFilter(ApplicationFilterChain.java:227)
	at org.apache.catalina.core.ApplicationFilterChain.doFilter(ApplicationFilterChain.java:162)
	at org.apache.tomcat.websocket.server.WsFilter.doFilter(WsFilter.java:53)
	at org.apache.catalina.core.ApplicationFilterChain.internalDoFilter(ApplicationFilterChain.java:189)
	at org.apache.catalina.core.ApplicationFilterChain.doFilter(ApplicationFilterChain.java:162)
	at org.springframework.security.web.FilterChainProxy$VirtualFilterChain.doFilter(FilterChainProxy.java:337)
	at org.springframework.security.web.access.intercept.FilterSecurityInterceptor.invoke(FilterSecurityInterceptor.java:115)
	at org.springframework.security.web.access.intercept.FilterSecurityInterceptor.doFilter(FilterSecurityInterceptor.java:81)
	at org.springframework.security.web.FilterChainProxy$VirtualFilterChain.doFilter(FilterChainProxy.java:346)
	at org.springframework.security.web.access.ExceptionTranslationFilter.doFilter(ExceptionTranslationFilter.java:122)
	at org.springframework.security.web.access.ExceptionTranslationFilter.doFilter(ExceptionTranslationFilter.java:116)
	at org.springframework.security.web.FilterChainProxy$VirtualFilterChain.doFilter(FilterChainProxy.java:346)
	at org.springframework.security.web.session.SessionManagementFilter.doFilter(SessionManagementFilter.java:126)
	at org.springframework.security.web.session.SessionManagementFilter.doFilter(SessionManagementFilter.java:81)
	at org.springframework.security.web.FilterChainProxy$VirtualFilterChain.doFilter(FilterChainProxy.java:346)
	at org.springframework.security.web.authentication.AnonymousAuthenticationFilter.doFilter(AnonymousAuthenticationFilter.java:109)
	at org.springframework.security.web.FilterChainProxy$VirtualFilterChain.doFilter(FilterChainProxy.java:346)
	at org.springframework.security.web.servletapi.SecurityContextHolderAwareRequestFilter.doFilter(SecurityContextHolderAwareRequestFilter.java:149)
	at org.springframework.security.web.FilterChainProxy$VirtualFilterChain.doFilter(FilterChainProxy.java:346)
	at org.springframework.security.web.savedrequest.RequestCacheAwareFilter.doFilter(RequestCacheAwareFilter.java:63)
	at org.springframework.security.web.FilterChainProxy$VirtualFilterChain.doFilter(FilterChainProxy.java:346)
	at org.springframework.security.web.authentication.www.BasicAuthenticationFilter.doFilterInternal(BasicAuthenticationFilter.java:166)
	at org.springframework.web.filter.OncePerRequestFilter.doFilter(OncePerRequestFilter.java:117)
	at org.springframework.security.web.FilterChainProxy$VirtualFilterChain.doFilter(FilterChainProxy.java:346)
	at org.springframework.security.oauth2.server.resource.web.BearerTokenAuthenticationFilter.doFilterInternal(BearerTokenAuthenticationFilter.java:142)
	at org.springframework.web.filter.OncePerRequestFilter.doFilter(OncePerRequestFilter.java:117)
	at org.springframework.security.web.FilterChainProxy$VirtualFilterChain.doFilter(FilterChainProxy.java:346)
	at org.springframework.security.web.authentication.logout.LogoutFilter.doFilter(LogoutFilter.java:103)
	at org.springframework.security.web.authentication.logout.LogoutFilter.doFilter(LogoutFilter.java:89)
	at org.springframework.security.web.FilterChainProxy$VirtualFilterChain.doFilter(FilterChainProxy.java:346)
	at org.springframework.security.web.header.HeaderWriterFilter.doHeadersAfter(HeaderWriterFilter.java:90)
	at org.springframework.security.web.header.HeaderWriterFilter.doFilterInternal(HeaderWriterFilter.java:75)
	at org.springframework.web.filter.OncePerRequestFilter.doFilter(OncePerRequestFilter.java:117)
	at org.springframework.security.web.FilterChainProxy$VirtualFilterChain.doFilter(FilterChainProxy.java:346)
	at org.springframework.security.web.context.SecurityContextPersistenceFilter.doFilter(SecurityContextPersistenceFilter.java:112)
	at org.springframework.security.web.context.SecurityContextPersistenceFilter.doFilter(SecurityContextPersistenceFilter.java:82)
	at org.springframework.security.web.FilterChainProxy$VirtualFilterChain.doFilter(FilterChainProxy.java:346)
	at org.springframework.security.web.context.request.async.WebAsyncManagerIntegrationFilter.doFilterInternal(WebAsyncManagerIntegrationFilter.java:55)
	at org.springframework.web.filter.OncePerRequestFilter.doFilter(OncePerRequestFilter.java:117)
	at org.springframework.security.web.FilterChainProxy$VirtualFilterChain.doFilter(FilterChainProxy.java:346)
	at org.springframework.security.web.session.DisableEncodeUrlFilter.doFilterInternal(DisableEncodeUrlFilter.java:42)
	at org.springframework.web.filter.OncePerRequestFilter.doFilter(OncePerRequestFilter.java:117)
	at org.springframework.security.web.FilterChainProxy$VirtualFilterChain.doFilter(FilterChainProxy.java:346)
	at org.springframework.security.web.FilterChainProxy.doFilterInternal(FilterChainProxy.java:221)
	at org.springframework.security.web.FilterChainProxy.doFilter(FilterChainProxy.java:186)
	at org.springframework.web.filter.DelegatingFilterProxy.invokeDelegate(DelegatingFilterProxy.java:354)
	at org.springframework.web.filter.DelegatingFilterProxy.doFilter(DelegatingFilterProxy.java:267)
	at org.apache.catalina.core.ApplicationFilterChain.internalDoFilter(ApplicationFilterChain.java:189)
	at org.apache.catalina.core.ApplicationFilterChain.doFilter(ApplicationFilterChain.java:162)
	at org.springframework.web.filter.RequestContextFilter.doFilterInternal(RequestContextFilter.java:100)
	at org.springframework.web.filter.OncePerRequestFilter.doFilter(OncePerRequestFilter.java:117)
	at org.apache.catalina.core.ApplicationFilterChain.internalDoFilter(ApplicationFilterChain.java:189)
	at org.apache.catalina.core.ApplicationFilterChain.doFilter(ApplicationFilterChain.java:162)
	at org.springframework.web.filter.FormContentFilter.doFilterInternal(FormContentFilter.java:93)
	at org.springframework.web.filter.OncePerRequestFilter.doFilter(OncePerRequestFilter.java:117)
	at org.apache.catalina.core.ApplicationFilterChain.internalDoFilter(ApplicationFilterChain.java:189)
	at org.apache.catalina.core.ApplicationFilterChain.doFilter(ApplicationFilterChain.java:162)
	at org.springframework.web.filter.CharacterEncodingFilter.doFilterInternal(CharacterEncodingFilter.java:201)
	at org.springframework.web.filter.OncePerRequestFilter.doFilter(OncePerRequestFilter.java:117)
	at org.apache.catalina.core.ApplicationFilterChain.internalDoFilter(ApplicationFilterChain.java:189)
	at org.apache.catalina.core.ApplicationFilterChain.doFilter(ApplicationFilterChain.java:162)
	at org.apache.catalina.core.StandardWrapperValve.invoke(StandardWrapperValve.java:177)
	at org.apache.catalina.core.StandardContextValve.invoke(StandardContextValve.java:97)
	at org.apache.catalina.authenticator.AuthenticatorBase.invoke(AuthenticatorBase.java:541)
	at org.apache.catalina.core.StandardHostValve.invoke(StandardHostValve.java:135)
	at org.apache.catalina.valves.ErrorReportValve.invoke(ErrorReportValve.java:92)
	at org.apache.catalina.core.StandardEngineValve.invoke(StandardEngineValve.java:78)
	at org.apache.catalina.connector.CoyoteAdapter.service(CoyoteAdapter.java:360)
	at org.apache.coyote.http11.Http11Processor.service(Http11Processor.java:399)
	at org.apache.coyote.AbstractProcessorLight.process(AbstractProcessorLight.java:65)
	at org.apache.coyote.AbstractProtocol$ConnectionHandler.process(AbstractProtocol.java:891)
	at org.apache.tomcat.util.net.NioEndpoint$SocketProcessor.doRun(NioEndpoint.java:1784)
	at org.apache.tomcat.util.net.SocketProcessorBase.run(SocketProcessorBase.java:49)
	at org.apache.tomcat.util.threads.ThreadPoolExecutor.runWorker(ThreadPoolExecutor.java:1191)
	at org.apache.tomcat.util.threads.ThreadPoolExecutor$Worker.run(ThreadPoolExecutor.java:659)
	at org.apache.tomcat.util.threads.TaskThread$WrappingRunnable.run(TaskThread.java:61)
	at java.base/java.lang.Thread.run(Thread.java:834)
2023-03-09 18:05:47,199 INFO org.springframework.boot.StartupInfoLogger [main] Starting ApiWebsmsApplication using Java 11.0.16.1 on LAPTOP-SIN3MNHS with PID 29140 (C:\Users\MOI\Documents\spring-projects\api-websms\target\classes started by MOI in C:\Users\MOI\Documents\spring-projects\api-websms)
2023-03-09 18:05:47,204 DEBUG org.springframework.boot.StartupInfoLogger [main] Running with Spring Boot v2.7.9, Spring v5.3.25
2023-03-09 18:05:47,205 INFO org.springframework.boot.SpringApplication [main] No active profile set, falling back to 1 default profile: "default"
2023-03-09 18:05:50,676 INFO org.springframework.boot.web.embedded.tomcat.TomcatWebServer [main] Tomcat initialized with port(s): 8400 (http)
2023-03-09 18:05:50,699 INFO org.apache.juli.logging.DirectJDKLog [main] Initializing ProtocolHandler ["http-nio-8400"]
2023-03-09 18:05:50,700 INFO org.apache.juli.logging.DirectJDKLog [main] Starting service [Tomcat]
2023-03-09 18:05:50,700 INFO org.apache.juli.logging.DirectJDKLog [main] Starting Servlet engine: [Apache Tomcat/9.0.71]
2023-03-09 18:05:50,969 INFO org.apache.juli.logging.DirectJDKLog [main] Initializing Spring embedded WebApplicationContext
2023-03-09 18:05:50,971 INFO org.springframework.boot.web.servlet.context.ServletWebServerApplicationContext [main] Root WebApplicationContext: initialization completed in 3597 ms
2023-03-09 18:05:51,960 INFO org.springframework.security.web.DefaultSecurityFilterChain [main] Will secure any request with [org.springframework.security.web.session.DisableEncodeUrlFilter@49edcb30, org.springframework.security.web.context.request.async.WebAsyncManagerIntegrationFilter@59303963, org.springframework.security.web.context.SecurityContextPersistenceFilter@37a9b687, org.springframework.security.web.header.HeaderWriterFilter@168ad26f, org.springframework.security.web.authentication.logout.LogoutFilter@4e8b357d, org.springframework.security.oauth2.server.resource.web.BearerTokenAuthenticationFilter@2c30c81d, org.springframework.security.web.authentication.www.BasicAuthenticationFilter@6a950a3b, org.springframework.security.web.savedrequest.RequestCacheAwareFilter@661d6bb6, org.springframework.security.web.servletapi.SecurityContextHolderAwareRequestFilter@733fb462, org.springframework.security.web.authentication.AnonymousAuthenticationFilter@61e86192, org.springframework.security.web.session.SessionManagementFilter@3f8dfe74, org.springframework.security.web.access.ExceptionTranslationFilter@13803a94, org.springframework.security.web.access.intercept.FilterSecurityInterceptor@48581a3b]
2023-03-09 18:05:54,480 INFO org.apache.juli.logging.DirectJDKLog [main] Starting ProtocolHandler ["http-nio-8400"]
2023-03-09 18:05:54,532 INFO org.springframework.boot.web.embedded.tomcat.TomcatWebServer [main] Tomcat started on port(s): 8400 (http) with context path ''
2023-03-09 18:05:54,560 INFO org.springframework.boot.StartupInfoLogger [main] Started ApiWebsmsApplication in 8.205 seconds (JVM running for 9.13)
2023-03-09 18:06:00,759 INFO org.apache.juli.logging.DirectJDKLog [http-nio-8400-exec-4] Initializing Spring DispatcherServlet 'dispatcherServlet'
2023-03-09 18:06:00,761 INFO org.springframework.web.servlet.FrameworkServlet [http-nio-8400-exec-4] Initializing Servlet 'dispatcherServlet'
2023-03-09 18:06:00,765 INFO org.springframework.web.servlet.FrameworkServlet [http-nio-8400-exec-4] Completed initialization in 3 ms
