2023-07-20 19:03:33,131 INFO org.springframework.boot.StartupInfoLogger [restartedMain] Starting ApiWebsmsApplication using Java 11.0.17 on DESKTOP-7QP6LFN with PID 17556 (E:\KIWI\2SMOBILE\api-backend-websms\api-websms\target\classes started by User in E:\KIWI\2SMOBILE\api-backend-websms\api-websms)
2023-07-20 19:03:33,133 DEBUG org.springframework.boot.StartupInfoLogger [restartedMain] Running with Spring Boot v2.7.9, Spring v5.3.25
2023-07-20 19:03:33,134 INFO org.springframework.boot.SpringApplication [restartedMain] No active profile set, falling back to 1 default profile: "default"
2023-07-20 19:03:33,207 INFO org.springframework.boot.logging.DeferredLog [restartedMain] Devtools property defaults active! Set 'spring.devtools.add-properties' to 'false' to disable
2023-07-20 19:03:33,207 INFO org.springframework.boot.logging.DeferredLog [restartedMain] For additional web related logging consider setting the 'logging.level.web' property to 'DEBUG'
2023-07-20 19:03:34,328 INFO org.springframework.data.repository.config.RepositoryConfigurationDelegate [restartedMain] Bootstrapping Spring Data JPA repositories in DEFAULT mode.
2023-07-20 19:03:34,393 INFO org.springframework.data.repository.config.RepositoryConfigurationDelegate [restartedMain] Finished Spring Data repository scanning in 55 ms. Found 1 JPA repository interfaces.
2023-07-20 19:03:35,883 INFO org.springframework.boot.web.embedded.tomcat.TomcatWebServer [restartedMain] Tomcat initialized with port(s): 8400 (http)
2023-07-20 19:03:35,897 INFO org.apache.juli.logging.DirectJDKLog [restartedMain] Initializing ProtocolHandler ["http-nio-8400"]
2023-07-20 19:03:35,898 INFO org.apache.juli.logging.DirectJDKLog [restartedMain] Starting service [Tomcat]
2023-07-20 19:03:35,898 INFO org.apache.juli.logging.DirectJDKLog [restartedMain] Starting Servlet engine: [Apache Tomcat/9.0.71]
2023-07-20 19:03:36,027 INFO org.apache.juli.logging.DirectJDKLog [restartedMain] Initializing Spring embedded WebApplicationContext
2023-07-20 19:03:36,028 INFO org.springframework.boot.web.servlet.context.ServletWebServerApplicationContext [restartedMain] Root WebApplicationContext: initialization completed in 2820 ms
2023-07-20 19:03:36,342 INFO com.zaxxer.hikari.HikariDataSource [restartedMain] HikariPool-1 - Starting...
2023-07-20 19:03:36,549 INFO com.zaxxer.hikari.HikariDataSource [restartedMain] HikariPool-1 - Start completed.
2023-07-20 19:03:36,635 INFO org.hibernate.jpa.internal.util.LogHelper [restartedMain] HHH000204: Processing PersistenceUnitInfo [name: default]
2023-07-20 19:03:36,734 INFO org.hibernate.Version [restartedMain] HHH000412: Hibernate ORM core version 5.6.15.Final
2023-07-20 19:03:36,955 INFO org.hibernate.annotations.common.reflection.java.JavaReflectionManager [restartedMain] HCANN000001: Hibernate Commons Annotations {5.1.2.Final}
2023-07-20 19:03:37,122 INFO org.hibernate.dialect.Dialect [restartedMain] HHH000400: Using dialect: org.hibernate.dialect.MySQL5Dialect
2023-07-20 19:03:37,849 INFO org.hibernate.engine.transaction.jta.platform.internal.JtaPlatformInitiator [restartedMain] HHH000490: Using JtaPlatform implementation: [org.hibernate.engine.transaction.jta.platform.internal.NoJtaPlatform]
2023-07-20 19:03:37,863 INFO org.springframework.orm.jpa.AbstractEntityManagerFactoryBean [restartedMain] Initialized JPA EntityManagerFactory for persistence unit 'default'
2023-07-20 19:03:38,130 WARN org.springframework.boot.autoconfigure.orm.jpa.JpaBaseConfiguration$JpaWebConfiguration [restartedMain] spring.jpa.open-in-view is enabled by default. Therefore, database queries may be performed during view rendering. Explicitly configure spring.jpa.open-in-view to disable this warning
2023-07-20 19:03:39,064 WARN org.springframework.security.oauth2.provider.token.store.JwtAccessTokenConverter [restartedMain] Unable to create an RSA verifier from verifierKey (ignoreable if using MAC)
2023-07-20 19:03:40,031 INFO org.springframework.security.web.DefaultSecurityFilterChain [restartedMain] Will secure Or [Ant [pattern='/oauth/token'], Ant [pattern='/oauth/token_key'], Ant [pattern='/oauth/check_token']] with [org.springframework.security.web.session.DisableEncodeUrlFilter@12a71d22, org.springframework.security.web.context.request.async.WebAsyncManagerIntegrationFilter@dcc9b8f, org.springframework.security.web.context.SecurityContextPersistenceFilter@26d4b058, org.springframework.security.web.header.HeaderWriterFilter@648fd6cb, org.springframework.security.web.authentication.logout.LogoutFilter@58716e90, org.springframework.security.web.authentication.www.BasicAuthenticationFilter@69d190bd, org.springframework.security.web.savedrequest.RequestCacheAwareFilter@42d68837, org.springframework.security.web.servletapi.SecurityContextHolderAwareRequestFilter@2c798d01, org.springframework.security.web.authentication.AnonymousAuthenticationFilter@25c53668, org.springframework.security.web.session.SessionManagementFilter@1a41a4f6, org.springframework.security.web.access.ExceptionTranslationFilter@62d7eb35, org.springframework.security.web.access.intercept.FilterSecurityInterceptor@e57a2da]
2023-07-20 19:03:40,047 INFO org.springframework.security.web.DefaultSecurityFilterChain [restartedMain] Will secure org.springframework.security.oauth2.config.annotation.web.configuration.ResourceServerConfiguration$NotOAuthRequestMatcher@7b137576 with [org.springframework.security.web.session.DisableEncodeUrlFilter@28800cf1, org.springframework.security.web.context.request.async.WebAsyncManagerIntegrationFilter@58d5883f, org.springframework.security.web.context.SecurityContextPersistenceFilter@60cdfab0, org.springframework.security.web.header.HeaderWriterFilter@52529210, org.springframework.security.web.authentication.logout.LogoutFilter@17696465, org.springframework.security.oauth2.provider.authentication.OAuth2AuthenticationProcessingFilter@67cc211f, org.springframework.security.web.savedrequest.RequestCacheAwareFilter@2704ab8d, org.springframework.security.web.servletapi.SecurityContextHolderAwareRequestFilter@61006f6f, org.springframework.security.web.authentication.AnonymousAuthenticationFilter@25fd7e02, org.springframework.security.web.session.SessionManagementFilter@18f011e, org.springframework.security.web.access.ExceptionTranslationFilter@6855eb77, org.springframework.security.web.access.intercept.FilterSecurityInterceptor@73d1d08f]
2023-07-20 19:03:40,052 INFO org.springframework.security.web.DefaultSecurityFilterChain [restartedMain] Will secure any request with [org.springframework.security.web.session.DisableEncodeUrlFilter@794367c6, org.springframework.security.web.context.request.async.WebAsyncManagerIntegrationFilter@6bc2158e, org.springframework.security.web.context.SecurityContextPersistenceFilter@7fff65bb, org.springframework.security.web.header.HeaderWriterFilter@519fda04, org.springframework.security.web.authentication.logout.LogoutFilter@4ef2e214, org.springframework.security.web.savedrequest.RequestCacheAwareFilter@1cdc8645, org.springframework.security.web.servletapi.SecurityContextHolderAwareRequestFilter@333c2020, org.springframework.security.web.authentication.AnonymousAuthenticationFilter@7df4a77d, org.springframework.security.web.session.SessionManagementFilter@23fb4342, org.springframework.security.web.access.ExceptionTranslationFilter@49e554bd, org.springframework.security.web.access.intercept.FilterSecurityInterceptor@4076bbfd]
2023-07-20 19:03:42,499 INFO org.springframework.boot.devtools.autoconfigure.OptionalLiveReloadServer [restartedMain] LiveReload server is running on port 35729
2023-07-20 19:03:42,532 INFO org.apache.juli.logging.DirectJDKLog [restartedMain] Starting ProtocolHandler ["http-nio-8400"]
2023-07-20 19:03:42,563 INFO org.springframework.boot.web.embedded.tomcat.TomcatWebServer [restartedMain] Tomcat started on port(s): 8400 (http) with context path ''
2023-07-20 19:03:42,577 INFO org.springframework.boot.StartupInfoLogger [restartedMain] Started ApiWebsmsApplication in 10.167 seconds (JVM running for 10.973)
2023-07-20 19:04:31,922 INFO org.apache.juli.logging.DirectJDKLog [http-nio-8400-exec-2] Initializing Spring DispatcherServlet 'dispatcherServlet'
2023-07-20 19:04:31,923 INFO org.springframework.web.servlet.FrameworkServlet [http-nio-8400-exec-2] Initializing Servlet 'dispatcherServlet'
2023-07-20 19:04:31,924 INFO org.springframework.web.servlet.FrameworkServlet [http-nio-8400-exec-2] Completed initialization in 1 ms
2023-07-20 19:06:41,612 TRACE sn.kiwi.apiwebsms.controllers.PurchaseController [http-nio-8400-exec-5] ************************** Start to send message voice ************************************
2023-07-20 19:06:41,625 TRACE sn.kiwi.apiwebsms.controllers.PurchaseController [http-nio-8400-exec-5] file: MessageController, function: sendVoice, userId:1, customerId: null, customerId: null, partnarId: 1, login: admin, clientId: orangesn, urlBackend: http://localhost/2smobile/backend/src/bo/product/PurchaseController.php, ACTION: ACTION_GET_PARAM_PURCHASE_OM
2023-07-20 19:06:46,932 TRACE sn.kiwi.apiwebsms.controllers.PurchaseController [http-nio-8400-exec-5] Body: {"S2M_IDENTIFIANT":"72195f4ae1cfce784468874dee1d62ee","S2M_SITE":"88746a80b8b7e404e6d0e469ca1846df","S2M_TOTAL":"1000","S2M_REF_COMMANDE":"11689880006","S2M_COMMANDE":"PACK test pack 30 SMS","S2M_DATEH":"2023-07-20T19:06:46+00:00","S2M_HTYPE":"SHA512","S2M_HMAC":"9F831BDCAFED6237962A19A570B327D97254E19A1FEC3C6961DD2540B33441C16AEF84480146AE981A23C854ACFA3BEF5CAFCD17411CBE1BBF38AF1FE77B9FA9","S2M_LINK":"https:\/\/api.paiementorangemoney.com"}
2023-07-20 19:06:46,935 TRACE sn.kiwi.apiwebsms.controllers.PurchaseController [http-nio-8400-exec-5] omInfos: {"S2MLINK":"https://api.paiementorangemoney.com","S2MREFCOMMANDE":"11689880006","S2MIDENTIFIANT":"72195f4ae1cfce784468874dee1d62ee","S2MHMAC":"9F831BDCAFED6237962A19A570B327D97254E19A1FEC3C6961DD2540B33441C16AEF84480146AE981A23C854ACFA3BEF5CAFCD17411CBE1BBF38AF1FE77B9FA9","S2MTOTAL":"1000","S2MCOMMANDE":"PACK test pack 30 SMS","S2MDATEH":"2023-07-20T19:06:46+00:00","S2MHTYPE":"SHA512","S2MSITE":"88746a80b8b7e404e6d0e469ca1846df"}
