2023-06-26 16:56:03,221 INFO org.springframework.boot.StartupInfoLogger [restartedMain] Starting ApiWebsmsApplication using Java 11.0.17 on DESKTOP-7QP6LFN with PID 11564 (E:\KIWI\2SMOBILE\api-backend-websms\api-websms\target\classes started by User in E:\KIWI\2SMOBILE\api-backend-websms\api-websms)
2023-06-26 16:56:03,224 DEBUG org.springframework.boot.StartupInfoLogger [restartedMain] Running with Spring Boot v2.7.9, Spring v5.3.25
2023-06-26 16:56:03,226 INFO org.springframework.boot.SpringApplication [restartedMain] No active profile set, falling back to 1 default profile: "default"
2023-06-26 16:56:03,404 INFO org.springframework.boot.logging.DeferredLog [restartedMain] Devtools property defaults active! Set 'spring.devtools.add-properties' to 'false' to disable
2023-06-26 16:56:03,406 INFO org.springframework.boot.logging.DeferredLog [restartedMain] For additional web related logging consider setting the 'logging.level.web' property to 'DEBUG'
2023-06-26 16:56:05,612 INFO org.springframework.data.repository.config.RepositoryConfigurationDelegate [restartedMain] Bootstrapping Spring Data JPA repositories in DEFAULT mode.
2023-06-26 16:56:05,800 INFO org.springframework.data.repository.config.RepositoryConfigurationDelegate [restartedMain] Finished Spring Data repository scanning in 160 ms. Found 1 JPA repository interfaces.
2023-06-26 16:56:08,770 INFO org.springframework.boot.web.embedded.tomcat.TomcatWebServer [restartedMain] Tomcat initialized with port(s): 8400 (http)
2023-06-26 16:56:08,801 INFO org.apache.juli.logging.DirectJDKLog [restartedMain] Initializing ProtocolHandler ["http-nio-8400"]
2023-06-26 16:56:08,803 INFO org.apache.juli.logging.DirectJDKLog [restartedMain] Starting service [Tomcat]
2023-06-26 16:56:08,803 INFO org.apache.juli.logging.DirectJDKLog [restartedMain] Starting Servlet engine: [Apache Tomcat/9.0.71]
2023-06-26 16:56:09,098 INFO org.apache.juli.logging.DirectJDKLog [restartedMain] Initializing Spring embedded WebApplicationContext
2023-06-26 16:56:09,098 INFO org.springframework.boot.web.servlet.context.ServletWebServerApplicationContext [restartedMain] Root WebApplicationContext: initialization completed in 5689 ms
2023-06-26 16:56:09,675 INFO com.zaxxer.hikari.HikariDataSource [restartedMain] HikariPool-1 - Starting...
2023-06-26 16:56:10,079 INFO com.zaxxer.hikari.HikariDataSource [restartedMain] HikariPool-1 - Start completed.
2023-06-26 16:56:10,226 INFO org.hibernate.jpa.internal.util.LogHelper [restartedMain] HHH000204: Processing PersistenceUnitInfo [name: default]
2023-06-26 16:56:10,360 INFO org.hibernate.Version [restartedMain] HHH000412: Hibernate ORM core version 5.6.15.Final
2023-06-26 16:56:10,717 INFO org.hibernate.annotations.common.reflection.java.JavaReflectionManager [restartedMain] HCANN000001: Hibernate Commons Annotations {5.1.2.Final}
2023-06-26 16:56:11,020 INFO org.hibernate.dialect.Dialect [restartedMain] HHH000400: Using dialect: org.hibernate.dialect.MySQL5Dialect
2023-06-26 16:56:12,456 INFO org.hibernate.engine.transaction.jta.platform.internal.JtaPlatformInitiator [restartedMain] HHH000490: Using JtaPlatform implementation: [org.hibernate.engine.transaction.jta.platform.internal.NoJtaPlatform]
2023-06-26 16:56:12,485 INFO org.springframework.orm.jpa.AbstractEntityManagerFactoryBean [restartedMain] Initialized JPA EntityManagerFactory for persistence unit 'default'
2023-06-26 16:56:12,922 WARN org.springframework.boot.autoconfigure.orm.jpa.JpaBaseConfiguration$JpaWebConfiguration [restartedMain] spring.jpa.open-in-view is enabled by default. Therefore, database queries may be performed during view rendering. Explicitly configure spring.jpa.open-in-view to disable this warning
2023-06-26 16:56:14,465 WARN org.springframework.security.oauth2.provider.token.store.JwtAccessTokenConverter [restartedMain] Unable to create an RSA verifier from verifierKey (ignoreable if using MAC)
2023-06-26 16:56:15,715 INFO org.springframework.security.web.DefaultSecurityFilterChain [restartedMain] Will secure Or [Ant [pattern='/oauth/token'], Ant [pattern='/oauth/token_key'], Ant [pattern='/oauth/check_token']] with [org.springframework.security.web.session.DisableEncodeUrlFilter@3f64ce3c, org.springframework.security.web.context.request.async.WebAsyncManagerIntegrationFilter@75936497, org.springframework.security.web.context.SecurityContextPersistenceFilter@7279e519, org.springframework.security.web.header.HeaderWriterFilter@807103, org.springframework.security.web.authentication.logout.LogoutFilter@3df0ca6f, org.springframework.security.web.authentication.www.BasicAuthenticationFilter@1a234316, org.springframework.security.web.savedrequest.RequestCacheAwareFilter@5c6825ef, org.springframework.security.web.servletapi.SecurityContextHolderAwareRequestFilter@13c02c94, org.springframework.security.web.authentication.AnonymousAuthenticationFilter@120557f, org.springframework.security.web.session.SessionManagementFilter@3f30033e, org.springframework.security.web.access.ExceptionTranslationFilter@692ab0ae, org.springframework.security.web.access.intercept.FilterSecurityInterceptor@144a151d]
2023-06-26 16:56:15,740 INFO org.springframework.security.web.DefaultSecurityFilterChain [restartedMain] Will secure Ant [pattern='/**'] with [org.springframework.security.web.session.DisableEncodeUrlFilter@e73dad8, org.springframework.security.web.context.request.async.WebAsyncManagerIntegrationFilter@607f3a36, org.springframework.security.web.context.SecurityContextPersistenceFilter@232e2f9d, org.springframework.security.web.header.HeaderWriterFilter@10a8a569, org.springframework.security.web.authentication.logout.LogoutFilter@44c1aae8, org.springframework.security.oauth2.provider.authentication.OAuth2AuthenticationProcessingFilter@37feb8d6, org.springframework.security.web.savedrequest.RequestCacheAwareFilter@49f3cfa, org.springframework.security.web.servletapi.SecurityContextHolderAwareRequestFilter@51c942ed, org.springframework.security.web.authentication.AnonymousAuthenticationFilter@3e4d1a7d, org.springframework.security.web.session.SessionManagementFilter@1f1b0a84, org.springframework.security.web.access.ExceptionTranslationFilter@77da0993, org.springframework.security.web.access.intercept.FilterSecurityInterceptor@787c1ac6]
2023-06-26 16:56:15,745 INFO org.springframework.security.web.DefaultSecurityFilterChain [restartedMain] Will secure any request with [org.springframework.security.web.session.DisableEncodeUrlFilter@60eb02ce, org.springframework.security.web.context.request.async.WebAsyncManagerIntegrationFilter@23ad2d18, org.springframework.security.web.context.SecurityContextPersistenceFilter@49e1fc80, org.springframework.security.web.header.HeaderWriterFilter@51f32a3d, org.springframework.security.web.authentication.logout.LogoutFilter@72b6634a, org.springframework.security.web.savedrequest.RequestCacheAwareFilter@3eafbca3, org.springframework.security.web.servletapi.SecurityContextHolderAwareRequestFilter@76c5cb89, org.springframework.security.web.authentication.AnonymousAuthenticationFilter@4da1d4d8, org.springframework.security.web.session.SessionManagementFilter@27acbbd2, org.springframework.security.web.access.ExceptionTranslationFilter@3fe88ef, org.springframework.security.web.access.intercept.FilterSecurityInterceptor@7d71a569]
2023-06-26 16:56:19,426 WARN org.springframework.boot.devtools.autoconfigure.OptionalLiveReloadServer [restartedMain] Unable to start LiveReload server
2023-06-26 16:56:19,475 INFO org.apache.juli.logging.DirectJDKLog [restartedMain] Starting ProtocolHandler ["http-nio-8400"]
2023-06-26 16:56:19,515 INFO org.springframework.boot.web.embedded.tomcat.TomcatWebServer [restartedMain] Tomcat started on port(s): 8400 (http) with context path ''
2023-06-26 16:56:19,540 INFO org.springframework.boot.StartupInfoLogger [restartedMain] Started ApiWebsmsApplication in 17.638 seconds (JVM running for 19.224)
2023-06-26 16:59:05,771 INFO org.apache.juli.logging.DirectJDKLog [http-nio-8400-exec-2] Initializing Spring DispatcherServlet 'dispatcherServlet'
2023-06-26 16:59:05,774 INFO org.springframework.web.servlet.FrameworkServlet [http-nio-8400-exec-2] Initializing Servlet 'dispatcherServlet'
2023-06-26 16:59:05,776 INFO org.springframework.web.servlet.FrameworkServlet [http-nio-8400-exec-2] Completed initialization in 2 ms
2023-06-26 16:59:39,136 TRACE sn.kiwi.apiwebsms.controllers.MessageController [http-nio-8400-exec-5] ************************** Start to send message voice ************************************
2023-06-26 16:59:39,153 TRACE sn.kiwi.apiwebsms.controllers.MessageController [http-nio-8400-exec-5] file: SignatureController, function: sendVoice, userId:1, customerId: 1,customerId: 1, clientId: orangesn, urlBackend: /customer/SignatureController.php, ACTION: INSERT
56T