2023-03-06 12:33:57,595 INFO org.springframework.boot.StartupInfoLogger [main] Starting ApiWebsmsApplication using Java 11.0.16.1 on LAPTOP-SIN3MNHS with PID 21036 (C:\Users\MOI\Documents\spring-projects\api-websms\target\classes started by MOI in C:\Users\MOI\Documents\spring-projects\api-websms)
2023-03-06 12:33:57,604 DEBUG org.springframework.boot.StartupInfoLogger [main] Running with Spring Boot v2.7.9, Spring v5.3.25
2023-03-06 12:33:57,605 INFO org.springframework.boot.SpringApplication [main] No active profile set, falling back to 1 default profile: "default"
2023-03-06 12:34:03,987 INFO org.springframework.boot.web.embedded.tomcat.TomcatWebServer [main] Tomcat initialized with port(s): 8400 (http)
2023-03-06 12:34:04,037 INFO org.apache.juli.logging.DirectJDKLog [main] Initializing ProtocolHandler ["http-nio-8400"]
2023-03-06 12:34:04,039 INFO org.apache.juli.logging.DirectJDKLog [main] Starting service [Tomcat]
2023-03-06 12:34:04,039 INFO org.apache.juli.logging.DirectJDKLog [main] Starting Servlet engine: [Apache Tomcat/9.0.71]
2023-03-06 12:34:04,599 INFO org.apache.juli.logging.DirectJDKLog [main] Initializing Spring embedded WebApplicationContext
2023-03-06 12:34:04,599 INFO org.springframework.boot.web.servlet.context.ServletWebServerApplicationContext [main] Root WebApplicationContext: initialization completed in 6824 ms
2023-03-06 12:34:06,986 INFO org.springframework.security.web.DefaultSecurityFilterChain [main] Will secure any request with [org.springframework.security.web.session.DisableEncodeUrlFilter@22d8f4ed, org.springframework.security.web.context.request.async.WebAsyncManagerIntegrationFilter@3434a4f0, org.springframework.security.web.context.SecurityContextPersistenceFilter@2e1eb85f, org.springframework.security.web.header.HeaderWriterFilter@392781e, org.springframework.security.web.authentication.logout.LogoutFilter@388c519, org.springframework.security.oauth2.server.resource.web.BearerTokenAuthenticationFilter@193eb1ba, org.springframework.security.web.authentication.www.BasicAuthenticationFilter@383cb5ce, org.springframework.security.web.savedrequest.RequestCacheAwareFilter@2401856, org.springframework.security.web.servletapi.SecurityContextHolderAwareRequestFilter@6d6f6860, org.springframework.security.web.authentication.AnonymousAuthenticationFilter@79afa369, org.springframework.security.web.session.SessionManagementFilter@21ea996f, org.springframework.security.web.access.ExceptionTranslationFilter@459003a0, org.springframework.security.web.access.intercept.FilterSecurityInterceptor@3380ca3d]
2023-03-06 12:34:13,386 INFO org.apache.juli.logging.DirectJDKLog [main] Starting ProtocolHandler ["http-nio-8400"]
2023-03-06 12:34:13,486 INFO org.springframework.boot.web.embedded.tomcat.TomcatWebServer [main] Tomcat started on port(s): 8400 (http) with context path ''
2023-03-06 12:34:13,534 INFO org.springframework.boot.StartupInfoLogger [main] Started ApiWebsmsApplication in 17.103 seconds (JVM running for 18.416)
2023-03-06 12:39:19,961 INFO org.apache.juli.logging.DirectJDKLog [http-nio-8400-exec-1] Initializing Spring DispatcherServlet 'dispatcherServlet'
2023-03-06 12:39:19,964 INFO org.springframework.web.servlet.FrameworkServlet [http-nio-8400-exec-1] Initializing Servlet 'dispatcherServlet'
2023-03-06 12:39:19,969 INFO org.springframework.web.servlet.FrameworkServlet [http-nio-8400-exec-1] Completed initialization in 3 ms
2023-03-06 12:39:21,486 INFO org.springdoc.api.AbstractOpenApiResource [http-nio-8400-exec-9] Init duration for springdoc-openapi is: 846 ms
2023-03-06 13:06:15,037 INFO org.springframework.boot.StartupInfoLogger [main] Starting ApiWebsmsApplicationTests using Java 11.0.16.1 on LAPTOP-SIN3MNHS with PID 9188 (started by MOI in C:\Users\MOI\Documents\spring-projects\api-websms)
2023-03-06 13:06:15,040 DEBUG org.springframework.boot.StartupInfoLogger [main] Running with Spring Boot v2.7.9, Spring v5.3.25
2023-03-06 13:06:15,043 INFO org.springframework.boot.SpringApplication [main] No active profile set, falling back to 1 default profile: "default"
2023-03-06 13:06:18,944 INFO org.springframework.security.web.DefaultSecurityFilterChain [main] Will secure any request with [org.springframework.security.web.session.DisableEncodeUrlFilter@22825e1e, org.springframework.security.web.context.request.async.WebAsyncManagerIntegrationFilter@335f5c69, org.springframework.security.web.context.SecurityContextPersistenceFilter@62b3a2f6, org.springframework.security.web.header.HeaderWriterFilter@523a7801, org.springframework.security.web.authentication.logout.LogoutFilter@151732fb, org.springframework.security.oauth2.server.resource.web.BearerTokenAuthenticationFilter@23ca36d, org.springframework.security.web.authentication.www.BasicAuthenticationFilter@72b0a004, org.springframework.security.web.savedrequest.RequestCacheAwareFilter@2c719bd4, org.springframework.security.web.servletapi.SecurityContextHolderAwareRequestFilter@53aa38be, org.springframework.security.web.authentication.AnonymousAuthenticationFilter@63fd4dda, org.springframework.security.web.session.SessionManagementFilter@77cb452c, org.springframework.security.web.access.ExceptionTranslationFilter@64b0d1fa, org.springframework.security.web.access.intercept.FilterSecurityInterceptor@5934153e]
2023-03-06 13:06:23,005 INFO org.springframework.boot.StartupInfoLogger [main] Started ApiWebsmsApplicationTests in 8.629 seconds (JVM running for 10.193)
2023-03-06 17:02:29,251 INFO org.springframework.boot.StartupInfoLogger [main] Starting ApiWebsmsApplication using Java 11.0.16.1 on LAPTOP-SIN3MNHS with PID 13408 (C:\Users\MOI\Documents\spring-projects\api-websms\target\classes started by MOI in C:\Users\MOI\Documents\spring-projects\api-websms)
2023-03-06 17:02:29,256 DEBUG org.springframework.boot.StartupInfoLogger [main] Running with Spring Boot v2.7.9, Spring v5.3.25
2023-03-06 17:02:29,257 INFO org.springframework.boot.SpringApplication [main] No active profile set, falling back to 1 default profile: "default"
2023-03-06 17:02:33,771 INFO org.springframework.boot.web.embedded.tomcat.TomcatWebServer [main] Tomcat initialized with port(s): 8400 (http)
2023-03-06 17:02:33,790 INFO org.apache.juli.logging.DirectJDKLog [main] Initializing ProtocolHandler ["http-nio-8400"]
2023-03-06 17:02:33,791 INFO org.apache.juli.logging.DirectJDKLog [main] Starting service [Tomcat]
2023-03-06 17:02:33,792 INFO org.apache.juli.logging.DirectJDKLog [main] Starting Servlet engine: [Apache Tomcat/9.0.71]
2023-03-06 17:02:34,131 INFO org.apache.juli.logging.DirectJDKLog [main] Initializing Spring embedded WebApplicationContext
2023-03-06 17:02:34,132 INFO org.springframework.boot.web.servlet.context.ServletWebServerApplicationContext [main] Root WebApplicationContext: initialization completed in 4818 ms
2023-03-06 17:02:35,535 INFO org.springframework.security.web.DefaultSecurityFilterChain [main] Will secure any request with [org.springframework.security.web.session.DisableEncodeUrlFilter@5bf9ea6b, org.springframework.security.web.context.request.async.WebAsyncManagerIntegrationFilter@b950f82, org.springframework.security.web.context.SecurityContextPersistenceFilter@2b44d6d0, org.springframework.security.web.header.HeaderWriterFilter@ea7a4c3, org.springframework.security.web.authentication.logout.LogoutFilter@53aa2fc9, org.springframework.security.oauth2.server.resource.web.BearerTokenAuthenticationFilter@7f97bc14, org.springframework.security.web.authentication.www.BasicAuthenticationFilter@69aabcb0, org.springframework.security.web.savedrequest.RequestCacheAwareFilter@63a9c661, org.springframework.security.web.servletapi.SecurityContextHolderAwareRequestFilter@4b425577, org.springframework.security.web.authentication.AnonymousAuthenticationFilter@5d352de0, org.springframework.security.web.session.SessionManagementFilter@2d7637e6, org.springframework.security.web.access.ExceptionTranslationFilter@3f9b7fe1, org.springframework.security.web.access.intercept.FilterSecurityInterceptor@34330f77]
2023-03-06 17:02:39,015 INFO org.apache.juli.logging.DirectJDKLog [main] Starting ProtocolHandler ["http-nio-8400"]
2023-03-06 17:02:39,062 INFO org.springframework.boot.web.embedded.tomcat.TomcatWebServer [main] Tomcat started on port(s): 8400 (http) with context path ''
2023-03-06 17:02:39,090 INFO org.springframework.boot.StartupInfoLogger [main] Started ApiWebsmsApplication in 10.311 seconds (JVM running for 10.777)
2023-03-06 17:03:07,205 INFO org.apache.juli.logging.DirectJDKLog [http-nio-8400-exec-1] Initializing Spring DispatcherServlet 'dispatcherServlet'
2023-03-06 17:03:07,207 INFO org.springframework.web.servlet.FrameworkServlet [http-nio-8400-exec-1] Initializing Servlet 'dispatcherServlet'
2023-03-06 17:03:07,209 INFO org.springframework.web.servlet.FrameworkServlet [http-nio-8400-exec-1] Completed initialization in 2 ms
2023-03-06 17:03:07,723 INFO org.springdoc.api.AbstractOpenApiResource [http-nio-8400-exec-7] Init duration for springdoc-openapi is: 262 ms
2023-03-06 17:57:01,852 INFO org.springframework.boot.StartupInfoLogger [main] Starting ApiWebsmsApplication using Java 11.0.16.1 on LAPTOP-SIN3MNHS with PID 37328 (C:\Users\MOI\Documents\spring-projects\api-websms\target\classes started by MOI in C:\Users\MOI\Documents\spring-projects\api-websms)
2023-03-06 17:57:01,855 DEBUG org.springframework.boot.StartupInfoLogger [main] Running with Spring Boot v2.7.9, Spring v5.3.25
2023-03-06 17:57:01,857 INFO org.springframework.boot.SpringApplication [main] No active profile set, falling back to 1 default profile: "default"
2023-03-06 17:57:04,159 INFO org.springframework.boot.web.embedded.tomcat.TomcatWebServer [main] Tomcat initialized with port(s): 8400 (http)
2023-03-06 17:57:04,173 INFO org.apache.juli.logging.DirectJDKLog [main] Initializing ProtocolHandler ["http-nio-8400"]
2023-03-06 17:57:04,173 INFO org.apache.juli.logging.DirectJDKLog [main] Starting service [Tomcat]
2023-03-06 17:57:04,174 INFO org.apache.juli.logging.DirectJDKLog [main] Starting Servlet engine: [Apache Tomcat/9.0.71]
2023-03-06 17:57:04,404 INFO org.apache.juli.logging.DirectJDKLog [main] Initializing Spring embedded WebApplicationContext
2023-03-06 17:57:04,405 INFO org.springframework.boot.web.servlet.context.ServletWebServerApplicationContext [main] Root WebApplicationContext: initialization completed in 2483 ms
2023-03-06 17:57:05,921 INFO org.springframework.security.web.DefaultSecurityFilterChain [main] Will secure any request with [org.springframework.security.web.session.DisableEncodeUrlFilter@678a9516, org.springframework.security.web.context.request.async.WebAsyncManagerIntegrationFilter@5bf9ea6b, org.springframework.security.web.context.SecurityContextPersistenceFilter@23cd5d42, org.springframework.security.web.header.HeaderWriterFilter@2e1eb85f, org.springframework.security.web.authentication.logout.LogoutFilter@69364b2d, org.springframework.security.oauth2.server.resource.web.BearerTokenAuthenticationFilter@96897c8, org.springframework.security.web.authentication.www.BasicAuthenticationFilter@6c33da7a, org.springframework.security.web.savedrequest.RequestCacheAwareFilter@5df7e31b, org.springframework.security.web.servletapi.SecurityContextHolderAwareRequestFilter@63a9c661, org.springframework.security.web.authentication.AnonymousAuthenticationFilter@b950f82, org.springframework.security.web.session.SessionManagementFilter@4bf80c29, org.springframework.security.web.access.ExceptionTranslationFilter@21ea996f, org.springframework.security.web.access.intercept.FilterSecurityInterceptor@61e86192]
2023-03-06 17:57:09,389 INFO org.apache.juli.logging.DirectJDKLog [main] Starting ProtocolHandler ["http-nio-8400"]
2023-03-06 17:57:09,440 INFO org.springframework.boot.web.embedded.tomcat.TomcatWebServer [main] Tomcat started on port(s): 8400 (http) with context path ''
2023-03-06 17:57:09,467 INFO org.springframework.boot.StartupInfoLogger [main] Started ApiWebsmsApplication in 8.102 seconds (JVM running for 8.549)
2023-03-06 17:57:20,648 INFO org.apache.juli.logging.DirectJDKLog [http-nio-8400-exec-1] Initializing Spring DispatcherServlet 'dispatcherServlet'
2023-03-06 17:57:20,650 INFO org.springframework.web.servlet.FrameworkServlet [http-nio-8400-exec-1] Initializing Servlet 'dispatcherServlet'
2023-03-06 17:57:20,653 INFO org.springframework.web.servlet.FrameworkServlet [http-nio-8400-exec-1] Completed initialization in 2 ms
2023-03-06 17:57:21,357 INFO org.springdoc.api.AbstractOpenApiResource [http-nio-8400-exec-7] Init duration for springdoc-openapi is: 392 ms
2023-03-06 17:58:22,534 INFO org.springframework.boot.StartupInfoLogger [main] Starting ApiWebsmsApplication using Java 11.0.16.1 on LAPTOP-SIN3MNHS with PID 14672 (C:\Users\MOI\Documents\spring-projects\api-websms\target\classes started by MOI in C:\Users\MOI\Documents\spring-projects\api-websms)
2023-03-06 17:58:22,536 DEBUG org.springframework.boot.StartupInfoLogger [main] Running with Spring Boot v2.7.9, Spring v5.3.25
2023-03-06 17:58:22,536 INFO org.springframework.boot.SpringApplication [main] No active profile set, falling back to 1 default profile: "default"
2023-03-06 17:58:25,420 INFO org.springframework.boot.web.embedded.tomcat.TomcatWebServer [main] Tomcat initialized with port(s): 8400 (http)
2023-03-06 17:58:25,433 INFO org.apache.juli.logging.DirectJDKLog [main] Initializing ProtocolHandler ["http-nio-8400"]
2023-03-06 17:58:25,434 INFO org.apache.juli.logging.DirectJDKLog [main] Starting service [Tomcat]
2023-03-06 17:58:25,434 INFO org.apache.juli.logging.DirectJDKLog [main] Starting Servlet engine: [Apache Tomcat/9.0.71]
2023-03-06 17:58:25,645 INFO org.apache.juli.logging.DirectJDKLog [main] Initializing Spring embedded WebApplicationContext
2023-03-06 17:58:25,647 INFO org.springframework.boot.web.servlet.context.ServletWebServerApplicationContext [main] Root WebApplicationContext: initialization completed in 3051 ms
2023-03-06 17:58:26,743 INFO org.springframework.security.web.DefaultSecurityFilterChain [main] Will secure any request with [org.springframework.security.web.session.DisableEncodeUrlFilter@42ef042a, org.springframework.security.web.context.request.async.WebAsyncManagerIntegrationFilter@1df5c7e3, org.springframework.security.web.context.SecurityContextPersistenceFilter@171dc7c3, org.springframework.security.web.header.HeaderWriterFilter@4792f119, org.springframework.security.web.authentication.logout.LogoutFilter@2443abd6, org.springframework.security.oauth2.server.resource.web.BearerTokenAuthenticationFilter@4d0cc83e, org.springframework.security.web.authentication.www.BasicAuthenticationFilter@66749eea, org.springframework.security.web.savedrequest.RequestCacheAwareFilter@2c1f8dbd, org.springframework.security.web.servletapi.SecurityContextHolderAwareRequestFilter@55c57422, org.springframework.security.web.authentication.AnonymousAuthenticationFilter@5e0c4f21, org.springframework.security.web.session.SessionManagementFilter@715f45c6, org.springframework.security.web.access.ExceptionTranslationFilter@47a7c93e, org.springframework.security.web.access.intercept.FilterSecurityInterceptor@22d8f4ed]
2023-03-06 17:58:29,013 INFO org.apache.juli.logging.DirectJDKLog [main] Starting ProtocolHandler ["http-nio-8400"]
2023-03-06 17:58:29,041 INFO org.springframework.boot.web.embedded.tomcat.TomcatWebServer [main] Tomcat started on port(s): 8400 (http) with context path ''
2023-03-06 17:58:29,054 INFO org.springframework.boot.StartupInfoLogger [main] Started ApiWebsmsApplication in 6.971 seconds (JVM running for 7.42)
2023-03-06 18:00:53,925 INFO org.apache.juli.logging.DirectJDKLog [http-nio-8400-exec-2] Initializing Spring DispatcherServlet 'dispatcherServlet'
2023-03-06 18:00:53,927 INFO org.springframework.web.servlet.FrameworkServlet [http-nio-8400-exec-2] Initializing Servlet 'dispatcherServlet'
2023-03-06 18:00:53,928 INFO org.springframework.web.servlet.FrameworkServlet [http-nio-8400-exec-2] Completed initialization in 1 ms
2023-03-06 18:00:54,426 INFO org.springdoc.api.AbstractOpenApiResource [http-nio-8400-exec-8] Init duration for springdoc-openapi is: 277 ms
