2023-03-04 22:29:44,141 INFO org.springframework.boot.StartupInfoLogger [main] Starting ApiWebsmsApplication using Java 11.0.16.1 on LAPTOP-SIN3MNHS with PID 4696 (C:\Users\MOI\Documents\spring-projects\api-websms\target\classes started by MOI in C:\Users\MOI\Documents\spring-projects\api-websms)
2023-03-04 22:29:44,150 DEBUG org.springframework.boot.StartupInfoLogger [main] Running with Spring Boot v2.7.9, Spring v5.3.25
2023-03-04 22:29:44,151 INFO org.springframework.boot.SpringApplication [main] No active profile set, falling back to 1 default profile: "default"
2023-03-04 22:29:48,093 INFO org.springframework.boot.web.embedded.tomcat.TomcatWebServer [main] Tomcat initialized with port(s): 8400 (http)
2023-03-04 22:29:48,119 INFO org.apache.juli.logging.DirectJDKLog [main] Initializing ProtocolHandler ["http-nio-8400"]
2023-03-04 22:29:48,120 INFO org.apache.juli.logging.DirectJDKLog [main] Starting service [Tomcat]
2023-03-04 22:29:48,121 INFO org.apache.juli.logging.DirectJDKLog [main] Starting Servlet engine: [Apache Tomcat/9.0.71]
2023-03-04 22:29:48,400 INFO org.apache.juli.logging.DirectJDKLog [main] Initializing Spring embedded WebApplicationContext
2023-03-04 22:29:48,400 INFO org.springframework.boot.web.servlet.context.ServletWebServerApplicationContext [main] Root WebApplicationContext: initialization completed in 4112 ms
2023-03-04 22:29:49,772 INFO org.springframework.security.web.DefaultSecurityFilterChain [main] Will secure any request with [org.springframework.security.web.session.DisableEncodeUrlFilter@230a73f2, org.springframework.security.web.context.request.async.WebAsyncManagerIntegrationFilter@4b97b3d2, org.springframework.security.web.context.SecurityContextPersistenceFilter@39b626e5, org.springframework.security.web.header.HeaderWriterFilter@5fdfe8cf, org.springframework.security.web.authentication.logout.LogoutFilter@4877919f, org.springframework.security.oauth2.server.resource.web.BearerTokenAuthenticationFilter@8fd91d1, org.springframework.security.web.authentication.www.BasicAuthenticationFilter@5c931134, org.springframework.security.web.savedrequest.RequestCacheAwareFilter@23cd5d42, org.springframework.security.web.servletapi.SecurityContextHolderAwareRequestFilter@2b44d6d0, org.springframework.security.web.authentication.AnonymousAuthenticationFilter@383cb5ce, org.springframework.security.web.session.SessionManagementFilter@1e3f0aea, org.springframework.security.web.access.ExceptionTranslationFilter@902fdbe, org.springframework.security.web.access.intercept.FilterSecurityInterceptor@7df6d663]
2023-03-04 22:29:51,390 WARN org.springframework.context.support.AbstractApplicationContext [main] Exception encountered during context initialization - cancelling refresh attempt: org.springframework.beans.factory.BeanCreationException: Error creating bean with name 'requestMappingHandlerMapping' defined in class path resource [org/springframework/boot/autoconfigure/web/servlet/WebMvcAutoConfiguration$EnableWebMvcConfiguration.class]: Invocation of init method failed; nested exception is java.lang.IllegalStateException: Ambiguous mapping. Cannot map 'groupController' method 
sn.kiwi.apiwebsms.controllers.GroupController#getInfoGroups(CustomerModel)
to {POST [/groups], produces [application/json]}: There is already 'groupController' bean method
sn.kiwi.apiwebsms.controllers.GroupController#createGroup(GroupModel) mapped.
2023-03-04 22:29:51,404 INFO org.apache.juli.logging.DirectJDKLog [main] Stopping service [Tomcat]
2023-03-04 22:29:51,438 INFO org.springframework.boot.autoconfigure.logging.ConditionEvaluationReportLoggingListener [main] 

Error starting ApplicationContext. To display the conditions report re-run your application with 'debug' enabled.
2023-03-04 22:29:51,488 ERROR org.springframework.boot.SpringApplication [main] Application run failed
org.springframework.beans.factory.BeanCreationException: Error creating bean with name 'requestMappingHandlerMapping' defined in class path resource [org/springframework/boot/autoconfigure/web/servlet/WebMvcAutoConfiguration$EnableWebMvcConfiguration.class]: Invocation of init method failed; nested exception is java.lang.IllegalStateException: Ambiguous mapping. Cannot map 'groupController' method 
sn.kiwi.apiwebsms.controllers.GroupController#getInfoGroups(CustomerModel)
to {POST [/groups], produces [application/json]}: There is already 'groupController' bean method
sn.kiwi.apiwebsms.controllers.GroupController#createGroup(GroupModel) mapped.
	at org.springframework.beans.factory.support.AbstractAutowireCapableBeanFactory.initializeBean(AbstractAutowireCapableBeanFactory.java:1804)
	at org.springframework.beans.factory.support.AbstractAutowireCapableBeanFactory.doCreateBean(AbstractAutowireCapableBeanFactory.java:620)
	at org.springframework.beans.factory.support.AbstractAutowireCapableBeanFactory.createBean(AbstractAutowireCapableBeanFactory.java:542)
	at org.springframework.beans.factory.support.AbstractBeanFactory.lambda$doGetBean$0(AbstractBeanFactory.java:335)
	at org.springframework.beans.factory.support.DefaultSingletonBeanRegistry.getSingleton(DefaultSingletonBeanRegistry.java:234)
	at org.springframework.beans.factory.support.AbstractBeanFactory.doGetBean(AbstractBeanFactory.java:333)
	at org.springframework.beans.factory.support.AbstractBeanFactory.getBean(AbstractBeanFactory.java:208)
	at org.springframework.beans.factory.support.DefaultListableBeanFactory.preInstantiateSingletons(DefaultListableBeanFactory.java:955)
	at org.springframework.context.support.AbstractApplicationContext.finishBeanFactoryInitialization(AbstractApplicationContext.java:918)
	at org.springframework.context.support.AbstractApplicationContext.refresh(AbstractApplicationContext.java:583)
	at org.springframework.boot.web.servlet.context.ServletWebServerApplicationContext.refresh(ServletWebServerApplicationContext.java:147)
	at org.springframework.boot.SpringApplication.refresh(SpringApplication.java:731)
	at org.springframework.boot.SpringApplication.refreshContext(SpringApplication.java:408)
	at org.springframework.boot.SpringApplication.run(SpringApplication.java:307)
	at org.springframework.boot.SpringApplication.run(SpringApplication.java:1303)
	at org.springframework.boot.SpringApplication.run(SpringApplication.java:1292)
	at sn.kiwi.apiwebsms.ApiWebsmsApplication.main(ApiWebsmsApplication.java:23)
Caused by: java.lang.IllegalStateException: Ambiguous mapping. Cannot map 'groupController' method 
sn.kiwi.apiwebsms.controllers.GroupController#getInfoGroups(CustomerModel)
to {POST [/groups], produces [application/json]}: There is already 'groupController' bean method
sn.kiwi.apiwebsms.controllers.GroupController#createGroup(GroupModel) mapped.
	at org.springframework.web.servlet.handler.AbstractHandlerMethodMapping$MappingRegistry.validateMethodMapping(AbstractHandlerMethodMapping.java:669)
	at org.springframework.web.servlet.handler.AbstractHandlerMethodMapping$MappingRegistry.register(AbstractHandlerMethodMapping.java:635)
	at org.springframework.web.servlet.handler.AbstractHandlerMethodMapping.registerHandlerMethod(AbstractHandlerMethodMapping.java:332)
	at org.springframework.web.servlet.mvc.method.annotation.RequestMappingHandlerMapping.registerHandlerMethod(RequestMappingHandlerMapping.java:420)
	at org.springframework.web.servlet.mvc.method.annotation.RequestMappingHandlerMapping.registerHandlerMethod(RequestMappingHandlerMapping.java:76)
	at org.springframework.web.servlet.handler.AbstractHandlerMethodMapping.lambda$detectHandlerMethods$2(AbstractHandlerMethodMapping.java:299)
	at java.base/java.util.LinkedHashMap.forEach(LinkedHashMap.java:684)
	at org.springframework.web.servlet.handler.AbstractHandlerMethodMapping.detectHandlerMethods(AbstractHandlerMethodMapping.java:297)
	at org.springframework.web.servlet.handler.AbstractHandlerMethodMapping.processCandidateBean(AbstractHandlerMethodMapping.java:266)
	at org.springframework.web.servlet.handler.AbstractHandlerMethodMapping.initHandlerMethods(AbstractHandlerMethodMapping.java:225)
	at org.springframework.web.servlet.handler.AbstractHandlerMethodMapping.afterPropertiesSet(AbstractHandlerMethodMapping.java:213)
	at org.springframework.web.servlet.mvc.method.annotation.RequestMappingHandlerMapping.afterPropertiesSet(RequestMappingHandlerMapping.java:205)
	at org.springframework.beans.factory.support.AbstractAutowireCapableBeanFactory.invokeInitMethods(AbstractAutowireCapableBeanFactory.java:1863)
	at org.springframework.beans.factory.support.AbstractAutowireCapableBeanFactory.initializeBean(AbstractAutowireCapableBeanFactory.java:1800)
	... 16 common frames omitted
2023-03-04 22:34:22,796 INFO org.springframework.boot.StartupInfoLogger [main] Starting ApiWebsmsApplication using Java 11.0.16.1 on LAPTOP-SIN3MNHS with PID 6376 (C:\Users\MOI\Documents\spring-projects\api-websms\target\classes started by MOI in C:\Users\MOI\Documents\spring-projects\api-websms)
2023-03-04 22:34:22,799 DEBUG org.springframework.boot.StartupInfoLogger [main] Running with Spring Boot v2.7.9, Spring v5.3.25
2023-03-04 22:34:22,800 INFO org.springframework.boot.SpringApplication [main] No active profile set, falling back to 1 default profile: "default"
2023-03-04 22:34:26,124 INFO org.springframework.boot.web.embedded.tomcat.TomcatWebServer [main] Tomcat initialized with port(s): 8400 (http)
2023-03-04 22:34:26,135 INFO org.apache.juli.logging.DirectJDKLog [main] Initializing ProtocolHandler ["http-nio-8400"]
2023-03-04 22:34:26,136 INFO org.apache.juli.logging.DirectJDKLog [main] Starting service [Tomcat]
2023-03-04 22:34:26,136 INFO org.apache.juli.logging.DirectJDKLog [main] Starting Servlet engine: [Apache Tomcat/9.0.71]
2023-03-04 22:34:26,388 INFO org.apache.juli.logging.DirectJDKLog [main] Initializing Spring embedded WebApplicationContext
2023-03-04 22:34:26,389 INFO org.springframework.boot.web.servlet.context.ServletWebServerApplicationContext [main] Root WebApplicationContext: initialization completed in 3482 ms
2023-03-04 22:34:27,348 INFO org.springframework.security.web.DefaultSecurityFilterChain [main] Will secure any request with [org.springframework.security.web.session.DisableEncodeUrlFilter@7a1a3468, org.springframework.security.web.context.request.async.WebAsyncManagerIntegrationFilter@59d0cdb6, org.springframework.security.web.context.SecurityContextPersistenceFilter@594131f2, org.springframework.security.web.header.HeaderWriterFilter@5934153e, org.springframework.security.web.authentication.logout.LogoutFilter@55c57422, org.springframework.security.oauth2.server.resource.web.BearerTokenAuthenticationFilter@3b9ac754, org.springframework.security.web.authentication.www.BasicAuthenticationFilter@5bf9ea6b, org.springframework.security.web.savedrequest.RequestCacheAwareFilter@4e0cc334, org.springframework.security.web.servletapi.SecurityContextHolderAwareRequestFilter@1e12a5a6, org.springframework.security.web.authentication.AnonymousAuthenticationFilter@2dfeb141, org.springframework.security.web.session.SessionManagementFilter@7fdd43cd, org.springframework.security.web.access.ExceptionTranslationFilter@3e900e1a, org.springframework.security.web.access.intercept.FilterSecurityInterceptor@45a1d057]
2023-03-04 22:34:28,471 WARN org.springframework.context.support.AbstractApplicationContext [main] Exception encountered during context initialization - cancelling refresh attempt: org.springframework.beans.factory.BeanCreationException: Error creating bean with name 'requestMappingHandlerMapping' defined in class path resource [org/springframework/boot/autoconfigure/web/servlet/WebMvcAutoConfiguration$EnableWebMvcConfiguration.class]: Invocation of init method failed; nested exception is java.lang.IllegalStateException: Ambiguous mapping. Cannot map 'groupController' method 
sn.kiwi.apiwebsms.controllers.GroupController#getInfoGroups(CustomerModel)
to {POST [/groups], produces [application/json]}: There is already 'groupController' bean method
sn.kiwi.apiwebsms.controllers.GroupController#createGroup(GroupModel) mapped.
2023-03-04 22:34:28,481 INFO org.apache.juli.logging.DirectJDKLog [main] Stopping service [Tomcat]
2023-03-04 22:34:28,511 INFO org.springframework.boot.autoconfigure.logging.ConditionEvaluationReportLoggingListener [main] 

Error starting ApplicationContext. To display the conditions report re-run your application with 'debug' enabled.
2023-03-04 22:34:28,554 ERROR org.springframework.boot.SpringApplication [main] Application run failed
org.springframework.beans.factory.BeanCreationException: Error creating bean with name 'requestMappingHandlerMapping' defined in class path resource [org/springframework/boot/autoconfigure/web/servlet/WebMvcAutoConfiguration$EnableWebMvcConfiguration.class]: Invocation of init method failed; nested exception is java.lang.IllegalStateException: Ambiguous mapping. Cannot map 'groupController' method 
sn.kiwi.apiwebsms.controllers.GroupController#getInfoGroups(CustomerModel)
to {POST [/groups], produces [application/json]}: There is already 'groupController' bean method
sn.kiwi.apiwebsms.controllers.GroupController#createGroup(GroupModel) mapped.
	at org.springframework.beans.factory.support.AbstractAutowireCapableBeanFactory.initializeBean(AbstractAutowireCapableBeanFactory.java:1804)
	at org.springframework.beans.factory.support.AbstractAutowireCapableBeanFactory.doCreateBean(AbstractAutowireCapableBeanFactory.java:620)
	at org.springframework.beans.factory.support.AbstractAutowireCapableBeanFactory.createBean(AbstractAutowireCapableBeanFactory.java:542)
	at org.springframework.beans.factory.support.AbstractBeanFactory.lambda$doGetBean$0(AbstractBeanFactory.java:335)
	at org.springframework.beans.factory.support.DefaultSingletonBeanRegistry.getSingleton(DefaultSingletonBeanRegistry.java:234)
	at org.springframework.beans.factory.support.AbstractBeanFactory.doGetBean(AbstractBeanFactory.java:333)
	at org.springframework.beans.factory.support.AbstractBeanFactory.getBean(AbstractBeanFactory.java:208)
	at org.springframework.beans.factory.support.DefaultListableBeanFactory.preInstantiateSingletons(DefaultListableBeanFactory.java:955)
	at org.springframework.context.support.AbstractApplicationContext.finishBeanFactoryInitialization(AbstractApplicationContext.java:918)
	at org.springframework.context.support.AbstractApplicationContext.refresh(AbstractApplicationContext.java:583)
	at org.springframework.boot.web.servlet.context.ServletWebServerApplicationContext.refresh(ServletWebServerApplicationContext.java:147)
	at org.springframework.boot.SpringApplication.refresh(SpringApplication.java:731)
	at org.springframework.boot.SpringApplication.refreshContext(SpringApplication.java:408)
	at org.springframework.boot.SpringApplication.run(SpringApplication.java:307)
	at org.springframework.boot.SpringApplication.run(SpringApplication.java:1303)
	at org.springframework.boot.SpringApplication.run(SpringApplication.java:1292)
	at sn.kiwi.apiwebsms.ApiWebsmsApplication.main(ApiWebsmsApplication.java:23)
Caused by: java.lang.IllegalStateException: Ambiguous mapping. Cannot map 'groupController' method 
sn.kiwi.apiwebsms.controllers.GroupController#getInfoGroups(CustomerModel)
to {POST [/groups], produces [application/json]}: There is already 'groupController' bean method
sn.kiwi.apiwebsms.controllers.GroupController#createGroup(GroupModel) mapped.
	at org.springframework.web.servlet.handler.AbstractHandlerMethodMapping$MappingRegistry.validateMethodMapping(AbstractHandlerMethodMapping.java:669)
	at org.springframework.web.servlet.handler.AbstractHandlerMethodMapping$MappingRegistry.register(AbstractHandlerMethodMapping.java:635)
	at org.springframework.web.servlet.handler.AbstractHandlerMethodMapping.registerHandlerMethod(AbstractHandlerMethodMapping.java:332)
	at org.springframework.web.servlet.mvc.method.annotation.RequestMappingHandlerMapping.registerHandlerMethod(RequestMappingHandlerMapping.java:420)
	at org.springframework.web.servlet.mvc.method.annotation.RequestMappingHandlerMapping.registerHandlerMethod(RequestMappingHandlerMapping.java:76)
	at org.springframework.web.servlet.handler.AbstractHandlerMethodMapping.lambda$detectHandlerMethods$2(AbstractHandlerMethodMapping.java:299)
	at java.base/java.util.LinkedHashMap.forEach(LinkedHashMap.java:684)
	at org.springframework.web.servlet.handler.AbstractHandlerMethodMapping.detectHandlerMethods(AbstractHandlerMethodMapping.java:297)
	at org.springframework.web.servlet.handler.AbstractHandlerMethodMapping.processCandidateBean(AbstractHandlerMethodMapping.java:266)
	at org.springframework.web.servlet.handler.AbstractHandlerMethodMapping.initHandlerMethods(AbstractHandlerMethodMapping.java:225)
	at org.springframework.web.servlet.handler.AbstractHandlerMethodMapping.afterPropertiesSet(AbstractHandlerMethodMapping.java:213)
	at org.springframework.web.servlet.mvc.method.annotation.RequestMappingHandlerMapping.afterPropertiesSet(RequestMappingHandlerMapping.java:205)
	at org.springframework.beans.factory.support.AbstractAutowireCapableBeanFactory.invokeInitMethods(AbstractAutowireCapableBeanFactory.java:1863)
	at org.springframework.beans.factory.support.AbstractAutowireCapableBeanFactory.initializeBean(AbstractAutowireCapableBeanFactory.java:1800)
	... 16 common frames omitted
2023-03-04 22:37:24,503 INFO org.springframework.boot.StartupInfoLogger [main] Starting ApiWebsmsApplication using Java 11.0.16.1 on LAPTOP-SIN3MNHS with PID 19224 (C:\Users\MOI\Documents\spring-projects\api-websms\target\classes started by MOI in C:\Users\MOI\Documents\spring-projects\api-websms)
2023-03-04 22:37:24,508 DEBUG org.springframework.boot.StartupInfoLogger [main] Running with Spring Boot v2.7.9, Spring v5.3.25
2023-03-04 22:37:24,509 INFO org.springframework.boot.SpringApplication [main] No active profile set, falling back to 1 default profile: "default"
2023-03-04 22:37:28,525 INFO org.springframework.boot.web.embedded.tomcat.TomcatWebServer [main] Tomcat initialized with port(s): 8400 (http)
2023-03-04 22:37:28,543 INFO org.apache.juli.logging.DirectJDKLog [main] Initializing ProtocolHandler ["http-nio-8400"]
2023-03-04 22:37:28,545 INFO org.apache.juli.logging.DirectJDKLog [main] Starting service [Tomcat]
2023-03-04 22:37:28,546 INFO org.apache.juli.logging.DirectJDKLog [main] Starting Servlet engine: [Apache Tomcat/9.0.71]
2023-03-04 22:37:28,900 INFO org.apache.juli.logging.DirectJDKLog [main] Initializing Spring embedded WebApplicationContext
2023-03-04 22:37:28,903 INFO org.springframework.boot.web.servlet.context.ServletWebServerApplicationContext [main] Root WebApplicationContext: initialization completed in 4239 ms
2023-03-04 22:37:30,023 INFO org.springframework.security.web.DefaultSecurityFilterChain [main] Will secure any request with [org.springframework.security.web.session.DisableEncodeUrlFilter@2dfeb141, org.springframework.security.web.context.request.async.WebAsyncManagerIntegrationFilter@629e8212, org.springframework.security.web.context.SecurityContextPersistenceFilter@7bee8621, org.springframework.security.web.header.HeaderWriterFilter@160e99e0, org.springframework.security.web.authentication.logout.LogoutFilter@335f5c69, org.springframework.security.oauth2.server.resource.web.BearerTokenAuthenticationFilter@4f820f42, org.springframework.security.web.authentication.www.BasicAuthenticationFilter@5d352de0, org.springframework.security.web.savedrequest.RequestCacheAwareFilter@4877919f, org.springframework.security.web.servletapi.SecurityContextHolderAwareRequestFilter@47a7c93e, org.springframework.security.web.authentication.AnonymousAuthenticationFilter@498c535d, org.springframework.security.web.session.SessionManagementFilter@2ce03e86, org.springframework.security.web.access.ExceptionTranslationFilter@50085d9c, org.springframework.security.web.access.intercept.FilterSecurityInterceptor@385d819]
2023-03-04 22:37:31,680 WARN org.springframework.context.support.AbstractApplicationContext [main] Exception encountered during context initialization - cancelling refresh attempt: org.springframework.beans.factory.BeanCreationException: Error creating bean with name 'requestMappingHandlerMapping' defined in class path resource [org/springframework/boot/autoconfigure/web/servlet/WebMvcAutoConfiguration$EnableWebMvcConfiguration.class]: Invocation of init method failed; nested exception is java.lang.IllegalStateException: Ambiguous mapping. Cannot map 'groupController' method 
sn.kiwi.apiwebsms.controllers.GroupController#getInfoGroups(CustomerModel)
to {POST [/groups], produces [application/json]}: There is already 'groupController' bean method
sn.kiwi.apiwebsms.controllers.GroupController#createGroup(GroupModel) mapped.
2023-03-04 22:37:31,694 INFO org.apache.juli.logging.DirectJDKLog [main] Stopping service [Tomcat]
2023-03-04 22:37:31,739 INFO org.springframework.boot.autoconfigure.logging.ConditionEvaluationReportLoggingListener [main] 

Error starting ApplicationContext. To display the conditions report re-run your application with 'debug' enabled.
2023-03-04 22:37:31,802 ERROR org.springframework.boot.SpringApplication [main] Application run failed
org.springframework.beans.factory.BeanCreationException: Error creating bean with name 'requestMappingHandlerMapping' defined in class path resource [org/springframework/boot/autoconfigure/web/servlet/WebMvcAutoConfiguration$EnableWebMvcConfiguration.class]: Invocation of init method failed; nested exception is java.lang.IllegalStateException: Ambiguous mapping. Cannot map 'groupController' method 
sn.kiwi.apiwebsms.controllers.GroupController#getInfoGroups(CustomerModel)
to {POST [/groups], produces [application/json]}: There is already 'groupController' bean method
sn.kiwi.apiwebsms.controllers.GroupController#createGroup(GroupModel) mapped.
	at org.springframework.beans.factory.support.AbstractAutowireCapableBeanFactory.initializeBean(AbstractAutowireCapableBeanFactory.java:1804)
	at org.springframework.beans.factory.support.AbstractAutowireCapableBeanFactory.doCreateBean(AbstractAutowireCapableBeanFactory.java:620)
	at org.springframework.beans.factory.support.AbstractAutowireCapableBeanFactory.createBean(AbstractAutowireCapableBeanFactory.java:542)
	at org.springframework.beans.factory.support.AbstractBeanFactory.lambda$doGetBean$0(AbstractBeanFactory.java:335)
	at org.springframework.beans.factory.support.DefaultSingletonBeanRegistry.getSingleton(DefaultSingletonBeanRegistry.java:234)
	at org.springframework.beans.factory.support.AbstractBeanFactory.doGetBean(AbstractBeanFactory.java:333)
	at org.springframework.beans.factory.support.AbstractBeanFactory.getBean(AbstractBeanFactory.java:208)
	at org.springframework.beans.factory.support.DefaultListableBeanFactory.preInstantiateSingletons(DefaultListableBeanFactory.java:955)
	at org.springframework.context.support.AbstractApplicationContext.finishBeanFactoryInitialization(AbstractApplicationContext.java:918)
	at org.springframework.context.support.AbstractApplicationContext.refresh(AbstractApplicationContext.java:583)
	at org.springframework.boot.web.servlet.context.ServletWebServerApplicationContext.refresh(ServletWebServerApplicationContext.java:147)
	at org.springframework.boot.SpringApplication.refresh(SpringApplication.java:731)
	at org.springframework.boot.SpringApplication.refreshContext(SpringApplication.java:408)
	at org.springframework.boot.SpringApplication.run(SpringApplication.java:307)
	at org.springframework.boot.SpringApplication.run(SpringApplication.java:1303)
	at org.springframework.boot.SpringApplication.run(SpringApplication.java:1292)
	at sn.kiwi.apiwebsms.ApiWebsmsApplication.main(ApiWebsmsApplication.java:23)
Caused by: java.lang.IllegalStateException: Ambiguous mapping. Cannot map 'groupController' method 
sn.kiwi.apiwebsms.controllers.GroupController#getInfoGroups(CustomerModel)
to {POST [/groups], produces [application/json]}: There is already 'groupController' bean method
sn.kiwi.apiwebsms.controllers.GroupController#createGroup(GroupModel) mapped.
	at org.springframework.web.servlet.handler.AbstractHandlerMethodMapping$MappingRegistry.validateMethodMapping(AbstractHandlerMethodMapping.java:669)
	at org.springframework.web.servlet.handler.AbstractHandlerMethodMapping$MappingRegistry.register(AbstractHandlerMethodMapping.java:635)
	at org.springframework.web.servlet.handler.AbstractHandlerMethodMapping.registerHandlerMethod(AbstractHandlerMethodMapping.java:332)
	at org.springframework.web.servlet.mvc.method.annotation.RequestMappingHandlerMapping.registerHandlerMethod(RequestMappingHandlerMapping.java:420)
	at org.springframework.web.servlet.mvc.method.annotation.RequestMappingHandlerMapping.registerHandlerMethod(RequestMappingHandlerMapping.java:76)
	at org.springframework.web.servlet.handler.AbstractHandlerMethodMapping.lambda$detectHandlerMethods$2(AbstractHandlerMethodMapping.java:299)
	at java.base/java.util.LinkedHashMap.forEach(LinkedHashMap.java:684)
	at org.springframework.web.servlet.handler.AbstractHandlerMethodMapping.detectHandlerMethods(AbstractHandlerMethodMapping.java:297)
	at org.springframework.web.servlet.handler.AbstractHandlerMethodMapping.processCandidateBean(AbstractHandlerMethodMapping.java:266)
	at org.springframework.web.servlet.handler.AbstractHandlerMethodMapping.initHandlerMethods(AbstractHandlerMethodMapping.java:225)
	at org.springframework.web.servlet.handler.AbstractHandlerMethodMapping.afterPropertiesSet(AbstractHandlerMethodMapping.java:213)
	at org.springframework.web.servlet.mvc.method.annotation.RequestMappingHandlerMapping.afterPropertiesSet(RequestMappingHandlerMapping.java:205)
	at org.springframework.beans.factory.support.AbstractAutowireCapableBeanFactory.invokeInitMethods(AbstractAutowireCapableBeanFactory.java:1863)
	at org.springframework.beans.factory.support.AbstractAutowireCapableBeanFactory.initializeBean(AbstractAutowireCapableBeanFactory.java:1800)
	... 16 common frames omitted
2023-03-04 22:38:50,989 INFO org.springframework.boot.StartupInfoLogger [main] Starting ApiWebsmsApplication using Java 11.0.16.1 on LAPTOP-SIN3MNHS with PID 38896 (C:\Users\MOI\Documents\spring-projects\api-websms\target\classes started by MOI in C:\Users\MOI\Documents\spring-projects\api-websms)
2023-03-04 22:38:50,995 DEBUG org.springframework.boot.StartupInfoLogger [main] Running with Spring Boot v2.7.9, Spring v5.3.25
2023-03-04 22:38:50,996 INFO org.springframework.boot.SpringApplication [main] No active profile set, falling back to 1 default profile: "default"
2023-03-04 22:38:55,083 INFO org.springframework.boot.web.embedded.tomcat.TomcatWebServer [main] Tomcat initialized with port(s): 8400 (http)
2023-03-04 22:38:55,098 INFO org.apache.juli.logging.DirectJDKLog [main] Initializing ProtocolHandler ["http-nio-8400"]
2023-03-04 22:38:55,099 INFO org.apache.juli.logging.DirectJDKLog [main] Starting service [Tomcat]
2023-03-04 22:38:55,099 INFO org.apache.juli.logging.DirectJDKLog [main] Starting Servlet engine: [Apache Tomcat/9.0.71]
2023-03-04 22:38:55,374 INFO org.apache.juli.logging.DirectJDKLog [main] Initializing Spring embedded WebApplicationContext
2023-03-04 22:38:55,375 INFO org.springframework.boot.web.servlet.context.ServletWebServerApplicationContext [main] Root WebApplicationContext: initialization completed in 4255 ms
2023-03-04 22:38:56,438 INFO org.springframework.security.web.DefaultSecurityFilterChain [main] Will secure any request with [org.springframework.security.web.session.DisableEncodeUrlFilter@43da0955, org.springframework.security.web.context.request.async.WebAsyncManagerIntegrationFilter@bc09d57, org.springframework.security.web.context.SecurityContextPersistenceFilter@53aa2fc9, org.springframework.security.web.header.HeaderWriterFilter@7fbd3e75, org.springframework.security.web.authentication.logout.LogoutFilter@1283ca23, org.springframework.security.oauth2.server.resource.web.BearerTokenAuthenticationFilter@443a53df, org.springframework.security.web.authentication.www.BasicAuthenticationFilter@58dad04a, org.springframework.security.web.savedrequest.RequestCacheAwareFilter@ea00de, org.springframework.security.web.servletapi.SecurityContextHolderAwareRequestFilter@23ca36d, org.springframework.security.web.authentication.AnonymousAuthenticationFilter@6d963d70, org.springframework.security.web.session.SessionManagementFilter@4877919f, org.springframework.security.web.access.ExceptionTranslationFilter@43471a7e, org.springframework.security.web.access.intercept.FilterSecurityInterceptor@2be818da]
2023-03-04 22:38:59,888 INFO org.apache.juli.logging.DirectJDKLog [main] Starting ProtocolHandler ["http-nio-8400"]
2023-03-04 22:38:59,936 INFO org.springframework.boot.web.embedded.tomcat.TomcatWebServer [main] Tomcat started on port(s): 8400 (http) with context path ''
2023-03-04 22:38:59,961 INFO org.springframework.boot.StartupInfoLogger [main] Started ApiWebsmsApplication in 9.837 seconds (JVM running for 10.725)
2023-03-04 22:39:26,376 INFO org.apache.juli.logging.DirectJDKLog [http-nio-8400-exec-1] Initializing Spring DispatcherServlet 'dispatcherServlet'
2023-03-04 22:39:26,377 INFO org.springframework.web.servlet.FrameworkServlet [http-nio-8400-exec-1] Initializing Servlet 'dispatcherServlet'
2023-03-04 22:39:26,382 INFO org.springframework.web.servlet.FrameworkServlet [http-nio-8400-exec-1] Completed initialization in 4 ms
2023-03-04 22:39:27,910 INFO org.springdoc.api.AbstractOpenApiResource [http-nio-8400-exec-8] Init duration for springdoc-openapi is: 880 ms
2023-03-04 22:41:38,939 INFO org.springframework.boot.StartupInfoLogger [main] Starting ApiWebsmsApplication using Java 11.0.16.1 on LAPTOP-SIN3MNHS with PID 23188 (C:\Users\MOI\Documents\spring-projects\api-websms\target\classes started by MOI in C:\Users\MOI\Documents\spring-projects\api-websms)
2023-03-04 22:41:38,944 DEBUG org.springframework.boot.StartupInfoLogger [main] Running with Spring Boot v2.7.9, Spring v5.3.25
2023-03-04 22:41:38,946 INFO org.springframework.boot.SpringApplication [main] No active profile set, falling back to 1 default profile: "default"
2023-03-04 22:41:43,411 INFO org.springframework.boot.web.embedded.tomcat.TomcatWebServer [main] Tomcat initialized with port(s): 8400 (http)
2023-03-04 22:41:43,450 INFO org.apache.juli.logging.DirectJDKLog [main] Initializing ProtocolHandler ["http-nio-8400"]
2023-03-04 22:41:43,452 INFO org.apache.juli.logging.DirectJDKLog [main] Starting service [Tomcat]
2023-03-04 22:41:43,452 INFO org.apache.juli.logging.DirectJDKLog [main] Starting Servlet engine: [Apache Tomcat/9.0.71]
2023-03-04 22:41:44,064 INFO org.apache.juli.logging.DirectJDKLog [main] Initializing Spring embedded WebApplicationContext
2023-03-04 22:41:44,066 INFO org.springframework.boot.web.servlet.context.ServletWebServerApplicationContext [main] Root WebApplicationContext: initialization completed in 4995 ms
2023-03-04 22:41:46,103 INFO org.springframework.security.web.DefaultSecurityFilterChain [main] Will secure any request with [org.springframework.security.web.session.DisableEncodeUrlFilter@1578b8ec, org.springframework.security.web.context.request.async.WebAsyncManagerIntegrationFilter@f613067, org.springframework.security.web.context.SecurityContextPersistenceFilter@5f61371d, org.springframework.security.web.header.HeaderWriterFilter@697d6ded, org.springframework.security.web.authentication.logout.LogoutFilter@6c977dcf, org.springframework.security.oauth2.server.resource.web.BearerTokenAuthenticationFilter@531ec978, org.springframework.security.web.authentication.www.BasicAuthenticationFilter@1b4872bc, org.springframework.security.web.savedrequest.RequestCacheAwareFilter@19b02dfd, org.springframework.security.web.servletapi.SecurityContextHolderAwareRequestFilter@3dce6dd8, org.springframework.security.web.authentication.AnonymousAuthenticationFilter@c1e14f, org.springframework.security.web.session.SessionManagementFilter@7da635c0, org.springframework.security.web.access.ExceptionTranslationFilter@dd3f8aa, org.springframework.security.web.access.intercept.FilterSecurityInterceptor@739e8b96]
2023-03-04 22:41:51,768 INFO org.apache.juli.logging.DirectJDKLog [main] Starting ProtocolHandler ["http-nio-8400"]
2023-03-04 22:41:51,837 INFO org.springframework.boot.web.embedded.tomcat.TomcatWebServer [main] Tomcat started on port(s): 8400 (http) with context path ''
2023-03-04 22:41:51,878 INFO org.springframework.boot.StartupInfoLogger [main] Started ApiWebsmsApplication in 14.164 seconds (JVM running for 15.309)
2023-03-04 22:49:24,588 INFO org.apache.juli.logging.DirectJDKLog [http-nio-8400-exec-2] Initializing Spring DispatcherServlet 'dispatcherServlet'
2023-03-04 22:49:24,592 INFO org.springframework.web.servlet.FrameworkServlet [http-nio-8400-exec-2] Initializing Servlet 'dispatcherServlet'
2023-03-04 22:49:24,597 INFO org.springframework.web.servlet.FrameworkServlet [http-nio-8400-exec-2] Completed initialization in 4 ms
2023-03-04 22:52:14,285 WARN org.springframework.web.servlet.handler.AbstractHandlerExceptionResolver [http-nio-8400-exec-3] Resolved [org.springframework.http.converter.HttpMessageNotReadableException: JSON parse error: Cannot deserialize value of type `int` from String "matae": not a valid `int` value; nested exception is com.fasterxml.jackson.databind.exc.InvalidFormatException: Cannot deserialize value of type `int` from String "matae": not a valid `int` value<EOL> at [Source: (org.springframework.util.StreamUtils$NonClosingInputStream); line: 2, column: 11] (through reference chain: sn.kiwi.apiwebsms.models.GroupModel["name"])]
2023-03-04 22:53:09,156 INFO org.springframework.boot.StartupInfoLogger [main] Starting ApiWebsmsApplication using Java 11.0.16.1 on LAPTOP-SIN3MNHS with PID 18184 (C:\Users\MOI\Documents\spring-projects\api-websms\target\classes started by MOI in C:\Users\MOI\Documents\spring-projects\api-websms)
2023-03-04 22:53:09,161 DEBUG org.springframework.boot.StartupInfoLogger [main] Running with Spring Boot v2.7.9, Spring v5.3.25
2023-03-04 22:53:09,162 INFO org.springframework.boot.SpringApplication [main] No active profile set, falling back to 1 default profile: "default"
2023-03-04 22:53:13,770 INFO org.springframework.boot.web.embedded.tomcat.TomcatWebServer [main] Tomcat initialized with port(s): 8400 (http)
2023-03-04 22:53:13,794 INFO org.apache.juli.logging.DirectJDKLog [main] Initializing ProtocolHandler ["http-nio-8400"]
2023-03-04 22:53:13,795 INFO org.apache.juli.logging.DirectJDKLog [main] Starting service [Tomcat]
2023-03-04 22:53:13,796 INFO org.apache.juli.logging.DirectJDKLog [main] Starting Servlet engine: [Apache Tomcat/9.0.71]
2023-03-04 22:53:14,089 INFO org.apache.juli.logging.DirectJDKLog [main] Initializing Spring embedded WebApplicationContext
2023-03-04 22:53:14,090 INFO org.springframework.boot.web.servlet.context.ServletWebServerApplicationContext [main] Root WebApplicationContext: initialization completed in 4802 ms
2023-03-04 22:53:15,739 INFO org.springframework.security.web.DefaultSecurityFilterChain [main] Will secure any request with [org.springframework.security.web.session.DisableEncodeUrlFilter@5e002356, org.springframework.security.web.context.request.async.WebAsyncManagerIntegrationFilter@4f820f42, org.springframework.security.web.context.SecurityContextPersistenceFilter@31723307, org.springframework.security.web.header.HeaderWriterFilter@18a096b5, org.springframework.security.web.authentication.logout.LogoutFilter@3a38f122, org.springframework.security.oauth2.server.resource.web.BearerTokenAuthenticationFilter@5e7abaf7, org.springframework.security.web.authentication.www.BasicAuthenticationFilter@22d8f4ed, org.springframework.security.web.savedrequest.RequestCacheAwareFilter@8054fe2, org.springframework.security.web.servletapi.SecurityContextHolderAwareRequestFilter@1e3f0aea, org.springframework.security.web.authentication.AnonymousAuthenticationFilter@4b325930, org.springframework.security.web.session.SessionManagementFilter@2a8b33ba, org.springframework.security.web.access.ExceptionTranslationFilter@67fb5025, org.springframework.security.web.access.intercept.FilterSecurityInterceptor@741741d0]
2023-03-04 22:53:20,921 INFO org.apache.juli.logging.DirectJDKLog [main] Starting ProtocolHandler ["http-nio-8400"]
2023-03-04 22:53:20,976 INFO org.springframework.boot.web.embedded.tomcat.TomcatWebServer [main] Tomcat started on port(s): 8400 (http) with context path ''
2023-03-04 22:53:21,007 INFO org.springframework.boot.StartupInfoLogger [main] Started ApiWebsmsApplication in 13.039 seconds (JVM running for 14.157)
2023-03-04 22:53:25,728 INFO org.apache.juli.logging.DirectJDKLog [http-nio-8400-exec-1] Initializing Spring DispatcherServlet 'dispatcherServlet'
2023-03-04 22:53:25,730 INFO org.springframework.web.servlet.FrameworkServlet [http-nio-8400-exec-1] Initializing Servlet 'dispatcherServlet'
2023-03-04 22:53:25,735 INFO org.springframework.web.servlet.FrameworkServlet [http-nio-8400-exec-1] Completed initialization in 4 ms
