2023-05-08 11:35:10,189 INFO org.springframework.boot.StartupInfoLogger [main] Starting ApiWebsmsApplication using Java 11.0.17 on DESKTOP-7QP6LFN with PID 19096 (E:\KIWI\2SMOBILE\api-backend-websms\api-websms\target\classes started by User in E:\KIWI\2SMOBILE\api-backend-websms\api-websms)
2023-05-08 11:35:10,207 DEBUG org.springframework.boot.StartupInfoLogger [main] Running with Spring Boot v2.7.9, Spring v5.3.25
2023-05-08 11:35:10,209 INFO org.springframework.boot.SpringApplication [main] No active profile set, falling back to 1 default profile: "default"
2023-05-08 11:35:13,598 INFO org.springframework.boot.web.embedded.tomcat.TomcatWebServer [main] Tomcat initialized with port(s): 8400 (http)
2023-05-08 11:35:13,625 INFO org.apache.juli.logging.DirectJDKLog [main] Initializing ProtocolHandler ["http-nio-8400"]
2023-05-08 11:35:13,626 INFO org.apache.juli.logging.DirectJDKLog [main] Starting service [Tomcat]
2023-05-08 11:35:13,627 INFO org.apache.juli.logging.DirectJDKLog [main] Starting Servlet engine: [Apache Tomcat/9.0.71]
2023-05-08 11:35:13,932 INFO org.apache.juli.logging.DirectJDKLog [main] Initializing Spring embedded WebApplicationContext
2023-05-08 11:35:13,933 INFO org.springframework.boot.web.servlet.context.ServletWebServerApplicationContext [main] Root WebApplicationContext: initialization completed in 3460 ms
2023-05-08 11:35:15,223 INFO org.springframework.security.web.DefaultSecurityFilterChain [main] Will secure any request with [org.springframework.security.web.session.DisableEncodeUrlFilter@10f477e2, org.springframework.security.web.context.request.async.WebAsyncManagerIntegrationFilter@6097fca9, org.springframework.security.web.context.SecurityContextPersistenceFilter@63fd4dda, org.springframework.security.web.header.HeaderWriterFilter@4cc01c7f, org.springframework.security.web.authentication.logout.LogoutFilter@4b87074a, org.springframework.security.oauth2.server.resource.web.BearerTokenAuthenticationFilter@7c96c85, org.springframework.security.web.authentication.www.BasicAuthenticationFilter@37c5284a, org.springframework.security.web.savedrequest.RequestCacheAwareFilter@4a058df8, org.springframework.security.web.servletapi.SecurityContextHolderAwareRequestFilter@4b56b031, org.springframework.security.web.authentication.AnonymousAuthenticationFilter@35eee641, org.springframework.security.web.session.SessionManagementFilter@72b0a004, org.springframework.security.web.access.ExceptionTranslationFilter@5bde57ab, org.springframework.security.web.access.intercept.FilterSecurityInterceptor@16ee9aa7]
2023-05-08 11:35:17,958 INFO org.apache.juli.logging.DirectJDKLog [main] Starting ProtocolHandler ["http-nio-8400"]
2023-05-08 11:35:17,998 INFO org.springframework.boot.web.embedded.tomcat.TomcatWebServer [main] Tomcat started on port(s): 8400 (http) with context path ''
2023-05-08 11:35:18,021 INFO org.springframework.boot.StartupInfoLogger [main] Started ApiWebsmsApplication in 9.203 seconds (JVM running for 10.308)
2023-05-08 11:41:40,443 INFO org.springframework.boot.StartupInfoLogger [main] Starting ApiWebsmsApplication using Java 11.0.17 on DESKTOP-7QP6LFN with PID 5284 (E:\KIWI\2SMOBILE\api-backend-websms\api-websms\target\classes started by User in E:\KIWI\2SMOBILE\api-backend-websms\api-websms)
2023-05-08 11:41:40,451 DEBUG org.springframework.boot.StartupInfoLogger [main] Running with Spring Boot v2.7.9, Spring v5.3.25
2023-05-08 11:41:40,452 INFO org.springframework.boot.SpringApplication [main] No active profile set, falling back to 1 default profile: "default"
2023-05-08 11:41:43,406 INFO org.springframework.boot.web.embedded.tomcat.TomcatWebServer [main] Tomcat initialized with port(s): 8400 (http)
2023-05-08 11:41:43,434 INFO org.apache.juli.logging.DirectJDKLog [main] Initializing ProtocolHandler ["http-nio-8400"]
2023-05-08 11:41:43,435 INFO org.apache.juli.logging.DirectJDKLog [main] Starting service [Tomcat]
2023-05-08 11:41:43,435 INFO org.apache.juli.logging.DirectJDKLog [main] Starting Servlet engine: [Apache Tomcat/9.0.71]
2023-05-08 11:41:43,745 INFO org.apache.juli.logging.DirectJDKLog [main] Initializing Spring embedded WebApplicationContext
2023-05-08 11:41:43,746 INFO org.springframework.boot.web.servlet.context.ServletWebServerApplicationContext [main] Root WebApplicationContext: initialization completed in 3140 ms
2023-05-08 11:41:45,188 INFO org.springframework.security.web.DefaultSecurityFilterChain [main] Will secure any request with [org.springframework.security.web.session.DisableEncodeUrlFilter@45592af7, org.springframework.security.web.context.request.async.WebAsyncManagerIntegrationFilter@77b5148c, org.springframework.security.web.context.SecurityContextPersistenceFilter@73ca34e7, org.springframework.security.web.header.HeaderWriterFilter@740dcae3, org.springframework.security.web.authentication.logout.LogoutFilter@1cbc1dde, org.springframework.security.oauth2.server.resource.web.BearerTokenAuthenticationFilter@608cd501, org.springframework.security.web.authentication.www.BasicAuthenticationFilter@ccd341d, org.springframework.security.web.savedrequest.RequestCacheAwareFilter@5696c927, org.springframework.security.web.servletapi.SecurityContextHolderAwareRequestFilter@7459a21e, org.springframework.security.web.authentication.AnonymousAuthenticationFilter@36359723, org.springframework.security.web.session.SessionManagementFilter@1d15c0a1, org.springframework.security.web.access.ExceptionTranslationFilter@4c731956, org.springframework.security.web.access.intercept.FilterSecurityInterceptor@1e98b788]
2023-05-08 11:41:48,121 INFO org.apache.juli.logging.DirectJDKLog [main] Starting ProtocolHandler ["http-nio-8400"]
2023-05-08 11:41:48,171 INFO org.springframework.boot.web.embedded.tomcat.TomcatWebServer [main] Tomcat started on port(s): 8400 (http) with context path ''
2023-05-08 11:41:48,207 INFO org.springframework.boot.StartupInfoLogger [main] Started ApiWebsmsApplication in 8.972 seconds (JVM running for 10.028)
2023-05-08 11:41:56,595 INFO org.apache.juli.logging.DirectJDKLog [http-nio-8400-exec-2] Initializing Spring DispatcherServlet 'dispatcherServlet'
2023-05-08 11:41:56,597 INFO org.springframework.web.servlet.FrameworkServlet [http-nio-8400-exec-2] Initializing Servlet 'dispatcherServlet'
2023-05-08 11:41:56,599 INFO org.springframework.web.servlet.FrameworkServlet [http-nio-8400-exec-2] Completed initialization in 1 ms
2023-05-08 11:50:29,198 ERROR org.apache.juli.logging.DirectJDKLog [http-nio-8400-exec-7] Servlet.service() for servlet [dispatcherServlet] in context with path [] threw exception [Request processing failed; nested exception is org.json.JSONException: JSONObject["creationDate"] is not a string (class org.json.JSONObject$Null : null).] with root cause
org.json.JSONException: JSONObject["creationDate"] is not a string (class org.json.JSONObject$Null : null).
	at org.json.JSONObject.wrongValueFormatException(JSONObject.java:2702)
	at org.json.JSONObject.getString(JSONObject.java:861)
	at sn.kiwi.apiwebsms.common.CommonVoice.lambda$getStatusByCallId$0(CommonVoice.java:130)
	at java.base/java.lang.Iterable.forEach(Iterable.java:75)
	at sn.kiwi.apiwebsms.common.CommonVoice.getStatusByCallId(CommonVoice.java:127)
	at sn.kiwi.apiwebsms.controllers.MessageController.sendVoice(MessageController.java:123)
	at java.base/jdk.internal.reflect.NativeMethodAccessorImpl.invoke0(Native Method)
	at java.base/jdk.internal.reflect.NativeMethodAccessorImpl.invoke(NativeMethodAccessorImpl.java:62)
	at java.base/jdk.internal.reflect.DelegatingMethodAccessorImpl.invoke(DelegatingMethodAccessorImpl.java:43)
	at java.base/java.lang.reflect.Method.invoke(Method.java:566)
	at org.springframework.web.method.support.InvocableHandlerMethod.doInvoke(InvocableHandlerMethod.java:205)
	at org.springframework.web.method.support.InvocableHandlerMethod.invokeForRequest(InvocableHandlerMethod.java:150)
	at org.springframework.web.servlet.mvc.method.annotation.ServletInvocableHandlerMethod.invokeAndHandle(ServletInvocableHandlerMethod.java:117)
	at org.springframework.web.servlet.mvc.method.annotation.RequestMappingHandlerAdapter.invokeHandlerMethod(RequestMappingHandlerAdapter.java:895)
	at org.springframework.web.servlet.mvc.method.annotation.RequestMappingHandlerAdapter.handleInternal(RequestMappingHandlerAdapter.java:808)
	at org.springframework.web.servlet.mvc.method.AbstractHandlerMethodAdapter.handle(AbstractHandlerMethodAdapter.java:87)
	at org.springframework.web.servlet.DispatcherServlet.doDispatch(DispatcherServlet.java:1071)
	at org.springframework.web.servlet.DispatcherServlet.doService(DispatcherServlet.java:964)
	at org.springframework.web.servlet.FrameworkServlet.processRequest(FrameworkServlet.java:1006)
	at org.springframework.web.servlet.FrameworkServlet.doPost(FrameworkServlet.java:909)
	at javax.servlet.http.HttpServlet.service(HttpServlet.java:696)
	at org.springframework.web.servlet.FrameworkServlet.service(FrameworkServlet.java:883)
	at javax.servlet.http.HttpServlet.service(HttpServlet.java:779)
	at org.apache.catalina.core.ApplicationFilterChain.internalDoFilter(ApplicationFilterChain.java:227)
	at org.apache.catalina.core.ApplicationFilterChain.doFilter(ApplicationFilterChain.java:162)
	at org.apache.tomcat.websocket.server.WsFilter.doFilter(WsFilter.java:53)
	at org.apache.catalina.core.ApplicationFilterChain.internalDoFilter(ApplicationFilterChain.java:189)
	at org.apache.catalina.core.ApplicationFilterChain.doFilter(ApplicationFilterChain.java:162)
	at org.springframework.security.web.FilterChainProxy$VirtualFilterChain.doFilter(FilterChainProxy.java:337)
	at org.springframework.security.web.access.intercept.FilterSecurityInterceptor.invoke(FilterSecurityInterceptor.java:115)
	at org.springframework.security.web.access.intercept.FilterSecurityInterceptor.doFilter(FilterSecurityInterceptor.java:81)
	at org.springframework.security.web.FilterChainProxy$VirtualFilterChain.doFilter(FilterChainProxy.java:346)
	at org.springframework.security.web.access.ExceptionTranslationFilter.doFilter(ExceptionTranslationFilter.java:122)
	at org.springframework.security.web.access.ExceptionTranslationFilter.doFilter(ExceptionTranslationFilter.java:116)
	at org.springframework.security.web.FilterChainProxy$VirtualFilterChain.doFilter(FilterChainProxy.java:346)
	at org.springframework.security.web.session.SessionManagementFilter.doFilter(SessionManagementFilter.java:126)
	at org.springframework.security.web.session.SessionManagementFilter.doFilter(SessionManagementFilter.java:81)
	at org.springframework.security.web.FilterChainProxy$VirtualFilterChain.doFilter(FilterChainProxy.java:346)
	at org.springframework.security.web.authentication.AnonymousAuthenticationFilter.doFilter(AnonymousAuthenticationFilter.java:109)
	at org.springframework.security.web.FilterChainProxy$VirtualFilterChain.doFilter(FilterChainProxy.java:346)
	at org.springframework.security.web.servletapi.SecurityContextHolderAwareRequestFilter.doFilter(SecurityContextHolderAwareRequestFilter.java:149)
	at org.springframework.security.web.FilterChainProxy$VirtualFilterChain.doFilter(FilterChainProxy.java:346)
	at org.springframework.security.web.savedrequest.RequestCacheAwareFilter.doFilter(RequestCacheAwareFilter.java:63)
	at org.springframework.security.web.FilterChainProxy$VirtualFilterChain.doFilter(FilterChainProxy.java:346)
	at org.springframework.security.web.authentication.www.BasicAuthenticationFilter.doFilterInternal(BasicAuthenticationFilter.java:166)
	at org.springframework.web.filter.OncePerRequestFilter.doFilter(OncePerRequestFilter.java:117)
	at org.springframework.security.web.FilterChainProxy$VirtualFilterChain.doFilter(FilterChainProxy.java:346)
	at org.springframework.security.oauth2.server.resource.web.BearerTokenAuthenticationFilter.doFilterInternal(BearerTokenAuthenticationFilter.java:142)
	at org.springframework.web.filter.OncePerRequestFilter.doFilter(OncePerRequestFilter.java:117)
	at org.springframework.security.web.FilterChainProxy$VirtualFilterChain.doFilter(FilterChainProxy.java:346)
	at org.springframework.security.web.authentication.logout.LogoutFilter.doFilter(LogoutFilter.java:103)
	at org.springframework.security.web.authentication.logout.LogoutFilter.doFilter(LogoutFilter.java:89)
	at org.springframework.security.web.FilterChainProxy$VirtualFilterChain.doFilter(FilterChainProxy.java:346)
	at org.springframework.security.web.header.HeaderWriterFilter.doHeadersAfter(HeaderWriterFilter.java:90)
	at org.springframework.security.web.header.HeaderWriterFilter.doFilterInternal(HeaderWriterFilter.java:75)
	at org.springframework.web.filter.OncePerRequestFilter.doFilter(OncePerRequestFilter.java:117)
	at org.springframework.security.web.FilterChainProxy$VirtualFilterChain.doFilter(FilterChainProxy.java:346)
	at org.springframework.security.web.context.SecurityContextPersistenceFilter.doFilter(SecurityContextPersistenceFilter.java:112)
	at org.springframework.security.web.context.SecurityContextPersistenceFilter.doFilter(SecurityContextPersistenceFilter.java:82)
	at org.springframework.security.web.FilterChainProxy$VirtualFilterChain.doFilter(FilterChainProxy.java:346)
	at org.springframework.security.web.context.request.async.WebAsyncManagerIntegrationFilter.doFilterInternal(WebAsyncManagerIntegrationFilter.java:55)
	at org.springframework.web.filter.OncePerRequestFilter.doFilter(OncePerRequestFilter.java:117)
	at org.springframework.security.web.FilterChainProxy$VirtualFilterChain.doFilter(FilterChainProxy.java:346)
	at org.springframework.security.web.session.DisableEncodeUrlFilter.doFilterInternal(DisableEncodeUrlFilter.java:42)
	at org.springframework.web.filter.OncePerRequestFilter.doFilter(OncePerRequestFilter.java:117)
	at org.springframework.security.web.FilterChainProxy$VirtualFilterChain.doFilter(FilterChainProxy.java:346)
	at org.springframework.security.web.FilterChainProxy.doFilterInternal(FilterChainProxy.java:221)
	at org.springframework.security.web.FilterChainProxy.doFilter(FilterChainProxy.java:186)
	at org.springframework.web.filter.DelegatingFilterProxy.invokeDelegate(DelegatingFilterProxy.java:354)
	at org.springframework.web.filter.DelegatingFilterProxy.doFilter(DelegatingFilterProxy.java:267)
	at org.apache.catalina.core.ApplicationFilterChain.internalDoFilter(ApplicationFilterChain.java:189)
	at org.apache.catalina.core.ApplicationFilterChain.doFilter(ApplicationFilterChain.java:162)
	at org.springframework.web.filter.RequestContextFilter.doFilterInternal(RequestContextFilter.java:100)
	at org.springframework.web.filter.OncePerRequestFilter.doFilter(OncePerRequestFilter.java:117)
	at org.apache.catalina.core.ApplicationFilterChain.internalDoFilter(ApplicationFilterChain.java:189)
	at org.apache.catalina.core.ApplicationFilterChain.doFilter(ApplicationFilterChain.java:162)
	at org.springframework.web.filter.FormContentFilter.doFilterInternal(FormContentFilter.java:93)
	at org.springframework.web.filter.OncePerRequestFilter.doFilter(OncePerRequestFilter.java:117)
	at org.apache.catalina.core.ApplicationFilterChain.internalDoFilter(ApplicationFilterChain.java:189)
	at org.apache.catalina.core.ApplicationFilterChain.doFilter(ApplicationFilterChain.java:162)
	at org.springframework.web.filter.CharacterEncodingFilter.doFilterInternal(CharacterEncodingFilter.java:201)
	at org.springframework.web.filter.OncePerRequestFilter.doFilter(OncePerRequestFilter.java:117)
	at org.apache.catalina.core.ApplicationFilterChain.internalDoFilter(ApplicationFilterChain.java:189)
	at org.apache.catalina.core.ApplicationFilterChain.doFilter(ApplicationFilterChain.java:162)
	at org.apache.catalina.core.StandardWrapperValve.invoke(StandardWrapperValve.java:177)
	at org.apache.catalina.core.StandardContextValve.invoke(StandardContextValve.java:97)
	at org.apache.catalina.authenticator.AuthenticatorBase.invoke(AuthenticatorBase.java:541)
	at org.apache.catalina.core.StandardHostValve.invoke(StandardHostValve.java:135)
	at org.apache.catalina.valves.ErrorReportValve.invoke(ErrorReportValve.java:92)
	at org.apache.catalina.core.StandardEngineValve.invoke(StandardEngineValve.java:78)
	at org.apache.catalina.connector.CoyoteAdapter.service(CoyoteAdapter.java:360)
	at org.apache.coyote.http11.Http11Processor.service(Http11Processor.java:399)
	at org.apache.coyote.AbstractProcessorLight.process(AbstractProcessorLight.java:65)
	at org.apache.coyote.AbstractProtocol$ConnectionHandler.process(AbstractProtocol.java:891)
	at org.apache.tomcat.util.net.NioEndpoint$SocketProcessor.doRun(NioEndpoint.java:1784)
	at org.apache.tomcat.util.net.SocketProcessorBase.run(SocketProcessorBase.java:49)
	at org.apache.tomcat.util.threads.ThreadPoolExecutor.runWorker(ThreadPoolExecutor.java:1191)
	at org.apache.tomcat.util.threads.ThreadPoolExecutor$Worker.run(ThreadPoolExecutor.java:659)
	at org.apache.tomcat.util.threads.TaskThread$WrappingRunnable.run(TaskThread.java:61)
	at java.base/java.lang.Thread.run(Thread.java:834)
2023-05-08 11:52:05,079 INFO org.springframework.boot.StartupInfoLogger [main] Starting ApiWebsmsApplication using Java 11.0.17 on DESKTOP-7QP6LFN with PID 23112 (E:\KIWI\2SMOBILE\api-backend-websms\api-websms\target\classes started by User in E:\KIWI\2SMOBILE\api-backend-websms\api-websms)
2023-05-08 11:52:05,086 DEBUG org.springframework.boot.StartupInfoLogger [main] Running with Spring Boot v2.7.9, Spring v5.3.25
2023-05-08 11:52:05,087 INFO org.springframework.boot.SpringApplication [main] No active profile set, falling back to 1 default profile: "default"
2023-05-08 11:52:07,902 INFO org.springframework.boot.web.embedded.tomcat.TomcatWebServer [main] Tomcat initialized with port(s): 8400 (http)
2023-05-08 11:52:07,922 INFO org.apache.juli.logging.DirectJDKLog [main] Initializing ProtocolHandler ["http-nio-8400"]
2023-05-08 11:52:07,923 INFO org.apache.juli.logging.DirectJDKLog [main] Starting service [Tomcat]
2023-05-08 11:52:07,923 INFO org.apache.juli.logging.DirectJDKLog [main] Starting Servlet engine: [Apache Tomcat/9.0.71]
2023-05-08 11:52:08,194 INFO org.apache.juli.logging.DirectJDKLog [main] Initializing Spring embedded WebApplicationContext
2023-05-08 11:52:08,196 INFO org.springframework.boot.web.servlet.context.ServletWebServerApplicationContext [main] Root WebApplicationContext: initialization completed in 2961 ms
2023-05-08 11:52:09,403 INFO org.springframework.security.web.DefaultSecurityFilterChain [main] Will secure any request with [org.springframework.security.web.session.DisableEncodeUrlFilter@3b7c58e7, org.springframework.security.web.context.request.async.WebAsyncManagerIntegrationFilter@79627d27, org.springframework.security.web.context.SecurityContextPersistenceFilter@4a058df8, org.springframework.security.web.header.HeaderWriterFilter@794f11cd, org.springframework.security.web.authentication.logout.LogoutFilter@27585351, org.springframework.security.oauth2.server.resource.web.BearerTokenAuthenticationFilter@2bb62414, org.springframework.security.web.authentication.www.BasicAuthenticationFilter@6097fca9, org.springframework.security.web.savedrequest.RequestCacheAwareFilter@aa61e4e, org.springframework.security.web.servletapi.SecurityContextHolderAwareRequestFilter@733e6df7, org.springframework.security.web.authentication.AnonymousAuthenticationFilter@6371cf2f, org.springframework.security.web.session.SessionManagementFilter@335f5c69, org.springframework.security.web.access.ExceptionTranslationFilter@2b80e5a9, org.springframework.security.web.access.intercept.FilterSecurityInterceptor@4d0cc83e]
2023-05-08 11:52:12,033 INFO org.apache.juli.logging.DirectJDKLog [main] Starting ProtocolHandler ["http-nio-8400"]
2023-05-08 11:52:12,071 INFO org.springframework.boot.web.embedded.tomcat.TomcatWebServer [main] Tomcat started on port(s): 8400 (http) with context path ''
2023-05-08 11:52:12,092 INFO org.springframework.boot.StartupInfoLogger [main] Started ApiWebsmsApplication in 8.065 seconds (JVM running for 9.026)
2023-05-08 11:52:21,771 INFO org.apache.juli.logging.DirectJDKLog [http-nio-8400-exec-2] Initializing Spring DispatcherServlet 'dispatcherServlet'
2023-05-08 11:52:21,773 INFO org.springframework.web.servlet.FrameworkServlet [http-nio-8400-exec-2] Initializing Servlet 'dispatcherServlet'
2023-05-08 11:52:21,775 INFO org.springframework.web.servlet.FrameworkServlet [http-nio-8400-exec-2] Completed initialization in 2 ms
