2023-06-22 16:21:31,195 TRACE sn.kiwi.apiwebsms.controllers.SignatureController [http-nio-8400-exec-1] Start to Create Signature
2023-06-22 16:21:31,196 TRACE sn.kiwi.apiwebsms.controllers.SignatureController [http-nio-8400-exec-1] createSignature, userId:1, customerId: 1,login: admin clientId: orangesn, urlBackend: /customer/SignatureController.php, ACTION: INSERT
2023-06-22 16:21:31,593 TRACE sn.kiwi.apiwebsms.controllers.SignatureController [http-nio-8400-exec-1] response body: {"rc":"-1","error":"Cette signature existe d\u00e9j\u00e0 ou est dans la corbeille"}
2023-06-22 16:21:31,593 TRACE sn.kiwi.apiwebsms.controllers.SignatureController [http-nio-8400-exec-1] Signature already exists
2023-06-22 16:22:18,532 TRACE sn.kiwi.apiwebsms.controllers.SignatureController [http-nio-8400-exec-5] Start to Create Signature
2023-06-22 16:22:18,532 TRACE sn.kiwi.apiwebsms.controllers.SignatureController [http-nio-8400-exec-5] createSignature, userId:1, customerId: 1,login: admin clientId: orangesn, urlBackend: /customer/SignatureController.php, ACTION: INSERT
2023-06-22 16:22:19,016 TRACE sn.kiwi.apiwebsms.controllers.SignatureController [http-nio-8400-exec-5] response body: {"rc":"-1","error":"Cette signature existe d\u00e9j\u00e0 ou est dans la corbeille"}
2023-06-22 16:22:19,016 TRACE sn.kiwi.apiwebsms.controllers.SignatureController [http-nio-8400-exec-5] Signature already exists
2023-06-22 16:22:27,750 INFO org.springframework.orm.jpa.AbstractEntityManagerFactoryBean [SpringApplicationShutdownHook] Closing JPA EntityManagerFactory for persistence unit 'default'
2023-06-22 16:22:27,755 INFO com.zaxxer.hikari.HikariDataSource [SpringApplicationShutdownHook] HikariPool-1 - Shutdown initiated...
2023-06-22 16:22:27,761 INFO com.zaxxer.hikari.HikariDataSource [SpringApplicationShutdownHook] HikariPool-1 - Shutdown completed.
2023-06-22 16:22:33,109 INFO org.springframework.boot.StartupInfoLogger [restartedMain] Starting ApiWebsmsApplication using Java 11.0.17 on DESKTOP-7QP6LFN with PID 18916 (E:\KIWI\2SMOBILE\api-backend-websms\api-websms\target\classes started by User in E:\KIWI\2SMOBILE\api-backend-websms\api-websms)
2023-06-22 16:22:33,112 DEBUG org.springframework.boot.StartupInfoLogger [restartedMain] Running with Spring Boot v2.7.9, Spring v5.3.25
2023-06-22 16:22:33,113 INFO org.springframework.boot.SpringApplication [restartedMain] No active profile set, falling back to 1 default profile: "default"
2023-06-22 16:22:33,188 INFO org.springframework.boot.logging.DeferredLog [restartedMain] Devtools property defaults active! Set 'spring.devtools.add-properties' to 'false' to disable
2023-06-22 16:22:33,188 INFO org.springframework.boot.logging.DeferredLog [restartedMain] For additional web related logging consider setting the 'logging.level.web' property to 'DEBUG'
2023-06-22 16:22:34,147 INFO org.springframework.data.repository.config.RepositoryConfigurationDelegate [restartedMain] Bootstrapping Spring Data JPA repositories in DEFAULT mode.
2023-06-22 16:22:34,204 INFO org.springframework.data.repository.config.RepositoryConfigurationDelegate [restartedMain] Finished Spring Data repository scanning in 46 ms. Found 1 JPA repository interfaces.
2023-06-22 16:22:35,481 INFO org.springframework.boot.web.embedded.tomcat.TomcatWebServer [restartedMain] Tomcat initialized with port(s): 8400 (http)
2023-06-22 16:22:35,492 INFO org.apache.juli.logging.DirectJDKLog [restartedMain] Initializing ProtocolHandler ["http-nio-8400"]
2023-06-22 16:22:35,493 INFO org.apache.juli.logging.DirectJDKLog [restartedMain] Starting service [Tomcat]
2023-06-22 16:22:35,493 INFO org.apache.juli.logging.DirectJDKLog [restartedMain] Starting Servlet engine: [Apache Tomcat/9.0.71]
2023-06-22 16:22:35,621 INFO org.apache.juli.logging.DirectJDKLog [restartedMain] Initializing Spring embedded WebApplicationContext
2023-06-22 16:22:35,621 INFO org.springframework.boot.web.servlet.context.ServletWebServerApplicationContext [restartedMain] Root WebApplicationContext: initialization completed in 2432 ms
2023-06-22 16:22:35,911 INFO com.zaxxer.hikari.HikariDataSource [restartedMain] HikariPool-1 - Starting...
2023-06-22 16:22:36,126 INFO com.zaxxer.hikari.HikariDataSource [restartedMain] HikariPool-1 - Start completed.
2023-06-22 16:22:36,194 INFO org.hibernate.jpa.internal.util.LogHelper [restartedMain] HHH000204: Processing PersistenceUnitInfo [name: default]
2023-06-22 16:22:36,262 INFO org.hibernate.Version [restartedMain] HHH000412: Hibernate ORM core version 5.6.15.Final
2023-06-22 16:22:36,437 INFO org.hibernate.annotations.common.reflection.java.JavaReflectionManager [restartedMain] HCANN000001: Hibernate Commons Annotations {5.1.2.Final}
2023-06-22 16:22:36,555 INFO org.hibernate.dialect.Dialect [restartedMain] HHH000400: Using dialect: org.hibernate.dialect.MySQL5Dialect
2023-06-22 16:22:37,174 INFO org.hibernate.engine.transaction.jta.platform.internal.JtaPlatformInitiator [restartedMain] HHH000490: Using JtaPlatform implementation: [org.hibernate.engine.transaction.jta.platform.internal.NoJtaPlatform]
2023-06-22 16:22:37,185 INFO org.springframework.orm.jpa.AbstractEntityManagerFactoryBean [restartedMain] Initialized JPA EntityManagerFactory for persistence unit 'default'
2023-06-22 16:22:37,378 WARN org.springframework.boot.autoconfigure.orm.jpa.JpaBaseConfiguration$JpaWebConfiguration [restartedMain] spring.jpa.open-in-view is enabled by default. Therefore, database queries may be performed during view rendering. Explicitly configure spring.jpa.open-in-view to disable this warning
2023-06-22 16:22:38,050 WARN org.springframework.security.oauth2.provider.token.store.JwtAccessTokenConverter [restartedMain] Unable to create an RSA verifier from verifierKey (ignoreable if using MAC)
2023-06-22 16:22:38,719 INFO org.springframework.security.web.DefaultSecurityFilterChain [restartedMain] Will secure Or [Ant [pattern='/oauth/token'], Ant [pattern='/oauth/token_key'], Ant [pattern='/oauth/check_token']] with [org.springframework.security.web.session.DisableEncodeUrlFilter@41f8c350, org.springframework.security.web.context.request.async.WebAsyncManagerIntegrationFilter@7277595f, org.springframework.security.web.context.SecurityContextPersistenceFilter@50a5ed3c, org.springframework.security.web.header.HeaderWriterFilter@695104e8, org.springframework.security.web.authentication.logout.LogoutFilter@3a979df8, org.springframework.security.web.authentication.www.BasicAuthenticationFilter@377a1e03, org.springframework.security.web.savedrequest.RequestCacheAwareFilter@a373431, org.springframework.security.web.servletapi.SecurityContextHolderAwareRequestFilter@975a3a7, org.springframework.security.web.authentication.AnonymousAuthenticationFilter@193edabb, org.springframework.security.web.session.SessionManagementFilter@55a2df5a, org.springframework.security.web.access.ExceptionTranslationFilter@1b1e413d, org.springframework.security.web.access.intercept.FilterSecurityInterceptor@41350a8f]
2023-06-22 16:22:38,736 INFO org.springframework.security.web.DefaultSecurityFilterChain [restartedMain] Will secure Ant [pattern='/**'] with [org.springframework.security.web.session.DisableEncodeUrlFilter@5bf1ed7f, org.springframework.security.web.context.request.async.WebAsyncManagerIntegrationFilter@3497c07e, org.springframework.security.web.context.SecurityContextPersistenceFilter@451c895, org.springframework.security.web.header.HeaderWriterFilter@41b9987d, org.springframework.security.web.authentication.logout.LogoutFilter@634f9a36, org.springframework.security.oauth2.provider.authentication.OAuth2AuthenticationProcessingFilter@2497b473, org.springframework.security.web.savedrequest.RequestCacheAwareFilter@7a431e28, org.springframework.security.web.servletapi.SecurityContextHolderAwareRequestFilter@77341b6d, org.springframework.security.web.authentication.AnonymousAuthenticationFilter@49860c92, org.springframework.security.web.session.SessionManagementFilter@3155e5ef, org.springframework.security.web.access.ExceptionTranslationFilter@38f8d28d, org.springframework.security.web.access.intercept.FilterSecurityInterceptor@56d72b38]
2023-06-22 16:22:38,740 INFO org.springframework.security.web.DefaultSecurityFilterChain [restartedMain] Will secure any request with [org.springframework.security.web.session.DisableEncodeUrlFilter@6e1dc0f2, org.springframework.security.web.context.request.async.WebAsyncManagerIntegrationFilter@3d681806, org.springframework.security.web.context.SecurityContextPersistenceFilter@6f3092f9, org.springframework.security.web.header.HeaderWriterFilter@32e2180, org.springframework.security.web.authentication.logout.LogoutFilter@6c1de050, org.springframework.security.web.savedrequest.RequestCacheAwareFilter@2c2e0570, org.springframework.security.web.servletapi.SecurityContextHolderAwareRequestFilter@5e7e1354, org.springframework.security.web.authentication.AnonymousAuthenticationFilter@e896b5e, org.springframework.security.web.session.SessionManagementFilter@36adeb61, org.springframework.security.web.access.ExceptionTranslationFilter@63e40728, org.springframework.security.web.access.intercept.FilterSecurityInterceptor@11a5cec]
2023-06-22 16:22:40,845 WARN org.springframework.boot.devtools.autoconfigure.OptionalLiveReloadServer [restartedMain] Unable to start LiveReload server
2023-06-22 16:22:40,880 INFO org.apache.juli.logging.DirectJDKLog [restartedMain] Starting ProtocolHandler ["http-nio-8400"]
2023-06-22 16:22:40,907 INFO org.springframework.boot.web.embedded.tomcat.TomcatWebServer [restartedMain] Tomcat started on port(s): 8400 (http) with context path ''
2023-06-22 16:22:40,922 INFO org.springframework.boot.StartupInfoLogger [restartedMain] Started ApiWebsmsApplication in 8.479 seconds (JVM running for 9.172)
2023-06-22 16:27:05,102 INFO org.apache.juli.logging.DirectJDKLog [http-nio-8400-exec-1] Initializing Spring DispatcherServlet 'dispatcherServlet'
2023-06-22 16:27:05,104 INFO org.springframework.web.servlet.FrameworkServlet [http-nio-8400-exec-1] Initializing Servlet 'dispatcherServlet'
2023-06-22 16:27:05,105 INFO org.springframework.web.servlet.FrameworkServlet [http-nio-8400-exec-1] Completed initialization in 1 ms
2023-06-22 16:27:05,222 TRACE sn.kiwi.apiwebsms.controllers.SignatureController [http-nio-8400-exec-1] ************************** Start to Create Signature ************************************
2023-06-22 16:27:05,227 TRACE sn.kiwi.apiwebsms.controllers.SignatureController [http-nio-8400-exec-1]ppppppppppppppppppppppppppppppp createSignature, userId:1, customerId: 1,login: admin clientId: orangesn, urlBackend: /customer/SignatureController.php, ACTION: INSERT
2023-06-22 16:27:05,688 TRACE sn.kiwi.apiwebsms.controllers.SignatureController [http-nio-8400-exec-1] response body: {"rc":"-1","error":"Cette signature existe d\u00e9j\u00e0 ou est dans la corbeille"}
2023-06-22 16:27:05,688 TRACE sn.kiwi.apiwebsms.controllers.SignatureController [http-nio-8400-exec-1] Signature already exists
2023-06-22 16:27:05,689 TRACE sn.kiwi.apiwebsms.controllers.SignatureController [http-nio-8400-exec-1] ************************** End to Create Signature ************************************
2023-06-22 16:46:09,604 TRACE sn.kiwi.apiwebsms.controllers.SignatureController [http-nio-8400-exec-5] Start to Create Signature
2023-06-22 16:46:09,618 TRACE sn.kiwi.apiwebsms.controllers.SignatureController [http-nio-8400-exec-5] createSignature, userId:1, login: admin, clientId: orangesn, urlBackend: /customer/SignatureController.php, ACTION: REMOVE
2023-06-22 16:46:10,077 TRACE sn.kiwi.apiwebsms.controllers.SignatureController [http-nio-8400-exec-5] signatureId
2023-06-22 16:46:10,371 TRACE sn.kiwi.apiwebsms.controllers.SignatureController [http-nio-8400-exec-5] End Signature deleted
2023-06-22 16:46:10,372 TRACE sn.kiwi.apiwebsms.controllers.SignatureController [http-nio-8400-exec-5] End to delete Signature
2023-06-22 16:47:01,437 INFO org.springframework.orm.jpa.AbstractEntityManagerFactoryBean [SpringApplicationShutdownHook] Closing JPA EntityManagerFactory for persistence unit 'default'
2023-06-22 16:47:01,442 INFO com.zaxxer.hikari.HikariDataSource [SpringApplicationShutdownHook] HikariPool-1 - Shutdown initiated...
2023-06-22 16:47:01,464 INFO com.zaxxer.hikari.HikariDataSource [SpringApplicationShutdownHook] HikariPool-1 - Shutdown completed.
2023-06-22 16:47:11,191 INFO org.springframework.boot.StartupInfoLogger [restartedMain] Starting ApiWebsmsApplication using Java 11.0.17 on DESKTOP-7QP6LFN with PID 20572 (E:\KIWI\2SMOBILE\api-backend-websms\api-websms\target\classes started by User in E:\KIWI\2SMOBILE\api-backend-websms\api-websms)
2023-06-22 16:47:11,194 DEBUG org.springframework.boot.StartupInfoLogger [restartedMain] Running with Spring Boot v2.7.9, Spring v5.3.25
2023-06-22 16:47:11,196 INFO org.springframework.boot.SpringApplication [restartedMain] No active profile set, falling back to 1 default profile: "default"
2023-06-22 16:47:11,369 INFO org.springframework.boot.logging.DeferredLog [restartedMain] Devtools property defaults active! Set 'spring.devtools.add-properties' to 'false' to disable
2023-06-22 16:47:11,370 INFO org.springframework.boot.logging.DeferredLog [restartedMain] For additional web related logging consider setting the 'logging.level.web' property to 'DEBUG'
2023-06-22 16:47:13,455 INFO org.springframework.data.repository.config.RepositoryConfigurationDelegate [restartedMain] Bootstrapping Spring Data JPA repositories in DEFAULT mode.
2023-06-22 16:47:13,566 INFO org.springframework.data.repository.config.RepositoryConfigurationDelegate [restartedMain] Finished Spring Data repository scanning in 94 ms. Found 1 JPA repository interfaces.
2023-06-22 16:47:16,038 INFO org.springframework.boot.web.embedded.tomcat.TomcatWebServer [restartedMain] Tomcat initialized with port(s): 8400 (http)
2023-06-22 16:47:16,056 INFO org.apache.juli.logging.DirectJDKLog [restartedMain] Initializing ProtocolHandler ["http-nio-8400"]
2023-06-22 16:47:16,057 INFO org.apache.juli.logging.DirectJDKLog [restartedMain] Starting service [Tomcat]
2023-06-22 16:47:16,058 INFO org.apache.juli.logging.DirectJDKLog [restartedMain] Starting Servlet engine: [Apache Tomcat/9.0.71]
2023-06-22 16:47:16,332 INFO org.apache.juli.logging.DirectJDKLog [restartedMain] Initializing Spring embedded WebApplicationContext
2023-06-22 16:47:16,333 INFO org.springframework.boot.web.servlet.context.ServletWebServerApplicationContext [restartedMain] Root WebApplicationContext: initialization completed in 4961 ms
2023-06-22 16:47:16,868 INFO com.zaxxer.hikari.HikariDataSource [restartedMain] HikariPool-1 - Starting...
2023-06-22 16:47:17,297 INFO com.zaxxer.hikari.HikariDataSource [restartedMain] HikariPool-1 - Start completed.
2023-06-22 16:47:17,483 INFO org.hibernate.jpa.internal.util.LogHelper [restartedMain] HHH000204: Processing PersistenceUnitInfo [name: default]
2023-06-22 16:47:17,593 INFO org.hibernate.Version [restartedMain] HHH000412: Hibernate ORM core version 5.6.15.Final
2023-06-22 16:47:17,897 INFO org.hibernate.annotations.common.reflection.java.JavaReflectionManager [restartedMain] HCANN000001: Hibernate Commons Annotations {5.1.2.Final}
2023-06-22 16:47:18,138 INFO org.hibernate.dialect.Dialect [restartedMain] HHH000400: Using dialect: org.hibernate.dialect.MySQL5Dialect
2023-06-22 16:47:19,143 INFO org.hibernate.engine.transaction.jta.platform.internal.JtaPlatformInitiator [restartedMain] HHH000490: Using JtaPlatform implementation: [org.hibernate.engine.transaction.jta.platform.internal.NoJtaPlatform]
2023-06-22 16:47:19,167 INFO org.springframework.orm.jpa.AbstractEntityManagerFactoryBean [restartedMain] Initialized JPA EntityManagerFactory for persistence unit 'default'
2023-06-22 16:47:19,543 WARN org.springframework.boot.autoconfigure.orm.jpa.JpaBaseConfiguration$JpaWebConfiguration [restartedMain] spring.jpa.open-in-view is enabled by default. Therefore, database queries may be performed during view rendering. Explicitly configure spring.jpa.open-in-view to disable this warning
2023-06-22 16:47:20,637 WARN org.springframework.security.oauth2.provider.token.store.JwtAccessTokenConverter [restartedMain] Unable to create an RSA verifier from verifierKey (ignoreable if using MAC)
2023-06-22 16:47:21,559 INFO org.springframework.security.web.DefaultSecurityFilterChain [restartedMain] Will secure Or [Ant [pattern='/oauth/token'], Ant [pattern='/oauth/token_key'], Ant [pattern='/oauth/check_token']] with [org.springframework.security.web.session.DisableEncodeUrlFilter@3dba0584, org.springframework.security.web.context.request.async.WebAsyncManagerIntegrationFilter@6fb1bf5c, org.springframework.security.web.context.SecurityContextPersistenceFilter@2f675a31, org.springframework.security.web.header.HeaderWriterFilter@107d3946, org.springframework.security.web.authentication.logout.LogoutFilter@67b79023, org.springframework.security.web.authentication.www.BasicAuthenticationFilter@10c5c175, org.springframework.security.web.savedrequest.RequestCacheAwareFilter@7193b420, org.springframework.security.web.servletapi.SecurityContextHolderAwareRequestFilter@6da82ace, org.springframework.security.web.authentication.AnonymousAuthenticationFilter@56fa828c, org.springframework.security.web.session.SessionManagementFilter@28f0d682, org.springframework.security.web.access.ExceptionTranslationFilter@12b312f, org.springframework.security.web.access.intercept.FilterSecurityInterceptor@43c0ef1d]
2023-06-22 16:47:21,581 INFO org.springframework.security.web.DefaultSecurityFilterChain [restartedMain] Will secure Ant [pattern='/**'] with [org.springframework.security.web.session.DisableEncodeUrlFilter@485241f0, org.springframework.security.web.context.request.async.WebAsyncManagerIntegrationFilter@15a39094, org.springframework.security.web.context.SecurityContextPersistenceFilter@76526730, org.springframework.security.web.header.HeaderWriterFilter@74b59e25, org.springframework.security.web.authentication.logout.LogoutFilter@3685064b, org.springframework.security.oauth2.provider.authentication.OAuth2AuthenticationProcessingFilter@1b48e08, org.springframework.security.web.savedrequest.RequestCacheAwareFilter@78702056, org.springframework.security.web.servletapi.SecurityContextHolderAwareRequestFilter@206ccdcb, org.springframework.security.web.authentication.AnonymousAuthenticationFilter@4065cfc7, org.springframework.security.web.session.SessionManagementFilter@87f6d66, org.springframework.security.web.access.ExceptionTranslationFilter@3bc6ad49, org.springframework.security.web.access.intercept.FilterSecurityInterceptor@2f51dedb]
2023-06-22 16:47:21,586 INFO org.springframework.security.web.DefaultSecurityFilterChain [restartedMain] Will secure any request with [org.springframework.security.web.session.DisableEncodeUrlFilter@56e12ebd, org.springframework.security.web.context.request.async.WebAsyncManagerIntegrationFilter@787a94cb, org.springframework.security.web.context.SecurityContextPersistenceFilter@24599f81, org.springframework.security.web.header.HeaderWriterFilter@7b397472, org.springframework.security.web.authentication.logout.LogoutFilter@21c17359, org.springframework.security.web.savedrequest.RequestCacheAwareFilter@40318eff, org.springframework.security.web.servletapi.SecurityContextHolderAwareRequestFilter@701bf86f, org.springframework.security.web.authentication.AnonymousAuthenticationFilter@73db0182, org.springframework.security.web.session.SessionManagementFilter@692a0092, org.springframework.security.web.access.ExceptionTranslationFilter@5fc7697c, org.springframework.security.web.access.intercept.FilterSecurityInterceptor@74eafbfc]
2023-06-22 16:47:24,690 WARN org.springframework.boot.devtools.autoconfigure.OptionalLiveReloadServer [restartedMain] Unable to start LiveReload server
2023-06-22 16:47:24,727 INFO org.apache.juli.logging.DirectJDKLog [restartedMain] Starting ProtocolHandler ["http-nio-8400"]
2023-06-22 16:47:24,770 INFO org.springframework.boot.web.embedded.tomcat.TomcatWebServer [restartedMain] Tomcat started on port(s): 8400 (http) with context path ''
2023-06-22 16:47:24,792 INFO org.springframework.boot.StartupInfoLogger [restartedMain] Started ApiWebsmsApplication in 14.862 seconds (JVM running for 16.327)
2023-06-22 16:47:50,198 INFO org.apache.juli.logging.DirectJDKLog [http-nio-8400-exec-1] Initializing Spring DispatcherServlet 'dispatcherServlet'
2023-06-22 16:47:50,200 INFO org.springframework.web.servlet.FrameworkServlet [http-nio-8400-exec-1] Initializing Servlet 'dispatcherServlet'
2023-06-22 16:47:50,204 INFO org.springframework.web.servlet.FrameworkServlet [http-nio-8400-exec-1] Completed initialization in 3 ms
2023-06-22 16:47:50,395 TRACE sn.kiwi.apiwebsms.controllers.SignatureController [http-nio-8400-exec-1] ************************** Start to delete Signature ************************************
2023-06-22 16:47:50,411 TRACE sn.kiwi.apiwebsms.controllers.SignatureController [http-nio-8400-exec-1] deleteSignature, userId:1, login: admin, clientId: orangesn, urlBackend: /customer/SignatureController.php, ACTION: REMOVE
2023-06-22 16:47:51,091 TRACE sn.kiwi.apiwebsms.controllers.SignatureController [http-nio-8400-exec-1] signatureId
2023-06-22 16:47:51,536 TRACE sn.kiwi.apiwebsms.controllers.SignatureController [http-nio-8400-exec-1] Signature was successfully deleted
2023-06-22 16:47:51,536 TRACE sn.kiwi.apiwebsms.controllers.SignatureController [http-nio-8400-exec-1] ************************** End to Delete Signature ************************************
2023-06-22 22:07:49,465 WARN com.zaxxer.hikari.pool.HikariPool$HouseKeeper [HikariPool-1 housekeeper] HikariPool-1 - Thread starvation or clock leap detected (housekeeper delta=5h14m42s485ms310µs800ns).
