2023-03-28 12:46:58,241 INFO org.springframework.boot.StartupInfoLogger [main] Starting ApiWebsmsApplication using Java 11.0.17 on DESKTOP-7QP6LFN with PID 17608 (E:\KIWI\2SMOBILE\api-backend-websms\api-websms\target\classes started by User in E:\KIWI\2SMOBILE\api-backend-websms\api-websms)
2023-03-28 12:46:58,247 DEBUG org.springframework.boot.StartupInfoLogger [main] Running with Spring Boot v2.7.9, Spring v5.3.25
2023-03-28 12:46:58,248 INFO org.springframework.boot.SpringApplication [main] No active profile set, falling back to 1 default profile: "default"
2023-03-28 12:46:59,907 INFO org.springframework.boot.web.embedded.tomcat.TomcatWebServer [main] Tomcat initialized with port(s): 8400 (http)
2023-03-28 12:46:59,917 INFO org.apache.juli.logging.DirectJDKLog [main] Initializing ProtocolHandler ["http-nio-8400"]
2023-03-28 12:46:59,917 INFO org.apache.juli.logging.DirectJDKLog [main] Starting service [Tomcat]
2023-03-28 12:46:59,918 INFO org.apache.juli.logging.DirectJDKLog [main] Starting Servlet engine: [Apache Tomcat/9.0.71]
2023-03-28 12:47:00,082 INFO org.apache.juli.logging.DirectJDKLog [main] Initializing Spring embedded WebApplicationContext
2023-03-28 12:47:00,083 INFO org.springframework.boot.web.servlet.context.ServletWebServerApplicationContext [main] Root WebApplicationContext: initialization completed in 1763 ms
2023-03-28 12:47:00,842 INFO org.springframework.security.web.DefaultSecurityFilterChain [main] Will secure any request with [org.springframework.security.web.session.DisableEncodeUrlFilter@2a87ba34, org.springframework.security.web.context.request.async.WebAsyncManagerIntegrationFilter@34d480b9, org.springframework.security.web.context.SecurityContextPersistenceFilter@7bee8621, org.springframework.security.web.header.HeaderWriterFilter@160e99e0, org.springframework.security.web.authentication.logout.LogoutFilter@1d6751e3, org.springframework.security.oauth2.server.resource.web.BearerTokenAuthenticationFilter@629e8212, org.springframework.security.web.authentication.www.BasicAuthenticationFilter@65c17e38, org.springframework.security.web.savedrequest.RequestCacheAwareFilter@6f9ab79d, org.springframework.security.web.servletapi.SecurityContextHolderAwareRequestFilter@64ae105d, org.springframework.security.web.authentication.AnonymousAuthenticationFilter@6b415f5f, org.springframework.security.web.session.SessionManagementFilter@2ce03e86, org.springframework.security.web.access.ExceptionTranslationFilter@50085d9c, org.springframework.security.web.access.intercept.FilterSecurityInterceptor@67d4c48d]
2023-03-28 12:47:03,071 INFO org.apache.juli.logging.DirectJDKLog [main] Starting ProtocolHandler ["http-nio-8400"]
2023-03-28 12:47:03,091 INFO org.springframework.boot.web.embedded.tomcat.TomcatWebServer [main] Tomcat started on port(s): 8400 (http) with context path ''
2023-03-28 12:47:03,101 INFO org.springframework.boot.StartupInfoLogger [main] Started ApiWebsmsApplication in 5.502 seconds (JVM running for 6.138)
2023-03-28 12:47:04,260 INFO org.apache.juli.logging.DirectJDKLog [http-nio-8400-exec-1] Initializing Spring DispatcherServlet 'dispatcherServlet'
2023-03-28 12:47:04,262 INFO org.springframework.web.servlet.FrameworkServlet [http-nio-8400-exec-1] Initializing Servlet 'dispatcherServlet'
2023-03-28 12:47:04,263 INFO org.springframework.web.servlet.FrameworkServlet [http-nio-8400-exec-1] Completed initialization in 1 ms
2023-03-28 12:47:05,121 INFO org.springdoc.api.AbstractOpenApiResource [http-nio-8400-exec-9] Init duration for springdoc-openapi is: 362 ms
2023-03-28 17:40:03,205 INFO org.springframework.boot.StartupInfoLogger [main] Starting ApiWebsmsApplication using Java 11.0.17 on DESKTOP-7QP6LFN with PID 15228 (E:\KIWI\2SMOBILE\api-backend-websms\api-websms\target\classes started by User in E:\KIWI\2SMOBILE\api-backend-websms\api-websms)
2023-03-28 17:40:03,215 DEBUG org.springframework.boot.StartupInfoLogger [main] Running with Spring Boot v2.7.9, Spring v5.3.25
2023-03-28 17:40:03,221 INFO org.springframework.boot.SpringApplication [main] No active profile set, falling back to 1 default profile: "default"
2023-03-28 17:40:09,859 INFO org.springframework.boot.web.embedded.tomcat.TomcatWebServer [main] Tomcat initialized with port(s): 8400 (http)
2023-03-28 17:40:09,917 INFO org.apache.juli.logging.DirectJDKLog [main] Initializing ProtocolHandler ["http-nio-8400"]
2023-03-28 17:40:09,920 INFO org.apache.juli.logging.DirectJDKLog [main] Starting service [Tomcat]
2023-03-28 17:40:09,922 INFO org.apache.juli.logging.DirectJDKLog [main] Starting Servlet engine: [Apache Tomcat/9.0.71]
2023-03-28 17:40:10,716 INFO org.apache.juli.logging.DirectJDKLog [main] Initializing Spring embedded WebApplicationContext
2023-03-28 17:40:10,717 INFO org.springframework.boot.web.servlet.context.ServletWebServerApplicationContext [main] Root WebApplicationContext: initialization completed in 7295 ms
2023-03-28 17:40:13,370 INFO org.springframework.security.web.DefaultSecurityFilterChain [main] Will secure any request with [org.springframework.security.web.session.DisableEncodeUrlFilter@30bbcf91, org.springframework.security.web.context.request.async.WebAsyncManagerIntegrationFilter@3ca14cf4, org.springframework.security.web.context.SecurityContextPersistenceFilter@733e6df7, org.springframework.security.web.header.HeaderWriterFilter@76f2dad9, org.springframework.security.web.authentication.logout.LogoutFilter@4c731956, org.springframework.security.oauth2.server.resource.web.BearerTokenAuthenticationFilter@7135ce0a, org.springframework.security.web.authentication.www.BasicAuthenticationFilter@413d2cd1, org.springframework.security.web.savedrequest.RequestCacheAwareFilter@4ef4f627, org.springframework.security.web.servletapi.SecurityContextHolderAwareRequestFilter@4ea56bdb, org.springframework.security.web.authentication.AnonymousAuthenticationFilter@1f4f0fcc, org.springframework.security.web.session.SessionManagementFilter@4a058df8, org.springframework.security.web.access.ExceptionTranslationFilter@794f11cd, org.springframework.security.web.access.intercept.FilterSecurityInterceptor@15986dd5]
2023-03-28 17:40:19,010 INFO org.apache.juli.logging.DirectJDKLog [main] Starting ProtocolHandler ["http-nio-8400"]
2023-03-28 17:40:19,098 INFO org.springframework.boot.web.embedded.tomcat.TomcatWebServer [main] Tomcat started on port(s): 8400 (http) with context path ''
2023-03-28 17:40:19,136 INFO org.springframework.boot.StartupInfoLogger [main] Started ApiWebsmsApplication in 17.592 seconds (JVM running for 18.943)
2023-03-28 18:07:45,236 INFO org.apache.juli.logging.DirectJDKLog [http-nio-8400-exec-2] Initializing Spring DispatcherServlet 'dispatcherServlet'
2023-03-28 18:07:45,238 INFO org.springframework.web.servlet.FrameworkServlet [http-nio-8400-exec-2] Initializing Servlet 'dispatcherServlet'
2023-03-28 18:07:45,242 INFO org.springframework.web.servlet.FrameworkServlet [http-nio-8400-exec-2] Completed initialization in 4 ms
2023-03-28 18:13:34,187 INFO org.springdoc.api.AbstractOpenApiResource [http-nio-8400-exec-6] Init duration for springdoc-openapi is: 639 ms
