2023-06-19 17:38:23,376 TRACE sn.kiwi.apiwebsms.controllers.SignatureController [http-nio-8400-exec-8] Ceci est un test
2023-06-19 17:38:23,388 ERROR org.apache.juli.logging.DirectJDKLog [http-nio-8400-exec-8] Servlet.service() for servlet [dispatcherServlet] in context with path [] threw exception [Request processing failed; nested exception is org.springframework.web.client.HttpClientErrorException$NotFound: 404 Not Found: "<?xml version="1.0" encoding="UTF-8"?><EOL><EOL><!DOCTYPE html PUBLIC "-//W3C//DTD XHTML 1.0 Strict//EN"<EOL><EOL>  "http://www.w3.org/TR/xhtml1/DTD/xhtml1-strict.dtd"><EOL><EOL><html xmlns="http://www.w3.org/1999/xhtml" lang="en" xml:lang="en"><EOL><EOL><head><EOL><EOL><title>Object not found!</title><EOL><EOL><link rev="made" href="mailto:postmaster@localhost" /><EOL><EOL><style type="text/css"><!--/*--><![CDATA[/*><!--*/ <EOL><EOL>    body { color: #000000; background-color: #FFFFFF; }<EOL><EOL>    a:link { color: #0000CC; }<EOL><EOL>    p, address {margin-left: 3em;}<EOL><EOL>    span {font-size: smaller;}<EOL><EOL>/*]]>*/--></style><EOL><EOL></head><EOL><EOL><EOL><EOL><body><EOL><EOL><h1>Object not found!</h1><EOL><EOL><p><EOL><EOL><EOL><EOL><EOL><EOL>    The requested URL was not found on this server.<EOL><EOL><EOL><EOL>  <EOL><EOL><EOL><EOL>    If you entered the URL manually please check your<EOL><EOL>    spelling and try again.<EOL><EOL><EOL><EOL>  <EOL><EOL><EOL><EOL></p><EOL><EOL><p><EOL><EOL>If you think this is a server error, please contact<EOL><EOL>the <a href="mailto:postmaster@localhost">webmaster</a>.<EOL><EOL><EOL><EOL></p><EOL><EOL><EOL><EOL><h2>Error 404</h2><EOL><EOL><address><EOL><EOL>  <a href="/">localhost</a><br /><EOL><EOL>  <span>Apache/2.4.27 (Win32) OpenSSL/1.0.2l PHP/7.1.8</span><EOL><EOL></address><EOL><EOL></body><EOL><EOL></html><EOL><EOL><EOL><EOL>"] with root cause
org.springframework.web.client.HttpClientErrorException$NotFound: 404 Not Found: "<?xml version="1.0" encoding="UTF-8"?><EOL><EOL><!DOCTYPE html PUBLIC "-//W3C//DTD XHTML 1.0 Strict//EN"<EOL><EOL>  "http://www.w3.org/TR/xhtml1/DTD/xhtml1-strict.dtd"><EOL><EOL><html xmlns="http://www.w3.org/1999/xhtml" lang="en" xml:lang="en"><EOL><EOL><head><EOL><EOL><title>Object not found!</title><EOL><EOL><link rev="made" href="mailto:postmaster@localhost" /><EOL><EOL><style type="text/css"><!--/*--><![CDATA[/*><!--*/ <EOL><EOL>    body { color: #000000; background-color: #FFFFFF; }<EOL><EOL>    a:link { color: #0000CC; }<EOL><EOL>    p, address {margin-left: 3em;}<EOL><EOL>    span {font-size: smaller;}<EOL><EOL>/*]]>*/--></style><EOL><EOL></head><EOL><EOL><EOL><EOL><body><EOL><EOL><h1>Object not found!</h1><EOL><EOL><p><EOL><EOL><EOL><EOL><EOL><EOL>    The requested URL was not found on this server.<EOL><EOL><EOL><EOL>  <EOL><EOL><EOL><EOL>    If you entered the URL manually please check your<EOL><EOL>    spelling and try again.<EOL><EOL><EOL><EOL>  <EOL><EOL><EOL><EOL></p><EOL><EOL><p><EOL><EOL>If you think this is a server error, please contact<EOL><EOL>the <a href="mailto:postmaster@localhost">webmaster</a>.<EOL><EOL><EOL><EOL></p><EOL><EOL><EOL><EOL><h2>Error 404</h2><EOL><EOL><address><EOL><EOL>  <a href="/">localhost</a><br /><EOL><EOL>  <span>Apache/2.4.27 (Win32) OpenSSL/1.0.2l PHP/7.1.8</span><EOL><EOL></address><EOL><EOL></body><EOL><EOL></html><EOL><EOL><EOL><EOL>"
	at org.springframework.web.client.HttpClientErrorException.create(HttpClientErrorException.java:113)
	at org.springframework.web.client.DefaultResponseErrorHandler.handleError(DefaultResponseErrorHandler.java:168)
	at org.springframework.web.client.DefaultResponseErrorHandler.handleError(DefaultResponseErrorHandler.java:122)
	at org.springframework.web.client.ResponseErrorHandler.handleError(ResponseErrorHandler.java:63)
	at org.springframework.web.client.RestTemplate.handleResponse(RestTemplate.java:825)
	at org.springframework.web.client.RestTemplate.doExecute(RestTemplate.java:783)
	at org.springframework.web.client.RestTemplate.execute(RestTemplate.java:717)
	at org.springframework.web.client.RestTemplate.exchange(RestTemplate.java:608)
	at sn.kiwi.apiwebsms.common.Common.setPartnerCookies(Common.java:56)
	at sn.kiwi.apiwebsms.common.Common.setUserCookies(Common.java:19)
	at sn.kiwi.apiwebsms.controllers.SignatureController.getAllSignatures(SignatureController.java:53)
	at java.base/jdk.internal.reflect.NativeMethodAccessorImpl.invoke0(Native Method)
	at java.base/jdk.internal.reflect.NativeMethodAccessorImpl.invoke(NativeMethodAccessorImpl.java:62)
	at java.base/jdk.internal.reflect.DelegatingMethodAccessorImpl.invoke(DelegatingMethodAccessorImpl.java:43)
	at java.base/java.lang.reflect.Method.invoke(Method.java:566)
	at org.springframework.web.method.support.InvocableHandlerMethod.doInvoke(InvocableHandlerMethod.java:205)
	at org.springframework.web.method.support.InvocableHandlerMethod.invokeForRequest(InvocableHandlerMethod.java:150)
	at org.springframework.web.servlet.mvc.method.annotation.ServletInvocableHandlerMethod.invokeAndHandle(ServletInvocableHandlerMethod.java:117)
	at org.springframework.web.servlet.mvc.method.annotation.RequestMappingHandlerAdapter.invokeHandlerMethod(RequestMappingHandlerAdapter.java:895)
	at org.springframework.web.servlet.mvc.method.annotation.RequestMappingHandlerAdapter.handleInternal(RequestMappingHandlerAdapter.java:808)
	at org.springframework.web.servlet.mvc.method.AbstractHandlerMethodAdapter.handle(AbstractHandlerMethodAdapter.java:87)
	at org.springframework.web.servlet.DispatcherServlet.doDispatch(DispatcherServlet.java:1071)
	at org.springframework.web.servlet.DispatcherServlet.doService(DispatcherServlet.java:964)
	at org.springframework.web.servlet.FrameworkServlet.processRequest(FrameworkServlet.java:1006)
	at org.springframework.web.servlet.FrameworkServlet.doGet(FrameworkServlet.java:898)
	at javax.servlet.http.HttpServlet.service(HttpServlet.java:670)
	at org.springframework.web.servlet.FrameworkServlet.service(FrameworkServlet.java:883)
	at javax.servlet.http.HttpServlet.service(HttpServlet.java:779)
	at org.apache.catalina.core.ApplicationFilterChain.internalDoFilter(ApplicationFilterChain.java:227)
	at org.apache.catalina.core.ApplicationFilterChain.doFilter(ApplicationFilterChain.java:162)
	at org.apache.tomcat.websocket.server.WsFilter.doFilter(WsFilter.java:53)
	at org.apache.catalina.core.ApplicationFilterChain.internalDoFilter(ApplicationFilterChain.java:189)
	at org.apache.catalina.core.ApplicationFilterChain.doFilter(ApplicationFilterChain.java:162)
	at org.springframework.security.web.FilterChainProxy$VirtualFilterChain.doFilter(FilterChainProxy.java:337)
	at org.springframework.security.web.access.intercept.FilterSecurityInterceptor.invoke(FilterSecurityInterceptor.java:115)
	at org.springframework.security.web.access.intercept.FilterSecurityInterceptor.doFilter(FilterSecurityInterceptor.java:81)
	at org.springframework.security.web.FilterChainProxy$VirtualFilterChain.doFilter(FilterChainProxy.java:346)
	at org.springframework.security.web.access.ExceptionTranslationFilter.doFilter(ExceptionTranslationFilter.java:122)
	at org.springframework.security.web.access.ExceptionTranslationFilter.doFilter(ExceptionTranslationFilter.java:116)
	at org.springframework.security.web.FilterChainProxy$VirtualFilterChain.doFilter(FilterChainProxy.java:346)
	at org.springframework.security.web.session.SessionManagementFilter.doFilter(SessionManagementFilter.java:126)
	at org.springframework.security.web.session.SessionManagementFilter.doFilter(SessionManagementFilter.java:81)
	at org.springframework.security.web.FilterChainProxy$VirtualFilterChain.doFilter(FilterChainProxy.java:346)
	at org.springframework.security.web.authentication.AnonymousAuthenticationFilter.doFilter(AnonymousAuthenticationFilter.java:109)
	at org.springframework.security.web.FilterChainProxy$VirtualFilterChain.doFilter(FilterChainProxy.java:346)
	at org.springframework.security.web.servletapi.SecurityContextHolderAwareRequestFilter.doFilter(SecurityContextHolderAwareRequestFilter.java:149)
	at org.springframework.security.web.FilterChainProxy$VirtualFilterChain.doFilter(FilterChainProxy.java:346)
	at org.springframework.security.web.savedrequest.RequestCacheAwareFilter.doFilter(RequestCacheAwareFilter.java:63)
	at org.springframework.security.web.FilterChainProxy$VirtualFilterChain.doFilter(FilterChainProxy.java:346)
	at org.springframework.security.web.authentication.www.BasicAuthenticationFilter.doFilterInternal(BasicAuthenticationFilter.java:166)
	at org.springframework.web.filter.OncePerRequestFilter.doFilter(OncePerRequestFilter.java:117)
	at org.springframework.security.web.FilterChainProxy$VirtualFilterChain.doFilter(FilterChainProxy.java:346)
	at org.springframework.security.oauth2.server.resource.web.BearerTokenAuthenticationFilter.doFilterInternal(BearerTokenAuthenticationFilter.java:142)
	at org.springframework.web.filter.OncePerRequestFilter.doFilter(OncePerRequestFilter.java:117)
	at org.springframework.security.web.FilterChainProxy$VirtualFilterChain.doFilter(FilterChainProxy.java:346)
	at org.springframework.security.web.authentication.logout.LogoutFilter.doFilter(LogoutFilter.java:103)
	at org.springframework.security.web.authentication.logout.LogoutFilter.doFilter(LogoutFilter.java:89)
	at org.springframework.security.web.FilterChainProxy$VirtualFilterChain.doFilter(FilterChainProxy.java:346)
	at org.springframework.security.web.header.HeaderWriterFilter.doHeadersAfter(HeaderWriterFilter.java:90)
	at org.springframework.security.web.header.HeaderWriterFilter.doFilterInternal(HeaderWriterFilter.java:75)
	at org.springframework.web.filter.OncePerRequestFilter.doFilter(OncePerRequestFilter.java:117)
	at org.springframework.security.web.FilterChainProxy$VirtualFilterChain.doFilter(FilterChainProxy.java:346)
	at org.springframework.security.web.context.SecurityContextPersistenceFilter.doFilter(SecurityContextPersistenceFilter.java:112)
	at org.springframework.security.web.context.SecurityContextPersistenceFilter.doFilter(SecurityContextPersistenceFilter.java:82)
	at org.springframework.security.web.FilterChainProxy$VirtualFilterChain.doFilter(FilterChainProxy.java:346)
	at org.springframework.security.web.context.request.async.WebAsyncManagerIntegrationFilter.doFilterInternal(WebAsyncManagerIntegrationFilter.java:55)
	at org.springframework.web.filter.OncePerRequestFilter.doFilter(OncePerRequestFilter.java:117)
	at org.springframework.security.web.FilterChainProxy$VirtualFilterChain.doFilter(FilterChainProxy.java:346)
	at org.springframework.security.web.session.DisableEncodeUrlFilter.doFilterInternal(DisableEncodeUrlFilter.java:42)
	at org.springframework.web.filter.OncePerRequestFilter.doFilter(OncePerRequestFilter.java:117)
	at org.springframework.security.web.FilterChainProxy$VirtualFilterChain.doFilter(FilterChainProxy.java:346)
	at org.springframework.security.web.FilterChainProxy.doFilterInternal(FilterChainProxy.java:221)
	at org.springframework.security.web.FilterChainProxy.doFilter(FilterChainProxy.java:186)
	at org.springframework.web.filter.DelegatingFilterProxy.invokeDelegate(DelegatingFilterProxy.java:354)
	at org.springframework.web.filter.DelegatingFilterProxy.doFilter(DelegatingFilterProxy.java:267)
	at org.apache.catalina.core.ApplicationFilterChain.internalDoFilter(ApplicationFilterChain.java:189)
	at org.apache.catalina.core.ApplicationFilterChain.doFilter(ApplicationFilterChain.java:162)
	at org.springframework.web.filter.RequestContextFilter.doFilterInternal(RequestContextFilter.java:100)
	at org.springframework.web.filter.OncePerRequestFilter.doFilter(OncePerRequestFilter.java:117)
	at org.apache.catalina.core.ApplicationFilterChain.internalDoFilter(ApplicationFilterChain.java:189)
	at org.apache.catalina.core.ApplicationFilterChain.doFilter(ApplicationFilterChain.java:162)
	at org.springframework.web.filter.FormContentFilter.doFilterInternal(FormContentFilter.java:93)
	at org.springframework.web.filter.OncePerRequestFilter.doFilter(OncePerRequestFilter.java:117)
	at org.apache.catalina.core.ApplicationFilterChain.internalDoFilter(ApplicationFilterChain.java:189)
	at org.apache.catalina.core.ApplicationFilterChain.doFilter(ApplicationFilterChain.java:162)
	at org.springframework.web.filter.CharacterEncodingFilter.doFilterInternal(CharacterEncodingFilter.java:201)
	at org.springframework.web.filter.OncePerRequestFilter.doFilter(OncePerRequestFilter.java:117)
	at org.apache.catalina.core.ApplicationFilterChain.internalDoFilter(ApplicationFilterChain.java:189)
	at org.apache.catalina.core.ApplicationFilterChain.doFilter(ApplicationFilterChain.java:162)
	at org.apache.catalina.core.StandardWrapperValve.invoke(StandardWrapperValve.java:177)
	at org.apache.catalina.core.StandardContextValve.invoke(StandardContextValve.java:97)
	at org.apache.catalina.authenticator.AuthenticatorBase.invoke(AuthenticatorBase.java:541)
	at org.apache.catalina.core.StandardHostValve.invoke(StandardHostValve.java:135)
	at org.apache.catalina.valves.ErrorReportValve.invoke(ErrorReportValve.java:92)
	at org.apache.catalina.core.StandardEngineValve.invoke(StandardEngineValve.java:78)
	at org.apache.catalina.connector.CoyoteAdapter.service(CoyoteAdapter.java:360)
	at org.apache.coyote.http11.Http11Processor.service(Http11Processor.java:399)
	at org.apache.coyote.AbstractProcessorLight.process(AbstractProcessorLight.java:65)
	at org.apache.coyote.AbstractProtocol$ConnectionHandler.process(AbstractProtocol.java:891)
	at org.apache.tomcat.util.net.NioEndpoint$SocketProcessor.doRun(NioEndpoint.java:1784)
	at org.apache.tomcat.util.net.SocketProcessorBase.run(SocketProcessorBase.java:49)
	at org.apache.tomcat.util.threads.ThreadPoolExecutor.runWorker(ThreadPoolExecutor.java:1191)
	at org.apache.tomcat.util.threads.ThreadPoolExecutor$Worker.run(ThreadPoolExecutor.java:659)
	at org.apache.tomcat.util.threads.TaskThread$WrappingRunnable.run(TaskThread.java:61)
	at java.base/java.lang.Thread.run(Thread.java:834)
2023-06-19 17:41:46,168 INFO org.springframework.boot.StartupInfoLogger [main] Starting ApiWebsmsApplication using Java 11.0.17 on DESKTOP-7QP6LFN with PID 7616 (E:\KIWI\2SMOBILE\api-backend-websms\api-websms\target\classes started by User in E:\KIWI\2SMOBILE\api-backend-websms\api-websms)
2023-06-19 17:41:46,174 DEBUG org.springframework.boot.StartupInfoLogger [main] Running with Spring Boot v2.7.9, Spring v5.3.25
2023-06-19 17:41:46,175 INFO org.springframework.boot.SpringApplication [main] No active profile set, falling back to 1 default profile: "default"
2023-06-19 17:41:48,860 INFO org.springframework.boot.web.embedded.tomcat.TomcatWebServer [main] Tomcat initialized with port(s): 8400 (http)
2023-06-19 17:41:48,874 INFO org.apache.juli.logging.DirectJDKLog [main] Initializing ProtocolHandler ["http-nio-8400"]
2023-06-19 17:41:48,875 INFO org.apache.juli.logging.DirectJDKLog [main] Starting service [Tomcat]
2023-06-19 17:41:48,875 INFO org.apache.juli.logging.DirectJDKLog [main] Starting Servlet engine: [Apache Tomcat/9.0.71]
2023-06-19 17:41:49,127 INFO org.apache.juli.logging.DirectJDKLog [main] Initializing Spring embedded WebApplicationContext
2023-06-19 17:41:49,127 INFO org.springframework.boot.web.servlet.context.ServletWebServerApplicationContext [main] Root WebApplicationContext: initialization completed in 2838 ms
2023-06-19 17:41:50,353 INFO org.springframework.security.web.DefaultSecurityFilterChain [main] Will secure any request with [org.springframework.security.web.session.DisableEncodeUrlFilter@16b3c905, org.springframework.security.web.context.request.async.WebAsyncManagerIntegrationFilter@49fdbe2b, org.springframework.security.web.context.SecurityContextPersistenceFilter@7459a21e, org.springframework.security.web.header.HeaderWriterFilter@31acfd4e, org.springframework.security.web.authentication.logout.LogoutFilter@52831a73, org.springframework.security.oauth2.server.resource.web.BearerTokenAuthenticationFilter@65be88ae, org.springframework.security.web.authentication.www.BasicAuthenticationFilter@45592af7, org.springframework.security.web.savedrequest.RequestCacheAwareFilter@6d6bff89, org.springframework.security.web.servletapi.SecurityContextHolderAwareRequestFilter@541bf968, org.springframework.security.web.authentication.AnonymousAuthenticationFilter@53eba4b8, org.springframework.security.web.session.SessionManagementFilter@611e5819, org.springframework.security.web.access.ExceptionTranslationFilter@14d25b6e, org.springframework.security.web.access.intercept.FilterSecurityInterceptor@7aaad0]
2023-06-19 17:41:53,162 INFO org.apache.juli.logging.DirectJDKLog [main] Starting ProtocolHandler ["http-nio-8400"]
2023-06-19 17:41:53,201 INFO org.springframework.boot.web.embedded.tomcat.TomcatWebServer [main] Tomcat started on port(s): 8400 (http) with context path ''
2023-06-19 17:41:53,226 INFO org.springframework.boot.StartupInfoLogger [main] Started ApiWebsmsApplication in 7.728 seconds (JVM running for 8.33)
2023-06-19 17:42:37,576 INFO org.apache.juli.logging.DirectJDKLog [http-nio-8400-exec-1] Initializing Spring DispatcherServlet 'dispatcherServlet'
2023-06-19 17:42:37,577 INFO org.springframework.web.servlet.FrameworkServlet [http-nio-8400-exec-1] Initializing Servlet 'dispatcherServlet'
2023-06-19 17:42:37,578 INFO org.springframework.web.servlet.FrameworkServlet [http-nio-8400-exec-1] Completed initialization in 1 ms
2023-06-19 17:42:37,736 TRACE sn.kiwi.apiwebsms.controllers.SignatureController [http-nio-8400-exec-1] Ceci est un test
