2023-03-03 09:07:28,877 INFO org.springframework.boot.StartupInfoLogger [main] Starting ApiWebsmsApplication using Java 11.0.16.1 on LAPTOP-SIN3MNHS with PID 38200 (C:\Users\MOI\Documents\spring-projects\api-websms\target\classes started by MOI in C:\Users\MOI\Documents\spring-projects\api-websms)
2023-03-03 09:07:28,882 DEBUG org.springframework.boot.StartupInfoLogger [main] Running with Spring Boot v2.7.9, Spring v5.3.25
2023-03-03 09:07:28,883 INFO org.springframework.boot.SpringApplication [main] No active profile set, falling back to 1 default profile: "default"
2023-03-03 09:07:31,052 INFO org.springframework.boot.web.embedded.tomcat.TomcatWebServer [main] Tomcat initialized with port(s): 8400 (http)
2023-03-03 09:07:31,066 INFO org.apache.juli.logging.DirectJDKLog [main] Initializing ProtocolHandler ["http-nio-8400"]
2023-03-03 09:07:31,067 INFO org.apache.juli.logging.DirectJDKLog [main] Starting service [Tomcat]
2023-03-03 09:07:31,067 INFO org.apache.juli.logging.DirectJDKLog [main] Starting Servlet engine: [Apache Tomcat/9.0.71]
2023-03-03 09:07:31,233 INFO org.apache.juli.logging.DirectJDKLog [main] Initializing Spring embedded WebApplicationContext
2023-03-03 09:07:31,234 INFO org.springframework.boot.web.servlet.context.ServletWebServerApplicationContext [main] Root WebApplicationContext: initialization completed in 2260 ms
2023-03-03 09:07:31,839 INFO org.springframework.security.web.DefaultSecurityFilterChain [main] Will secure any request with [org.springframework.security.web.session.DisableEncodeUrlFilter@42ef042a, org.springframework.security.web.context.request.async.WebAsyncManagerIntegrationFilter@1df5c7e3, org.springframework.security.web.context.SecurityContextPersistenceFilter@171dc7c3, org.springframework.security.web.header.HeaderWriterFilter@4792f119, org.springframework.security.web.authentication.logout.LogoutFilter@2443abd6, org.springframework.security.oauth2.server.resource.web.BearerTokenAuthenticationFilter@4d0cc83e, org.springframework.security.web.authentication.www.BasicAuthenticationFilter@66749eea, org.springframework.security.web.savedrequest.RequestCacheAwareFilter@2c1f8dbd, org.springframework.security.web.servletapi.SecurityContextHolderAwareRequestFilter@55c57422, org.springframework.security.web.authentication.AnonymousAuthenticationFilter@5e0c4f21, org.springframework.security.web.session.SessionManagementFilter@715f45c6, org.springframework.security.web.access.ExceptionTranslationFilter@47a7c93e, org.springframework.security.web.access.intercept.FilterSecurityInterceptor@22d8f4ed]
2023-03-03 09:07:33,390 INFO org.apache.juli.logging.DirectJDKLog [main] Starting ProtocolHandler ["http-nio-8400"]
2023-03-03 09:07:33,414 INFO org.springframework.boot.web.embedded.tomcat.TomcatWebServer [main] Tomcat started on port(s): 8400 (http) with context path ''
2023-03-03 09:07:33,424 INFO org.springframework.boot.StartupInfoLogger [main] Started ApiWebsmsApplication in 5.038 seconds (JVM running for 5.556)
2023-03-03 09:20:48,008 INFO org.apache.juli.logging.DirectJDKLog [http-nio-8400-exec-2] Initializing Spring DispatcherServlet 'dispatcherServlet'
2023-03-03 09:20:48,010 INFO org.springframework.web.servlet.FrameworkServlet [http-nio-8400-exec-2] Initializing Servlet 'dispatcherServlet'
2023-03-03 09:20:48,013 INFO org.springframework.web.servlet.FrameworkServlet [http-nio-8400-exec-2] Completed initialization in 2 ms
2023-03-03 09:21:17,398 WARN org.springframework.web.servlet.handler.AbstractHandlerExceptionResolver [http-nio-8400-exec-5] Resolved [org.springframework.web.HttpRequestMethodNotSupportedException: Request method 'GET' not supported]
2023-03-03 09:22:39,312 ERROR org.apache.juli.logging.DirectJDKLog [http-nio-8400-exec-9] Servlet.service() for servlet [dispatcherServlet] in context with path [] threw exception [Request processing failed; nested exception is java.lang.NullPointerException] with root cause
java.lang.NullPointerException: null
	at sn.kiwi.apiwebsms.controllers.SignatureController.getSignature(SignatureController.java:55)
	at java.base/jdk.internal.reflect.NativeMethodAccessorImpl.invoke0(Native Method)
	at java.base/jdk.internal.reflect.NativeMethodAccessorImpl.invoke(NativeMethodAccessorImpl.java:62)
	at java.base/jdk.internal.reflect.DelegatingMethodAccessorImpl.invoke(DelegatingMethodAccessorImpl.java:43)
	at java.base/java.lang.reflect.Method.invoke(Method.java:566)
	at org.springframework.web.method.support.InvocableHandlerMethod.doInvoke(InvocableHandlerMethod.java:205)
	at org.springframework.web.method.support.InvocableHandlerMethod.invokeForRequest(InvocableHandlerMethod.java:150)
	at org.springframework.web.servlet.mvc.method.annotation.ServletInvocableHandlerMethod.invokeAndHandle(ServletInvocableHandlerMethod.java:117)
	at org.springframework.web.servlet.mvc.method.annotation.RequestMappingHandlerAdapter.invokeHandlerMethod(RequestMappingHandlerAdapter.java:895)
	at org.springframework.web.servlet.mvc.method.annotation.RequestMappingHandlerAdapter.handleInternal(RequestMappingHandlerAdapter.java:808)
	at org.springframework.web.servlet.mvc.method.AbstractHandlerMethodAdapter.handle(AbstractHandlerMethodAdapter.java:87)
	at org.springframework.web.servlet.DispatcherServlet.doDispatch(DispatcherServlet.java:1071)
	at org.springframework.web.servlet.DispatcherServlet.doService(DispatcherServlet.java:964)
	at org.springframework.web.servlet.FrameworkServlet.processRequest(FrameworkServlet.java:1006)
	at org.springframework.web.servlet.FrameworkServlet.doGet(FrameworkServlet.java:898)
	at javax.servlet.http.HttpServlet.service(HttpServlet.java:670)
	at org.springframework.web.servlet.FrameworkServlet.service(FrameworkServlet.java:883)
	at javax.servlet.http.HttpServlet.service(HttpServlet.java:779)
	at org.apache.catalina.core.ApplicationFilterChain.internalDoFilter(ApplicationFilterChain.java:227)
	at org.apache.catalina.core.ApplicationFilterChain.doFilter(ApplicationFilterChain.java:162)
	at org.apache.tomcat.websocket.server.WsFilter.doFilter(WsFilter.java:53)
	at org.apache.catalina.core.ApplicationFilterChain.internalDoFilter(ApplicationFilterChain.java:189)
	at org.apache.catalina.core.ApplicationFilterChain.doFilter(ApplicationFilterChain.java:162)
	at org.springframework.security.web.FilterChainProxy$VirtualFilterChain.doFilter(FilterChainProxy.java:337)
	at org.springframework.security.web.access.intercept.FilterSecurityInterceptor.invoke(FilterSecurityInterceptor.java:115)
	at org.springframework.security.web.access.intercept.FilterSecurityInterceptor.doFilter(FilterSecurityInterceptor.java:81)
	at org.springframework.security.web.FilterChainProxy$VirtualFilterChain.doFilter(FilterChainProxy.java:346)
	at org.springframework.security.web.access.ExceptionTranslationFilter.doFilter(ExceptionTranslationFilter.java:122)
	at org.springframework.security.web.access.ExceptionTranslationFilter.doFilter(ExceptionTranslationFilter.java:116)
	at org.springframework.security.web.FilterChainProxy$VirtualFilterChain.doFilter(FilterChainProxy.java:346)
	at org.springframework.security.web.session.SessionManagementFilter.doFilter(SessionManagementFilter.java:126)
	at org.springframework.security.web.session.SessionManagementFilter.doFilter(SessionManagementFilter.java:81)
	at org.springframework.security.web.FilterChainProxy$VirtualFilterChain.doFilter(FilterChainProxy.java:346)
	at org.springframework.security.web.authentication.AnonymousAuthenticationFilter.doFilter(AnonymousAuthenticationFilter.java:109)
	at org.springframework.security.web.FilterChainProxy$VirtualFilterChain.doFilter(FilterChainProxy.java:346)
	at org.springframework.security.web.servletapi.SecurityContextHolderAwareRequestFilter.doFilter(SecurityContextHolderAwareRequestFilter.java:149)
	at org.springframework.security.web.FilterChainProxy$VirtualFilterChain.doFilter(FilterChainProxy.java:346)
	at org.springframework.security.web.savedrequest.RequestCacheAwareFilter.doFilter(RequestCacheAwareFilter.java:63)
	at org.springframework.security.web.FilterChainProxy$VirtualFilterChain.doFilter(FilterChainProxy.java:346)
	at org.springframework.security.web.authentication.www.BasicAuthenticationFilter.doFilterInternal(BasicAuthenticationFilter.java:166)
	at org.springframework.web.filter.OncePerRequestFilter.doFilter(OncePerRequestFilter.java:117)
	at org.springframework.security.web.FilterChainProxy$VirtualFilterChain.doFilter(FilterChainProxy.java:346)
	at org.springframework.security.oauth2.server.resource.web.BearerTokenAuthenticationFilter.doFilterInternal(BearerTokenAuthenticationFilter.java:142)
	at org.springframework.web.filter.OncePerRequestFilter.doFilter(OncePerRequestFilter.java:117)
	at org.springframework.security.web.FilterChainProxy$VirtualFilterChain.doFilter(FilterChainProxy.java:346)
	at org.springframework.security.web.authentication.logout.LogoutFilter.doFilter(LogoutFilter.java:103)
	at org.springframework.security.web.authentication.logout.LogoutFilter.doFilter(LogoutFilter.java:89)
	at org.springframework.security.web.FilterChainProxy$VirtualFilterChain.doFilter(FilterChainProxy.java:346)
	at org.springframework.security.web.header.HeaderWriterFilter.doHeadersAfter(HeaderWriterFilter.java:90)
	at org.springframework.security.web.header.HeaderWriterFilter.doFilterInternal(HeaderWriterFilter.java:75)
	at org.springframework.web.filter.OncePerRequestFilter.doFilter(OncePerRequestFilter.java:117)
	at org.springframework.security.web.FilterChainProxy$VirtualFilterChain.doFilter(FilterChainProxy.java:346)
	at org.springframework.security.web.context.SecurityContextPersistenceFilter.doFilter(SecurityContextPersistenceFilter.java:112)
	at org.springframework.security.web.context.SecurityContextPersistenceFilter.doFilter(SecurityContextPersistenceFilter.java:82)
	at org.springframework.security.web.FilterChainProxy$VirtualFilterChain.doFilter(FilterChainProxy.java:346)
	at org.springframework.security.web.context.request.async.WebAsyncManagerIntegrationFilter.doFilterInternal(WebAsyncManagerIntegrationFilter.java:55)
	at org.springframework.web.filter.OncePerRequestFilter.doFilter(OncePerRequestFilter.java:117)
	at org.springframework.security.web.FilterChainProxy$VirtualFilterChain.doFilter(FilterChainProxy.java:346)
	at org.springframework.security.web.session.DisableEncodeUrlFilter.doFilterInternal(DisableEncodeUrlFilter.java:42)
	at org.springframework.web.filter.OncePerRequestFilter.doFilter(OncePerRequestFilter.java:117)
	at org.springframework.security.web.FilterChainProxy$VirtualFilterChain.doFilter(FilterChainProxy.java:346)
	at org.springframework.security.web.FilterChainProxy.doFilterInternal(FilterChainProxy.java:221)
	at org.springframework.security.web.FilterChainProxy.doFilter(FilterChainProxy.java:186)
	at org.springframework.web.filter.DelegatingFilterProxy.invokeDelegate(DelegatingFilterProxy.java:354)
	at org.springframework.web.filter.DelegatingFilterProxy.doFilter(DelegatingFilterProxy.java:267)
	at org.apache.catalina.core.ApplicationFilterChain.internalDoFilter(ApplicationFilterChain.java:189)
	at org.apache.catalina.core.ApplicationFilterChain.doFilter(ApplicationFilterChain.java:162)
	at org.springframework.web.filter.RequestContextFilter.doFilterInternal(RequestContextFilter.java:100)
	at org.springframework.web.filter.OncePerRequestFilter.doFilter(OncePerRequestFilter.java:117)
	at org.apache.catalina.core.ApplicationFilterChain.internalDoFilter(ApplicationFilterChain.java:189)
	at org.apache.catalina.core.ApplicationFilterChain.doFilter(ApplicationFilterChain.java:162)
	at org.springframework.web.filter.FormContentFilter.doFilterInternal(FormContentFilter.java:93)
	at org.springframework.web.filter.OncePerRequestFilter.doFilter(OncePerRequestFilter.java:117)
	at org.apache.catalina.core.ApplicationFilterChain.internalDoFilter(ApplicationFilterChain.java:189)
	at org.apache.catalina.core.ApplicationFilterChain.doFilter(ApplicationFilterChain.java:162)
	at org.springframework.web.filter.CharacterEncodingFilter.doFilterInternal(CharacterEncodingFilter.java:201)
	at org.springframework.web.filter.OncePerRequestFilter.doFilter(OncePerRequestFilter.java:117)
	at org.apache.catalina.core.ApplicationFilterChain.internalDoFilter(ApplicationFilterChain.java:189)
	at org.apache.catalina.core.ApplicationFilterChain.doFilter(ApplicationFilterChain.java:162)
	at org.apache.catalina.core.StandardWrapperValve.invoke(StandardWrapperValve.java:177)
	at org.apache.catalina.core.StandardContextValve.invoke(StandardContextValve.java:97)
	at org.apache.catalina.authenticator.AuthenticatorBase.invoke(AuthenticatorBase.java:541)
	at org.apache.catalina.core.StandardHostValve.invoke(StandardHostValve.java:135)
	at org.apache.catalina.valves.ErrorReportValve.invoke(ErrorReportValve.java:92)
	at org.apache.catalina.core.StandardEngineValve.invoke(StandardEngineValve.java:78)
	at org.apache.catalina.connector.CoyoteAdapter.service(CoyoteAdapter.java:360)
	at org.apache.coyote.http11.Http11Processor.service(Http11Processor.java:399)
	at org.apache.coyote.AbstractProcessorLight.process(AbstractProcessorLight.java:65)
	at org.apache.coyote.AbstractProtocol$ConnectionHandler.process(AbstractProtocol.java:891)
	at org.apache.tomcat.util.net.NioEndpoint$SocketProcessor.doRun(NioEndpoint.java:1784)
	at org.apache.tomcat.util.net.SocketProcessorBase.run(SocketProcessorBase.java:49)
	at org.apache.tomcat.util.threads.ThreadPoolExecutor.runWorker(ThreadPoolExecutor.java:1191)
	at org.apache.tomcat.util.threads.ThreadPoolExecutor$Worker.run(ThreadPoolExecutor.java:659)
	at org.apache.tomcat.util.threads.TaskThread$WrappingRunnable.run(TaskThread.java:61)
	at java.base/java.lang.Thread.run(Thread.java:834)
2023-03-03 09:23:58,447 INFO org.springframework.boot.StartupInfoLogger [main] Starting ApiWebsmsApplication using Java 11.0.16.1 on LAPTOP-SIN3MNHS with PID 37716 (C:\Users\MOI\Documents\spring-projects\api-websms\target\classes started by MOI in C:\Users\MOI\Documents\spring-projects\api-websms)
2023-03-03 09:23:58,449 DEBUG org.springframework.boot.StartupInfoLogger [main] Running with Spring Boot v2.7.9, Spring v5.3.25
2023-03-03 09:23:58,450 INFO org.springframework.boot.SpringApplication [main] No active profile set, falling back to 1 default profile: "default"
2023-03-03 09:24:03,058 INFO org.springframework.boot.web.embedded.tomcat.TomcatWebServer [main] Tomcat initialized with port(s): 8400 (http)
2023-03-03 09:24:03,080 INFO org.apache.juli.logging.DirectJDKLog [main] Initializing ProtocolHandler ["http-nio-8400"]
2023-03-03 09:24:03,082 INFO org.apache.juli.logging.DirectJDKLog [main] Starting service [Tomcat]
2023-03-03 09:24:03,083 INFO org.apache.juli.logging.DirectJDKLog [main] Starting Servlet engine: [Apache Tomcat/9.0.71]
2023-03-03 09:24:03,380 INFO org.apache.juli.logging.DirectJDKLog [main] Initializing Spring embedded WebApplicationContext
2023-03-03 09:24:03,381 INFO org.springframework.boot.web.servlet.context.ServletWebServerApplicationContext [main] Root WebApplicationContext: initialization completed in 4873 ms
2023-03-03 09:24:05,228 INFO org.springframework.security.web.DefaultSecurityFilterChain [main] Will secure any request with [org.springframework.security.web.session.DisableEncodeUrlFilter@32a72c4, org.springframework.security.web.context.request.async.WebAsyncManagerIntegrationFilter@15986dd5, org.springframework.security.web.context.SecurityContextPersistenceFilter@32a4ecbe, org.springframework.security.web.header.HeaderWriterFilter@2a8b33ba, org.springframework.security.web.authentication.logout.LogoutFilter@64ae105d, org.springframework.security.oauth2.server.resource.web.BearerTokenAuthenticationFilter@383cb5ce, org.springframework.security.web.authentication.www.BasicAuthenticationFilter@4525e9e8, org.springframework.security.web.savedrequest.RequestCacheAwareFilter@196624bf, org.springframework.security.web.servletapi.SecurityContextHolderAwareRequestFilter@50085d9c, org.springframework.security.web.authentication.AnonymousAuthenticationFilter@678a9516, org.springframework.security.web.session.SessionManagementFilter@48268eec, org.springframework.security.web.access.ExceptionTranslationFilter@796d33eb, org.springframework.security.web.access.intercept.FilterSecurityInterceptor@49edcb30]
2023-03-03 09:24:10,199 INFO org.apache.juli.logging.DirectJDKLog [main] Starting ProtocolHandler ["http-nio-8400"]
2023-03-03 09:24:10,253 INFO org.springframework.boot.web.embedded.tomcat.TomcatWebServer [main] Tomcat started on port(s): 8400 (http) with context path ''
2023-03-03 09:24:10,283 INFO org.springframework.boot.StartupInfoLogger [main] Started ApiWebsmsApplication in 12.301 seconds (JVM running for 12.749)
2023-03-03 11:30:24,033 INFO org.apache.juli.logging.DirectJDKLog [http-nio-8400-exec-2] Initializing Spring DispatcherServlet 'dispatcherServlet'
2023-03-03 11:30:24,039 INFO org.springframework.web.servlet.FrameworkServlet [http-nio-8400-exec-2] Initializing Servlet 'dispatcherServlet'
2023-03-03 11:30:24,117 INFO org.springframework.web.servlet.FrameworkServlet [http-nio-8400-exec-2] Completed initialization in 77 ms
2023-03-03 11:31:01,296 ERROR org.apache.juli.logging.DirectJDKLog [http-nio-8400-exec-4] Servlet.service() for servlet [dispatcherServlet] in context with path [] threw exception [Request processing failed; nested exception is java.lang.NullPointerException] with root cause
java.lang.NullPointerException: null
	at sn.kiwi.apiwebsms.controllers.SignatureController.getSignature(SignatureController.java:55)
	at java.base/jdk.internal.reflect.NativeMethodAccessorImpl.invoke0(Native Method)
	at java.base/jdk.internal.reflect.NativeMethodAccessorImpl.invoke(NativeMethodAccessorImpl.java:62)
	at java.base/jdk.internal.reflect.DelegatingMethodAccessorImpl.invoke(DelegatingMethodAccessorImpl.java:43)
	at java.base/java.lang.reflect.Method.invoke(Method.java:566)
	at org.springframework.web.method.support.InvocableHandlerMethod.doInvoke(InvocableHandlerMethod.java:205)
	at org.springframework.web.method.support.InvocableHandlerMethod.invokeForRequest(InvocableHandlerMethod.java:150)
	at org.springframework.web.servlet.mvc.method.annotation.ServletInvocableHandlerMethod.invokeAndHandle(ServletInvocableHandlerMethod.java:117)
	at org.springframework.web.servlet.mvc.method.annotation.RequestMappingHandlerAdapter.invokeHandlerMethod(RequestMappingHandlerAdapter.java:895)
	at org.springframework.web.servlet.mvc.method.annotation.RequestMappingHandlerAdapter.handleInternal(RequestMappingHandlerAdapter.java:808)
	at org.springframework.web.servlet.mvc.method.AbstractHandlerMethodAdapter.handle(AbstractHandlerMethodAdapter.java:87)
	at org.springframework.web.servlet.DispatcherServlet.doDispatch(DispatcherServlet.java:1071)
	at org.springframework.web.servlet.DispatcherServlet.doService(DispatcherServlet.java:964)
	at org.springframework.web.servlet.FrameworkServlet.processRequest(FrameworkServlet.java:1006)
	at org.springframework.web.servlet.FrameworkServlet.doGet(FrameworkServlet.java:898)
	at javax.servlet.http.HttpServlet.service(HttpServlet.java:670)
	at org.springframework.web.servlet.FrameworkServlet.service(FrameworkServlet.java:883)
	at javax.servlet.http.HttpServlet.service(HttpServlet.java:779)
	at org.apache.catalina.core.ApplicationFilterChain.internalDoFilter(ApplicationFilterChain.java:227)
	at org.apache.catalina.core.ApplicationFilterChain.doFilter(ApplicationFilterChain.java:162)
	at org.apache.tomcat.websocket.server.WsFilter.doFilter(WsFilter.java:53)
	at org.apache.catalina.core.ApplicationFilterChain.internalDoFilter(ApplicationFilterChain.java:189)
	at org.apache.catalina.core.ApplicationFilterChain.doFilter(ApplicationFilterChain.java:162)
	at org.springframework.security.web.FilterChainProxy$VirtualFilterChain.doFilter(FilterChainProxy.java:337)
	at org.springframework.security.web.access.intercept.FilterSecurityInterceptor.invoke(FilterSecurityInterceptor.java:115)
	at org.springframework.security.web.access.intercept.FilterSecurityInterceptor.doFilter(FilterSecurityInterceptor.java:81)
	at org.springframework.security.web.FilterChainProxy$VirtualFilterChain.doFilter(FilterChainProxy.java:346)
	at org.springframework.security.web.access.ExceptionTranslationFilter.doFilter(ExceptionTranslationFilter.java:122)
	at org.springframework.security.web.access.ExceptionTranslationFilter.doFilter(ExceptionTranslationFilter.java:116)
	at org.springframework.security.web.FilterChainProxy$VirtualFilterChain.doFilter(FilterChainProxy.java:346)
	at org.springframework.security.web.session.SessionManagementFilter.doFilter(SessionManagementFilter.java:126)
	at org.springframework.security.web.session.SessionManagementFilter.doFilter(SessionManagementFilter.java:81)
	at org.springframework.security.web.FilterChainProxy$VirtualFilterChain.doFilter(FilterChainProxy.java:346)
	at org.springframework.security.web.authentication.AnonymousAuthenticationFilter.doFilter(AnonymousAuthenticationFilter.java:109)
	at org.springframework.security.web.FilterChainProxy$VirtualFilterChain.doFilter(FilterChainProxy.java:346)
	at org.springframework.security.web.servletapi.SecurityContextHolderAwareRequestFilter.doFilter(SecurityContextHolderAwareRequestFilter.java:149)
	at org.springframework.security.web.FilterChainProxy$VirtualFilterChain.doFilter(FilterChainProxy.java:346)
	at org.springframework.security.web.savedrequest.RequestCacheAwareFilter.doFilter(RequestCacheAwareFilter.java:63)
	at org.springframework.security.web.FilterChainProxy$VirtualFilterChain.doFilter(FilterChainProxy.java:346)
	at org.springframework.security.web.authentication.www.BasicAuthenticationFilter.doFilterInternal(BasicAuthenticationFilter.java:166)
	at org.springframework.web.filter.OncePerRequestFilter.doFilter(OncePerRequestFilter.java:117)
	at org.springframework.security.web.FilterChainProxy$VirtualFilterChain.doFilter(FilterChainProxy.java:346)
	at org.springframework.security.oauth2.server.resource.web.BearerTokenAuthenticationFilter.doFilterInternal(BearerTokenAuthenticationFilter.java:142)
	at org.springframework.web.filter.OncePerRequestFilter.doFilter(OncePerRequestFilter.java:117)
	at org.springframework.security.web.FilterChainProxy$VirtualFilterChain.doFilter(FilterChainProxy.java:346)
	at org.springframework.security.web.authentication.logout.LogoutFilter.doFilter(LogoutFilter.java:103)
	at org.springframework.security.web.authentication.logout.LogoutFilter.doFilter(LogoutFilter.java:89)
	at org.springframework.security.web.FilterChainProxy$VirtualFilterChain.doFilter(FilterChainProxy.java:346)
	at org.springframework.security.web.header.HeaderWriterFilter.doHeadersAfter(HeaderWriterFilter.java:90)
	at org.springframework.security.web.header.HeaderWriterFilter.doFilterInternal(HeaderWriterFilter.java:75)
	at org.springframework.web.filter.OncePerRequestFilter.doFilter(OncePerRequestFilter.java:117)
	at org.springframework.security.web.FilterChainProxy$VirtualFilterChain.doFilter(FilterChainProxy.java:346)
	at org.springframework.security.web.context.SecurityContextPersistenceFilter.doFilter(SecurityContextPersistenceFilter.java:112)
	at org.springframework.security.web.context.SecurityContextPersistenceFilter.doFilter(SecurityContextPersistenceFilter.java:82)
	at org.springframework.security.web.FilterChainProxy$VirtualFilterChain.doFilter(FilterChainProxy.java:346)
	at org.springframework.security.web.context.request.async.WebAsyncManagerIntegrationFilter.doFilterInternal(WebAsyncManagerIntegrationFilter.java:55)
	at org.springframework.web.filter.OncePerRequestFilter.doFilter(OncePerRequestFilter.java:117)
	at org.springframework.security.web.FilterChainProxy$VirtualFilterChain.doFilter(FilterChainProxy.java:346)
	at org.springframework.security.web.session.DisableEncodeUrlFilter.doFilterInternal(DisableEncodeUrlFilter.java:42)
	at org.springframework.web.filter.OncePerRequestFilter.doFilter(OncePerRequestFilter.java:117)
	at org.springframework.security.web.FilterChainProxy$VirtualFilterChain.doFilter(FilterChainProxy.java:346)
	at org.springframework.security.web.FilterChainProxy.doFilterInternal(FilterChainProxy.java:221)
	at org.springframework.security.web.FilterChainProxy.doFilter(FilterChainProxy.java:186)
	at org.springframework.web.filter.DelegatingFilterProxy.invokeDelegate(DelegatingFilterProxy.java:354)
	at org.springframework.web.filter.DelegatingFilterProxy.doFilter(DelegatingFilterProxy.java:267)
	at org.apache.catalina.core.ApplicationFilterChain.internalDoFilter(ApplicationFilterChain.java:189)
	at org.apache.catalina.core.ApplicationFilterChain.doFilter(ApplicationFilterChain.java:162)
	at org.springframework.web.filter.RequestContextFilter.doFilterInternal(RequestContextFilter.java:100)
	at org.springframework.web.filter.OncePerRequestFilter.doFilter(OncePerRequestFilter.java:117)
	at org.apache.catalina.core.ApplicationFilterChain.internalDoFilter(ApplicationFilterChain.java:189)
	at org.apache.catalina.core.ApplicationFilterChain.doFilter(ApplicationFilterChain.java:162)
	at org.springframework.web.filter.FormContentFilter.doFilterInternal(FormContentFilter.java:93)
	at org.springframework.web.filter.OncePerRequestFilter.doFilter(OncePerRequestFilter.java:117)
	at org.apache.catalina.core.ApplicationFilterChain.internalDoFilter(ApplicationFilterChain.java:189)
	at org.apache.catalina.core.ApplicationFilterChain.doFilter(ApplicationFilterChain.java:162)
	at org.springframework.web.filter.CharacterEncodingFilter.doFilterInternal(CharacterEncodingFilter.java:201)
	at org.springframework.web.filter.OncePerRequestFilter.doFilter(OncePerRequestFilter.java:117)
	at org.apache.catalina.core.ApplicationFilterChain.internalDoFilter(ApplicationFilterChain.java:189)
	at org.apache.catalina.core.ApplicationFilterChain.doFilter(ApplicationFilterChain.java:162)
	at org.apache.catalina.core.StandardWrapperValve.invoke(StandardWrapperValve.java:177)
	at org.apache.catalina.core.StandardContextValve.invoke(StandardContextValve.java:97)
	at org.apache.catalina.authenticator.AuthenticatorBase.invoke(AuthenticatorBase.java:541)
	at org.apache.catalina.core.StandardHostValve.invoke(StandardHostValve.java:135)
	at org.apache.catalina.valves.ErrorReportValve.invoke(ErrorReportValve.java:92)
	at org.apache.catalina.core.StandardEngineValve.invoke(StandardEngineValve.java:78)
	at org.apache.catalina.connector.CoyoteAdapter.service(CoyoteAdapter.java:360)
	at org.apache.coyote.http11.Http11Processor.service(Http11Processor.java:399)
	at org.apache.coyote.AbstractProcessorLight.process(AbstractProcessorLight.java:65)
	at org.apache.coyote.AbstractProtocol$ConnectionHandler.process(AbstractProtocol.java:891)
	at org.apache.tomcat.util.net.NioEndpoint$SocketProcessor.doRun(NioEndpoint.java:1784)
	at org.apache.tomcat.util.net.SocketProcessorBase.run(SocketProcessorBase.java:49)
	at org.apache.tomcat.util.threads.ThreadPoolExecutor.runWorker(ThreadPoolExecutor.java:1191)
	at org.apache.tomcat.util.threads.ThreadPoolExecutor$Worker.run(ThreadPoolExecutor.java:659)
	at org.apache.tomcat.util.threads.TaskThread$WrappingRunnable.run(TaskThread.java:61)
	at java.base/java.lang.Thread.run(Thread.java:834)
2023-03-03 11:34:05,365 INFO org.springframework.boot.StartupInfoLogger [main] Starting ApiWebsmsApplication using Java 11.0.16.1 on LAPTOP-SIN3MNHS with PID 19608 (C:\Users\MOI\Documents\spring-projects\api-websms\target\classes started by MOI in C:\Users\MOI\Documents\spring-projects\api-websms)
2023-03-03 11:34:05,372 DEBUG org.springframework.boot.StartupInfoLogger [main] Running with Spring Boot v2.7.9, Spring v5.3.25
2023-03-03 11:34:05,373 INFO org.springframework.boot.SpringApplication [main] No active profile set, falling back to 1 default profile: "default"
2023-03-03 11:34:09,652 INFO org.springframework.boot.web.embedded.tomcat.TomcatWebServer [main] Tomcat initialized with port(s): 8400 (http)
2023-03-03 11:34:09,672 INFO org.apache.juli.logging.DirectJDKLog [main] Initializing ProtocolHandler ["http-nio-8400"]
2023-03-03 11:34:09,673 INFO org.apache.juli.logging.DirectJDKLog [main] Starting service [Tomcat]
2023-03-03 11:34:09,674 INFO org.apache.juli.logging.DirectJDKLog [main] Starting Servlet engine: [Apache Tomcat/9.0.71]
2023-03-03 11:34:09,957 INFO org.apache.juli.logging.DirectJDKLog [main] Initializing Spring embedded WebApplicationContext
2023-03-03 11:34:09,958 INFO org.springframework.boot.web.servlet.context.ServletWebServerApplicationContext [main] Root WebApplicationContext: initialization completed in 4445 ms
2023-03-03 11:34:11,186 INFO org.springframework.security.web.DefaultSecurityFilterChain [main] Will secure any request with [org.springframework.security.web.session.DisableEncodeUrlFilter@467045c4, org.springframework.security.web.context.request.async.WebAsyncManagerIntegrationFilter@55736cfe, org.springframework.security.web.context.SecurityContextPersistenceFilter@ea00de, org.springframework.security.web.header.HeaderWriterFilter@3a38f122, org.springframework.security.web.authentication.logout.LogoutFilter@733e6df7, org.springframework.security.oauth2.server.resource.web.BearerTokenAuthenticationFilter@32a72c4, org.springframework.security.web.authentication.www.BasicAuthenticationFilter@4d0cc83e, org.springframework.security.web.savedrequest.RequestCacheAwareFilter@7bbcf6f0, org.springframework.security.web.servletapi.SecurityContextHolderAwareRequestFilter@2b80e5a9, org.springframework.security.web.authentication.AnonymousAuthenticationFilter@5a566922, org.springframework.security.web.session.SessionManagementFilter@64ae105d, org.springframework.security.web.access.ExceptionTranslationFilter@7b53b1ad, org.springframework.security.web.access.intercept.FilterSecurityInterceptor@5e7abaf7]
2023-03-03 11:34:15,221 INFO org.apache.juli.logging.DirectJDKLog [main] Starting ProtocolHandler ["http-nio-8400"]
2023-03-03 11:34:15,304 INFO org.springframework.boot.web.embedded.tomcat.TomcatWebServer [main] Tomcat started on port(s): 8400 (http) with context path ''
2023-03-03 11:34:15,328 INFO org.springframework.boot.StartupInfoLogger [main] Started ApiWebsmsApplication in 10.713 seconds (JVM running for 11.268)
2023-03-03 11:34:18,897 INFO org.apache.juli.logging.DirectJDKLog [http-nio-8400-exec-3] Initializing Spring DispatcherServlet 'dispatcherServlet'
2023-03-03 11:34:18,898 INFO org.springframework.web.servlet.FrameworkServlet [http-nio-8400-exec-3] Initializing Servlet 'dispatcherServlet'
2023-03-03 11:34:18,899 INFO org.springframework.web.servlet.FrameworkServlet [http-nio-8400-exec-3] Completed initialization in 1 ms
2023-03-03 11:39:07,617 INFO org.springframework.boot.StartupInfoLogger [main] Starting ApiWebsmsApplication using Java 11.0.16.1 on LAPTOP-SIN3MNHS with PID 39200 (C:\Users\MOI\Documents\spring-projects\api-websms\target\classes started by MOI in C:\Users\MOI\Documents\spring-projects\api-websms)
2023-03-03 11:39:07,620 DEBUG org.springframework.boot.StartupInfoLogger [main] Running with Spring Boot v2.7.9, Spring v5.3.25
2023-03-03 11:39:07,621 INFO org.springframework.boot.SpringApplication [main] No active profile set, falling back to 1 default profile: "default"
2023-03-03 11:39:09,774 INFO org.springframework.boot.web.embedded.tomcat.TomcatWebServer [main] Tomcat initialized with port(s): 8400 (http)
2023-03-03 11:39:09,787 INFO org.apache.juli.logging.DirectJDKLog [main] Initializing ProtocolHandler ["http-nio-8400"]
2023-03-03 11:39:09,788 INFO org.apache.juli.logging.DirectJDKLog [main] Starting service [Tomcat]
2023-03-03 11:39:09,789 INFO org.apache.juli.logging.DirectJDKLog [main] Starting Servlet engine: [Apache Tomcat/9.0.71]
2023-03-03 11:39:09,976 INFO org.apache.juli.logging.DirectJDKLog [main] Initializing Spring embedded WebApplicationContext
2023-03-03 11:39:09,976 INFO org.springframework.boot.web.servlet.context.ServletWebServerApplicationContext [main] Root WebApplicationContext: initialization completed in 2302 ms
2023-03-03 11:39:11,062 INFO org.springframework.security.web.DefaultSecurityFilterChain [main] Will secure any request with [org.springframework.security.web.session.DisableEncodeUrlFilter@2be818da, org.springframework.security.web.context.request.async.WebAsyncManagerIntegrationFilter@46320c9a, org.springframework.security.web.context.SecurityContextPersistenceFilter@787e4357, org.springframework.security.web.header.HeaderWriterFilter@570ba13, org.springframework.security.web.authentication.logout.LogoutFilter@32a4ecbe, org.springframework.security.oauth2.server.resource.web.BearerTokenAuthenticationFilter@4f7be6c8, org.springframework.security.web.authentication.www.BasicAuthenticationFilter@12d40609, org.springframework.security.web.savedrequest.RequestCacheAwareFilter@18a096b5, org.springframework.security.web.servletapi.SecurityContextHolderAwareRequestFilter@79b18230, org.springframework.security.web.authentication.AnonymousAuthenticationFilter@32256e68, org.springframework.security.web.session.SessionManagementFilter@12417468, org.springframework.security.web.access.ExceptionTranslationFilter@2519026b, org.springframework.security.web.access.intercept.FilterSecurityInterceptor@1b4872bc]
2023-03-03 11:39:13,209 INFO org.apache.juli.logging.DirectJDKLog [main] Starting ProtocolHandler ["http-nio-8400"]
2023-03-03 11:39:13,233 INFO org.springframework.boot.web.embedded.tomcat.TomcatWebServer [main] Tomcat started on port(s): 8400 (http) with context path ''
2023-03-03 11:39:13,243 INFO org.springframework.boot.StartupInfoLogger [main] Started ApiWebsmsApplication in 6.087 seconds (JVM running for 6.529)
2023-03-03 11:39:17,725 INFO org.apache.juli.logging.DirectJDKLog [http-nio-8400-exec-4] Initializing Spring DispatcherServlet 'dispatcherServlet'
2023-03-03 11:39:17,727 INFO org.springframework.web.servlet.FrameworkServlet [http-nio-8400-exec-4] Initializing Servlet 'dispatcherServlet'
2023-03-03 11:39:17,728 INFO org.springframework.web.servlet.FrameworkServlet [http-nio-8400-exec-4] Completed initialization in 1 ms
2023-03-03 11:40:47,661 INFO org.springframework.boot.StartupInfoLogger [main] Starting ApiWebsmsApplication using Java 11.0.16.1 on LAPTOP-SIN3MNHS with PID 24468 (C:\Users\MOI\Documents\spring-projects\api-websms\target\classes started by MOI in C:\Users\MOI\Documents\spring-projects\api-websms)
2023-03-03 11:40:47,667 DEBUG org.springframework.boot.StartupInfoLogger [main] Running with Spring Boot v2.7.9, Spring v5.3.25
2023-03-03 11:40:47,669 INFO org.springframework.boot.SpringApplication [main] No active profile set, falling back to 1 default profile: "default"
2023-03-03 11:40:52,285 INFO org.springframework.boot.web.embedded.tomcat.TomcatWebServer [main] Tomcat initialized with port(s): 8400 (http)
2023-03-03 11:40:52,300 INFO org.apache.juli.logging.DirectJDKLog [main] Initializing ProtocolHandler ["http-nio-8400"]
2023-03-03 11:40:52,301 INFO org.apache.juli.logging.DirectJDKLog [main] Starting service [Tomcat]
2023-03-03 11:40:52,302 INFO org.apache.juli.logging.DirectJDKLog [main] Starting Servlet engine: [Apache Tomcat/9.0.71]
2023-03-03 11:40:52,549 INFO org.apache.juli.logging.DirectJDKLog [main] Initializing Spring embedded WebApplicationContext
2023-03-03 11:40:52,550 INFO org.springframework.boot.web.servlet.context.ServletWebServerApplicationContext [main] Root WebApplicationContext: initialization completed in 4724 ms
2023-03-03 11:40:53,864 INFO org.springframework.security.web.DefaultSecurityFilterChain [main] Will secure any request with [org.springframework.security.web.session.DisableEncodeUrlFilter@b950f82, org.springframework.security.web.context.request.async.WebAsyncManagerIntegrationFilter@5d352de0, org.springframework.security.web.context.SecurityContextPersistenceFilter@1c628f6a, org.springframework.security.web.header.HeaderWriterFilter@5df7e31b, org.springframework.security.web.authentication.logout.LogoutFilter@72b0a004, org.springframework.security.oauth2.server.resource.web.BearerTokenAuthenticationFilter@22d8f4ed, org.springframework.security.web.authentication.www.BasicAuthenticationFilter@32a72c4, org.springframework.security.web.savedrequest.RequestCacheAwareFilter@594131f2, org.springframework.security.web.servletapi.SecurityContextHolderAwareRequestFilter@51d0ec6f, org.springframework.security.web.authentication.AnonymousAuthenticationFilter@6e243175, org.springframework.security.web.session.SessionManagementFilter@388c519, org.springframework.security.web.access.ExceptionTranslationFilter@2e71240b, org.springframework.security.web.access.intercept.FilterSecurityInterceptor@1320e68a]
2023-03-03 11:40:56,866 INFO org.apache.juli.logging.DirectJDKLog [main] Starting ProtocolHandler ["http-nio-8400"]
2023-03-03 11:40:56,919 INFO org.springframework.boot.web.embedded.tomcat.TomcatWebServer [main] Tomcat started on port(s): 8400 (http) with context path ''
2023-03-03 11:40:56,944 INFO org.springframework.boot.StartupInfoLogger [main] Started ApiWebsmsApplication in 10.365 seconds (JVM running for 11.387)
2023-03-03 11:41:03,480 INFO org.apache.juli.logging.DirectJDKLog [http-nio-8400-exec-6] Initializing Spring DispatcherServlet 'dispatcherServlet'
2023-03-03 11:41:03,482 INFO org.springframework.web.servlet.FrameworkServlet [http-nio-8400-exec-6] Initializing Servlet 'dispatcherServlet'
2023-03-03 11:41:03,484 INFO org.springframework.web.servlet.FrameworkServlet [http-nio-8400-exec-6] Completed initialization in 2 ms
2023-03-03 11:41:28,123 INFO org.springframework.boot.StartupInfoLogger [main] Starting ApiWebsmsApplication using Java 11.0.16.1 on LAPTOP-SIN3MNHS with PID 33476 (C:\Users\MOI\Documents\spring-projects\api-websms\target\classes started by MOI in C:\Users\MOI\Documents\spring-projects\api-websms)
2023-03-03 11:41:28,129 DEBUG org.springframework.boot.StartupInfoLogger [main] Running with Spring Boot v2.7.9, Spring v5.3.25
2023-03-03 11:41:28,129 INFO org.springframework.boot.SpringApplication [main] No active profile set, falling back to 1 default profile: "default"
2023-03-03 11:41:32,155 INFO org.springframework.boot.web.embedded.tomcat.TomcatWebServer [main] Tomcat initialized with port(s): 8400 (http)
2023-03-03 11:41:32,170 INFO org.apache.juli.logging.DirectJDKLog [main] Initializing ProtocolHandler ["http-nio-8400"]
2023-03-03 11:41:32,171 INFO org.apache.juli.logging.DirectJDKLog [main] Starting service [Tomcat]
2023-03-03 11:41:32,171 INFO org.apache.juli.logging.DirectJDKLog [main] Starting Servlet engine: [Apache Tomcat/9.0.71]
2023-03-03 11:41:32,422 INFO org.apache.juli.logging.DirectJDKLog [main] Initializing Spring embedded WebApplicationContext
2023-03-03 11:41:32,424 INFO org.springframework.boot.web.servlet.context.ServletWebServerApplicationContext [main] Root WebApplicationContext: initialization completed in 4170 ms
2023-03-03 11:41:33,708 INFO org.springframework.security.web.DefaultSecurityFilterChain [main] Will secure any request with [org.springframework.security.web.session.DisableEncodeUrlFilter@23e3f5cd, org.springframework.security.web.context.request.async.WebAsyncManagerIntegrationFilter@5c931134, org.springframework.security.web.context.SecurityContextPersistenceFilter@1b57c345, org.springframework.security.web.header.HeaderWriterFilter@359066bc, org.springframework.security.web.authentication.logout.LogoutFilter@4b425577, org.springframework.security.oauth2.server.resource.web.BearerTokenAuthenticationFilter@69c532af, org.springframework.security.web.authentication.www.BasicAuthenticationFilter@63bfdbcb, org.springframework.security.web.savedrequest.RequestCacheAwareFilter@21ea996f, org.springframework.security.web.servletapi.SecurityContextHolderAwareRequestFilter@3f9b7fe1, org.springframework.security.web.authentication.AnonymousAuthenticationFilter@1d7eb170, org.springframework.security.web.session.SessionManagementFilter@28cd2c2, org.springframework.security.web.access.ExceptionTranslationFilter@16d07cf3, org.springframework.security.web.access.intercept.FilterSecurityInterceptor@74667e6a]
2023-03-03 11:41:36,772 INFO org.apache.juli.logging.DirectJDKLog [main] Starting ProtocolHandler ["http-nio-8400"]
2023-03-03 11:41:36,816 INFO org.springframework.boot.web.embedded.tomcat.TomcatWebServer [main] Tomcat started on port(s): 8400 (http) with context path ''
2023-03-03 11:41:36,839 INFO org.springframework.boot.StartupInfoLogger [main] Started ApiWebsmsApplication in 9.888 seconds (JVM running for 10.932)
2023-03-03 11:42:10,629 INFO org.apache.juli.logging.DirectJDKLog [http-nio-8400-exec-2] Initializing Spring DispatcherServlet 'dispatcherServlet'
2023-03-03 11:42:10,630 INFO org.springframework.web.servlet.FrameworkServlet [http-nio-8400-exec-2] Initializing Servlet 'dispatcherServlet'
2023-03-03 11:42:10,633 INFO org.springframework.web.servlet.FrameworkServlet [http-nio-8400-exec-2] Completed initialization in 2 ms
2023-03-03 11:44:24,690 INFO org.springframework.boot.StartupInfoLogger [main] Starting ApiWebsmsApplication using Java 11.0.16.1 on LAPTOP-SIN3MNHS with PID 32 (C:\Users\MOI\Documents\spring-projects\api-websms\target\classes started by MOI in C:\Users\MOI\Documents\spring-projects\api-websms)
2023-03-03 11:44:24,693 DEBUG org.springframework.boot.StartupInfoLogger [main] Running with Spring Boot v2.7.9, Spring v5.3.25
2023-03-03 11:44:24,694 INFO org.springframework.boot.SpringApplication [main] No active profile set, falling back to 1 default profile: "default"
2023-03-03 11:44:28,990 INFO org.springframework.boot.web.embedded.tomcat.TomcatWebServer [main] Tomcat initialized with port(s): 8400 (http)
2023-03-03 11:44:29,003 INFO org.apache.juli.logging.DirectJDKLog [main] Initializing ProtocolHandler ["http-nio-8400"]
2023-03-03 11:44:29,004 INFO org.apache.juli.logging.DirectJDKLog [main] Starting service [Tomcat]
2023-03-03 11:44:29,005 INFO org.apache.juli.logging.DirectJDKLog [main] Starting Servlet engine: [Apache Tomcat/9.0.71]
2023-03-03 11:44:29,228 INFO org.apache.juli.logging.DirectJDKLog [main] Initializing Spring embedded WebApplicationContext
2023-03-03 11:44:29,228 INFO org.springframework.boot.web.servlet.context.ServletWebServerApplicationContext [main] Root WebApplicationContext: initialization completed in 4434 ms
2023-03-03 11:44:30,277 INFO org.springframework.security.web.DefaultSecurityFilterChain [main] Will secure any request with [org.springframework.security.web.session.DisableEncodeUrlFilter@42ef042a, org.springframework.security.web.context.request.async.WebAsyncManagerIntegrationFilter@1df5c7e3, org.springframework.security.web.context.SecurityContextPersistenceFilter@171dc7c3, org.springframework.security.web.header.HeaderWriterFilter@4792f119, org.springframework.security.web.authentication.logout.LogoutFilter@2443abd6, org.springframework.security.oauth2.server.resource.web.BearerTokenAuthenticationFilter@4d0cc83e, org.springframework.security.web.authentication.www.BasicAuthenticationFilter@66749eea, org.springframework.security.web.savedrequest.RequestCacheAwareFilter@2c1f8dbd, org.springframework.security.web.servletapi.SecurityContextHolderAwareRequestFilter@55c57422, org.springframework.security.web.authentication.AnonymousAuthenticationFilter@5e0c4f21, org.springframework.security.web.session.SessionManagementFilter@715f45c6, org.springframework.security.web.access.ExceptionTranslationFilter@47a7c93e, org.springframework.security.web.access.intercept.FilterSecurityInterceptor@22d8f4ed]
2023-03-03 11:44:33,070 INFO org.apache.juli.logging.DirectJDKLog [main] Starting ProtocolHandler ["http-nio-8400"]
2023-03-03 11:44:33,107 INFO org.springframework.boot.web.embedded.tomcat.TomcatWebServer [main] Tomcat started on port(s): 8400 (http) with context path ''
2023-03-03 11:44:33,132 INFO org.springframework.boot.StartupInfoLogger [main] Started ApiWebsmsApplication in 9.191 seconds (JVM running for 9.647)
2023-03-03 12:04:32,727 INFO org.springframework.boot.StartupInfoLogger [main] Starting ApiWebsmsApplication using Java 11.0.16.1 on LAPTOP-SIN3MNHS with PID 10068 (C:\Users\MOI\Documents\spring-projects\api-websms\target\classes started by MOI in C:\Users\MOI\Documents\spring-projects\api-websms)
2023-03-03 12:04:32,734 DEBUG org.springframework.boot.StartupInfoLogger [main] Running with Spring Boot v2.7.9, Spring v5.3.25
2023-03-03 12:04:32,735 INFO org.springframework.boot.SpringApplication [main] No active profile set, falling back to 1 default profile: "default"
2023-03-03 12:04:37,053 INFO org.springframework.boot.web.embedded.tomcat.TomcatWebServer [main] Tomcat initialized with port(s): 8400 (http)
2023-03-03 12:04:37,073 INFO org.apache.juli.logging.DirectJDKLog [main] Initializing ProtocolHandler ["http-nio-8400"]
2023-03-03 12:04:37,074 INFO org.apache.juli.logging.DirectJDKLog [main] Starting service [Tomcat]
2023-03-03 12:04:37,075 INFO org.apache.juli.logging.DirectJDKLog [main] Starting Servlet engine: [Apache Tomcat/9.0.71]
2023-03-03 12:04:37,319 INFO org.apache.juli.logging.DirectJDKLog [main] Initializing Spring embedded WebApplicationContext
2023-03-03 12:04:37,320 INFO org.springframework.boot.web.servlet.context.ServletWebServerApplicationContext [main] Root WebApplicationContext: initialization completed in 4451 ms
2023-03-03 12:04:38,351 INFO org.springframework.security.web.DefaultSecurityFilterChain [main] Will secure any request with [org.springframework.security.web.session.DisableEncodeUrlFilter@46320c9a, org.springframework.security.web.context.request.async.WebAsyncManagerIntegrationFilter@32256e68, org.springframework.security.web.context.SecurityContextPersistenceFilter@392781e, org.springframework.security.web.header.HeaderWriterFilter@37a9b687, org.springframework.security.web.authentication.logout.LogoutFilter@2e71240b, org.springframework.security.oauth2.server.resource.web.BearerTokenAuthenticationFilter@647b9364, org.springframework.security.web.authentication.www.BasicAuthenticationFilter@76437e9b, org.springframework.security.web.savedrequest.RequestCacheAwareFilter@79b18230, org.springframework.security.web.servletapi.SecurityContextHolderAwareRequestFilter@1d4f5506, org.springframework.security.web.authentication.AnonymousAuthenticationFilter@5e7abaf7, org.springframework.security.web.session.SessionManagementFilter@459003a0, org.springframework.security.web.access.ExceptionTranslationFilter@3f8dfe74, org.springframework.security.web.access.intercept.FilterSecurityInterceptor@498a612d]
2023-03-03 12:04:41,628 INFO org.apache.juli.logging.DirectJDKLog [main] Starting ProtocolHandler ["http-nio-8400"]
2023-03-03 12:04:41,679 INFO org.springframework.boot.web.embedded.tomcat.TomcatWebServer [main] Tomcat started on port(s): 8400 (http) with context path ''
2023-03-03 12:04:41,709 INFO org.springframework.boot.StartupInfoLogger [main] Started ApiWebsmsApplication in 10.032 seconds (JVM running for 11.081)
2023-03-03 12:04:50,560 INFO org.apache.juli.logging.DirectJDKLog [http-nio-8400-exec-3] Initializing Spring DispatcherServlet 'dispatcherServlet'
2023-03-03 12:04:50,562 INFO org.springframework.web.servlet.FrameworkServlet [http-nio-8400-exec-3] Initializing Servlet 'dispatcherServlet'
2023-03-03 12:04:50,563 INFO org.springframework.web.servlet.FrameworkServlet [http-nio-8400-exec-3] Completed initialization in 1 ms
2023-03-03 12:04:51,268 INFO org.springdoc.api.AbstractOpenApiResource [http-nio-8400-exec-9] Init duration for springdoc-openapi is: 371 ms
2023-03-03 12:07:40,393 INFO org.springframework.boot.StartupInfoLogger [main] Starting ApiWebsmsApplication using Java 11.0.16.1 on LAPTOP-SIN3MNHS with PID 9380 (C:\Users\MOI\Documents\spring-projects\api-websms\target\classes started by MOI in C:\Users\MOI\Documents\spring-projects\api-websms)
2023-03-03 12:07:40,399 DEBUG org.springframework.boot.StartupInfoLogger [main] Running with Spring Boot v2.7.9, Spring v5.3.25
2023-03-03 12:07:40,401 INFO org.springframework.boot.SpringApplication [main] No active profile set, falling back to 1 default profile: "default"
2023-03-03 12:07:45,001 INFO org.springframework.boot.web.embedded.tomcat.TomcatWebServer [main] Tomcat initialized with port(s): 8400 (http)
2023-03-03 12:07:45,014 INFO org.apache.juli.logging.DirectJDKLog [main] Initializing ProtocolHandler ["http-nio-8400"]
2023-03-03 12:07:45,015 INFO org.apache.juli.logging.DirectJDKLog [main] Starting service [Tomcat]
2023-03-03 12:07:45,015 INFO org.apache.juli.logging.DirectJDKLog [main] Starting Servlet engine: [Apache Tomcat/9.0.71]
2023-03-03 12:07:45,218 INFO org.apache.juli.logging.DirectJDKLog [main] Initializing Spring embedded WebApplicationContext
2023-03-03 12:07:45,219 INFO org.springframework.boot.web.servlet.context.ServletWebServerApplicationContext [main] Root WebApplicationContext: initialization completed in 4685 ms
2023-03-03 12:07:46,903 INFO org.springframework.security.web.DefaultSecurityFilterChain [main] Will secure any request with [org.springframework.security.web.session.DisableEncodeUrlFilter@2c604965, org.springframework.security.web.context.request.async.WebAsyncManagerIntegrationFilter@57f8951a, org.springframework.security.web.context.SecurityContextPersistenceFilter@f2b90fc, org.springframework.security.web.header.HeaderWriterFilter@2282400e, org.springframework.security.web.authentication.logout.LogoutFilter@401c4250, org.springframework.security.oauth2.server.resource.web.BearerTokenAuthenticationFilter@6f1c3f18, org.springframework.security.web.authentication.www.BasicAuthenticationFilter@db99785, org.springframework.security.web.savedrequest.RequestCacheAwareFilter@251c4280, org.springframework.security.web.servletapi.SecurityContextHolderAwareRequestFilter@35650279, org.springframework.security.web.authentication.AnonymousAuthenticationFilter@6c17c0f8, org.springframework.security.web.session.SessionManagementFilter@149b4d20, org.springframework.security.web.access.ExceptionTranslationFilter@bb25753, org.springframework.security.web.access.intercept.FilterSecurityInterceptor@739265f1]
2023-03-03 12:07:50,636 INFO org.apache.juli.logging.DirectJDKLog [main] Starting ProtocolHandler ["http-nio-8400"]
2023-03-03 12:07:50,681 INFO org.springframework.boot.web.embedded.tomcat.TomcatWebServer [main] Tomcat started on port(s): 8400 (http) with context path ''
2023-03-03 12:07:50,710 INFO org.springframework.boot.StartupInfoLogger [main] Started ApiWebsmsApplication in 11.75 seconds (JVM running for 12.809)
2023-03-03 12:07:53,862 INFO org.apache.juli.logging.DirectJDKLog [http-nio-8400-exec-1] Initializing Spring DispatcherServlet 'dispatcherServlet'
2023-03-03 12:07:53,863 INFO org.springframework.web.servlet.FrameworkServlet [http-nio-8400-exec-1] Initializing Servlet 'dispatcherServlet'
2023-03-03 12:07:53,865 INFO org.springframework.web.servlet.FrameworkServlet [http-nio-8400-exec-1] Completed initialization in 2 ms
2023-03-03 12:07:54,709 INFO org.springdoc.api.AbstractOpenApiResource [http-nio-8400-exec-8] Init duration for springdoc-openapi is: 547 ms
2023-03-03 12:11:01,503 INFO org.springframework.boot.StartupInfoLogger [main] Starting ApiWebsmsApplication using Java 11.0.16.1 on LAPTOP-SIN3MNHS with PID 12284 (C:\Users\MOI\Documents\spring-projects\api-websms\target\classes started by MOI in C:\Users\MOI\Documents\spring-projects\api-websms)
2023-03-03 12:11:01,512 DEBUG org.springframework.boot.StartupInfoLogger [main] Running with Spring Boot v2.7.9, Spring v5.3.25
2023-03-03 12:11:01,514 INFO org.springframework.boot.SpringApplication [main] No active profile set, falling back to 1 default profile: "default"
2023-03-03 12:11:08,204 INFO org.springframework.boot.web.embedded.tomcat.TomcatWebServer [main] Tomcat initialized with port(s): 8400 (http)
2023-03-03 12:11:08,216 INFO org.apache.juli.logging.DirectJDKLog [main] Initializing ProtocolHandler ["http-nio-8400"]
2023-03-03 12:11:08,217 INFO org.apache.juli.logging.DirectJDKLog [main] Starting service [Tomcat]
2023-03-03 12:11:08,217 INFO org.apache.juli.logging.DirectJDKLog [main] Starting Servlet engine: [Apache Tomcat/9.0.71]
2023-03-03 12:11:08,410 INFO org.apache.juli.logging.DirectJDKLog [main] Initializing Spring embedded WebApplicationContext
2023-03-03 12:11:08,411 INFO org.springframework.boot.web.servlet.context.ServletWebServerApplicationContext [main] Root WebApplicationContext: initialization completed in 6649 ms
2023-03-03 12:11:09,592 INFO org.springframework.security.web.DefaultSecurityFilterChain [main] Will secure any request with [org.springframework.security.web.session.DisableEncodeUrlFilter@32a72c4, org.springframework.security.web.context.request.async.WebAsyncManagerIntegrationFilter@15986dd5, org.springframework.security.web.context.SecurityContextPersistenceFilter@32a4ecbe, org.springframework.security.web.header.HeaderWriterFilter@2a8b33ba, org.springframework.security.web.authentication.logout.LogoutFilter@64ae105d, org.springframework.security.oauth2.server.resource.web.BearerTokenAuthenticationFilter@383cb5ce, org.springframework.security.web.authentication.www.BasicAuthenticationFilter@4525e9e8, org.springframework.security.web.savedrequest.RequestCacheAwareFilter@196624bf, org.springframework.security.web.servletapi.SecurityContextHolderAwareRequestFilter@50085d9c, org.springframework.security.web.authentication.AnonymousAuthenticationFilter@678a9516, org.springframework.security.web.session.SessionManagementFilter@48268eec, org.springframework.security.web.access.ExceptionTranslationFilter@796d33eb, org.springframework.security.web.access.intercept.FilterSecurityInterceptor@49edcb30]
2023-03-03 12:11:12,718 INFO org.apache.juli.logging.DirectJDKLog [main] Starting ProtocolHandler ["http-nio-8400"]
2023-03-03 12:11:12,761 INFO org.springframework.boot.web.embedded.tomcat.TomcatWebServer [main] Tomcat started on port(s): 8400 (http) with context path ''
2023-03-03 12:11:12,783 INFO org.springframework.boot.StartupInfoLogger [main] Started ApiWebsmsApplication in 12.272 seconds (JVM running for 12.704)
2023-03-03 12:11:23,841 INFO org.apache.juli.logging.DirectJDKLog [http-nio-8400-exec-1] Initializing Spring DispatcherServlet 'dispatcherServlet'
2023-03-03 12:11:23,843 INFO org.springframework.web.servlet.FrameworkServlet [http-nio-8400-exec-1] Initializing Servlet 'dispatcherServlet'
2023-03-03 12:11:23,844 INFO org.springframework.web.servlet.FrameworkServlet [http-nio-8400-exec-1] Completed initialization in 1 ms
2023-03-03 12:11:24,494 INFO org.springdoc.api.AbstractOpenApiResource [http-nio-8400-exec-9] Init duration for springdoc-openapi is: 360 ms
2023-03-03 12:31:15,450 INFO org.springframework.boot.StartupInfoLogger [main] Starting ApiWebsmsApplication using Java 11.0.16.1 on LAPTOP-SIN3MNHS with PID 30376 (C:\Users\MOI\Documents\spring-projects\api-websms\target\classes started by MOI in C:\Users\MOI\Documents\spring-projects\api-websms)
2023-03-03 12:31:15,455 DEBUG org.springframework.boot.StartupInfoLogger [main] Running with Spring Boot v2.7.9, Spring v5.3.25
2023-03-03 12:31:15,456 INFO org.springframework.boot.SpringApplication [main] No active profile set, falling back to 1 default profile: "default"
2023-03-03 12:31:19,287 INFO org.springframework.boot.web.embedded.tomcat.TomcatWebServer [main] Tomcat initialized with port(s): 8400 (http)
2023-03-03 12:31:19,300 INFO org.apache.juli.logging.DirectJDKLog [main] Initializing ProtocolHandler ["http-nio-8400"]
2023-03-03 12:31:19,300 INFO org.apache.juli.logging.DirectJDKLog [main] Starting service [Tomcat]
2023-03-03 12:31:19,300 INFO org.apache.juli.logging.DirectJDKLog [main] Starting Servlet engine: [Apache Tomcat/9.0.71]
2023-03-03 12:31:19,462 INFO org.apache.juli.logging.DirectJDKLog [main] Initializing Spring embedded WebApplicationContext
2023-03-03 12:31:19,462 INFO org.springframework.boot.web.servlet.context.ServletWebServerApplicationContext [main] Root WebApplicationContext: initialization completed in 3885 ms
2023-03-03 12:31:20,083 INFO org.springframework.security.web.DefaultSecurityFilterChain [main] Will secure any request with [org.springframework.security.web.session.DisableEncodeUrlFilter@5a566922, org.springframework.security.web.context.request.async.WebAsyncManagerIntegrationFilter@6f7a2a5, org.springframework.security.web.context.SecurityContextPersistenceFilter@52f6900a, org.springframework.security.web.header.HeaderWriterFilter@1c628f6a, org.springframework.security.web.authentication.logout.LogoutFilter@741ac284, org.springframework.security.oauth2.server.resource.web.BearerTokenAuthenticationFilter@678a9516, org.springframework.security.web.authentication.www.BasicAuthenticationFilter@bc09d57, org.springframework.security.web.savedrequest.RequestCacheAwareFilter@4cc01c7f, org.springframework.security.web.servletapi.SecurityContextHolderAwareRequestFilter@2a50b32d, org.springframework.security.web.authentication.AnonymousAuthenticationFilter@42ed89da, org.springframework.security.web.session.SessionManagementFilter@69364b2d, org.springframework.security.web.access.ExceptionTranslationFilter@388c519, org.springframework.security.web.access.intercept.FilterSecurityInterceptor@63bfdbcb]
2023-03-03 12:31:21,954 INFO org.apache.juli.logging.DirectJDKLog [main] Starting ProtocolHandler ["http-nio-8400"]
2023-03-03 12:31:21,998 INFO org.springframework.boot.web.embedded.tomcat.TomcatWebServer [main] Tomcat started on port(s): 8400 (http) with context path ''
2023-03-03 12:31:22,016 INFO org.springframework.boot.StartupInfoLogger [main] Started ApiWebsmsApplication in 7.306 seconds (JVM running for 7.786)
2023-03-03 20:10:43,609 INFO org.springframework.boot.StartupInfoLogger [main] Starting ApiWebsmsApplication using Java 11.0.16.1 on LAPTOP-SIN3MNHS with PID 40684 (C:\Users\MOI\Documents\spring-projects\api-websms\target\classes started by MOI in C:\Users\MOI\Documents\spring-projects\api-websms)
2023-03-03 20:10:43,614 DEBUG org.springframework.boot.StartupInfoLogger [main] Running with Spring Boot v2.7.9, Spring v5.3.25
2023-03-03 20:10:43,614 INFO org.springframework.boot.SpringApplication [main] No active profile set, falling back to 1 default profile: "default"
2023-03-03 20:10:47,810 INFO org.springframework.boot.web.embedded.tomcat.TomcatWebServer [main] Tomcat initialized with port(s): 8400 (http)
2023-03-03 20:10:47,835 INFO org.apache.juli.logging.DirectJDKLog [main] Initializing ProtocolHandler ["http-nio-8400"]
2023-03-03 20:10:47,836 INFO org.apache.juli.logging.DirectJDKLog [main] Starting service [Tomcat]
2023-03-03 20:10:47,836 INFO org.apache.juli.logging.DirectJDKLog [main] Starting Servlet engine: [Apache Tomcat/9.0.71]
2023-03-03 20:10:48,106 INFO org.apache.juli.logging.DirectJDKLog [main] Initializing Spring embedded WebApplicationContext
2023-03-03 20:10:48,107 INFO org.springframework.boot.web.servlet.context.ServletWebServerApplicationContext [main] Root WebApplicationContext: initialization completed in 4362 ms
2023-03-03 20:10:49,275 INFO org.springframework.security.web.DefaultSecurityFilterChain [main] Will secure any request with [org.springframework.security.web.session.DisableEncodeUrlFilter@32a72c4, org.springframework.security.web.context.request.async.WebAsyncManagerIntegrationFilter@15986dd5, org.springframework.security.web.context.SecurityContextPersistenceFilter@198536f6, org.springframework.security.web.header.HeaderWriterFilter@2b44d6d0, org.springframework.security.web.authentication.logout.LogoutFilter@42e4e589, org.springframework.security.oauth2.server.resource.web.BearerTokenAuthenticationFilter@383cb5ce, org.springframework.security.web.authentication.www.BasicAuthenticationFilter@4525e9e8, org.springframework.security.web.savedrequest.RequestCacheAwareFilter@2ce03e86, org.springframework.security.web.servletapi.SecurityContextHolderAwareRequestFilter@1c628f6a, org.springframework.security.web.authentication.AnonymousAuthenticationFilter@678a9516, org.springframework.security.web.session.SessionManagementFilter@21e45a6f, org.springframework.security.web.access.ExceptionTranslationFilter@2d7637e6, org.springframework.security.web.access.intercept.FilterSecurityInterceptor@49edcb30]
2023-03-03 20:10:52,199 INFO org.apache.juli.logging.DirectJDKLog [main] Starting ProtocolHandler ["http-nio-8400"]
2023-03-03 20:10:52,239 INFO org.springframework.boot.web.embedded.tomcat.TomcatWebServer [main] Tomcat started on port(s): 8400 (http) with context path ''
2023-03-03 20:10:52,261 INFO org.springframework.boot.StartupInfoLogger [main] Started ApiWebsmsApplication in 10.278 seconds (JVM running for 11.237)
2023-03-03 20:11:16,345 INFO org.apache.juli.logging.DirectJDKLog [http-nio-8400-exec-2] Initializing Spring DispatcherServlet 'dispatcherServlet'
2023-03-03 20:11:16,347 INFO org.springframework.web.servlet.FrameworkServlet [http-nio-8400-exec-2] Initializing Servlet 'dispatcherServlet'
2023-03-03 20:11:16,349 INFO org.springframework.web.servlet.FrameworkServlet [http-nio-8400-exec-2] Completed initialization in 2 ms
2023-03-03 22:36:41,908 INFO org.springdoc.api.AbstractOpenApiResource [http-nio-8400-exec-3] Init duration for springdoc-openapi is: 1081 ms
